<?xml version="1.0" encoding="UTF-8"?>
<coverage generated="1536582546647" clover="3.2.0">
  <project timestamp="1536582546647" name="All files">
    <metrics statements="1674" coveredstatements="1116" conditionals="616" coveredconditionals="390" methods="393" coveredmethods="248" elements="2683" coveredelements="1754" complexity="0" loc="1674" ncloc="1674" packages="24" files="77" classes="77">
      <package name="app.codeCharta">
        <metrics statements="42" coveredstatements="42" conditionals="7" coveredconditionals="7" methods="15" coveredmethods="15"/>
        <file name="codeCharta.component.html" path="/home/travis/build/MaibornWolff/codecharta/visualization/app/codeCharta/codeCharta.component.html">
          <metrics statements="1" coveredstatements="1" conditionals="0" coveredconditionals="0" methods="0" coveredmethods="0"/>
          <line num="1" count="1" type="stmt"/>
        </file>
        <file name="codeCharta.component.ts" path="/home/travis/build/MaibornWolff/codecharta/visualization/app/codeCharta/codeCharta.component.ts">
          <metrics statements="41" coveredstatements="41" conditionals="7" coveredconditionals="7" methods="15" coveredmethods="15"/>
          <line num="19" count="22" type="stmt"/>
          <line num="26" count="22" type="stmt"/>
          <line num="27" count="22" type="stmt"/>
          <line num="28" count="22" type="stmt"/>
          <line num="29" count="22" type="stmt"/>
          <line num="30" count="22" type="stmt"/>
          <line num="31" count="22" type="stmt"/>
          <line num="32" count="22" type="stmt"/>
          <line num="33" count="22" type="stmt"/>
          <line num="35" count="22" type="stmt"/>
          <line num="36" count="22" type="stmt"/>
          <line num="37" count="22" type="stmt"/>
          <line num="41" count="22" type="stmt"/>
          <line num="45" count="22" type="stmt"/>
          <line num="46" count="1" type="stmt"/>
          <line num="49" count="22" type="stmt"/>
          <line num="50" count="1" type="stmt"/>
          <line num="55" count="1" type="stmt"/>
          <line num="59" count="25" type="stmt"/>
          <line num="60" count="25" type="stmt"/>
          <line num="62" count="24" type="cond" truecount="2" falsecount="0"/>
          <line num="63" count="1" type="stmt"/>
          <line num="65" count="23" type="stmt"/>
          <line num="74" count="38" type="stmt"/>
          <line num="76" count="38" type="stmt"/>
          <line num="77" count="68" type="stmt"/>
          <line num="82" count="38" type="stmt"/>
          <line num="84" count="34" type="cond" truecount="2" falsecount="0"/>
          <line num="85" count="5" type="stmt"/>
          <line num="87" count="29" type="stmt"/>
          <line num="89" count="34" type="stmt"/>
          <line num="90" count="34" type="stmt"/>
          <line num="91" count="34" type="stmt"/>
          <line num="92" count="34" type="stmt"/>
          <line num="95" count="4" type="stmt"/>
          <line num="96" count="4" type="stmt"/>
          <line num="103" count="31" type="cond" truecount="2" falsecount="0"/>
          <line num="104" count="1" type="stmt"/>
          <line num="106" count="31" type="stmt"/>
          <line num="113" count="3" type="stmt"/>
          <line num="118" count="1" type="stmt"/>
        </file>
      </package>
      <package name="app.codeCharta.core.aggregate">
        <metrics statements="32" coveredstatements="26" conditionals="14" coveredconditionals="10" methods="4" coveredmethods="3"/>
        <file name="aggregate.module.ts" path="/home/travis/build/MaibornWolff/codecharta/visualization/app/codeCharta/core/aggregate/aggregate.module.ts">
          <metrics statements="1" coveredstatements="1" conditionals="0" coveredconditionals="0" methods="0" coveredmethods="0"/>
          <line num="7" count="1" type="stmt"/>
        </file>
        <file name="aggregate.service.ts" path="/home/travis/build/MaibornWolff/codecharta/visualization/app/codeCharta/core/aggregate/aggregate.service.ts">
          <metrics statements="31" coveredstatements="25" conditionals="14" coveredconditionals="10" methods="4" coveredmethods="3"/>
          <line num="6" count="1" type="stmt"/>
          <line num="11" count="3" type="cond" truecount="2" falsecount="0"/>
          <line num="13" count="2" type="stmt"/>
          <line num="14" count="2" type="stmt"/>
          <line num="16" count="2" type="stmt"/>
          <line num="17" count="6" type="stmt"/>
          <line num="18" count="6" type="stmt"/>
          <line num="21" count="2" type="stmt"/>
          <line num="34" count="2" type="stmt"/>
          <line num="35" count="6" type="stmt"/>
          <line num="37" count="2" type="stmt"/>
          <line num="42" count="6" type="stmt"/>
          <line num="43" count="6" type="stmt"/>
          <line num="45" count="6" type="stmt"/>
          <line num="47" count="18" type="cond" truecount="2" falsecount="0"/>
          <line num="48" count="6" type="stmt"/>
          <line num="50" count="12" type="cond" truecount="1" falsecount="1"/>
          <line num="51" count="0" type="stmt"/>
          <line num="53" count="12" type="cond" truecount="2" falsecount="0"/>
          <line num="54" count="6" type="stmt"/>
          <line num="58" count="6" type="stmt"/>
          <line num="60" count="6" type="stmt"/>
          <line num="64" count="12" type="stmt"/>
          <line num="65" count="18" type="cond" truecount="1" falsecount="1"/>
          <line num="66" count="0" type="stmt"/>
          <line num="69" count="18" type="cond" truecount="2" falsecount="0"/>
          <line num="70" count="6" type="stmt"/>
          <line num="76" count="0" type="stmt"/>
          <line num="77" count="0" type="cond" truecount="0" falsecount="2"/>
          <line num="78" count="0" type="stmt"/>
          <line num="79" count="0" type="stmt"/>
        </file>
      </package>
      <package name="app.codeCharta.core.data">
        <metrics statements="250" coveredstatements="232" conditionals="123" coveredconditionals="101" methods="69" coveredmethods="64"/>
        <file name="data.decorator.service.ts" path="/home/travis/build/MaibornWolff/codecharta/visualization/app/codeCharta/core/data/data.decorator.service.ts">
          <metrics statements="68" coveredstatements="68" conditionals="53" coveredconditionals="46" methods="21" coveredmethods="21"/>
          <line num="14" count="33" type="stmt"/>
          <line num="15" count="167" type="cond" truecount="5" falsecount="0"/>
          <line num="22" count="33" type="stmt"/>
          <line num="23" count="167" type="cond" truecount="2" falsecount="0"/>
          <line num="24" count="6" type="stmt"/>
          <line num="25" count="6" type="stmt"/>
          <line num="26" count="6" type="stmt"/>
          <line num="27" count="6" type="stmt"/>
          <line num="28" count="6" type="cond" truecount="2" falsecount="0"/>
          <line num="29" count="1" type="stmt"/>
          <line num="31" count="6" type="stmt"/>
          <line num="32" count="6" type="stmt"/>
          <line num="33" count="6" type="stmt"/>
          <line num="34" count="161" type="cond" truecount="5" falsecount="0"/>
          <line num="35" count="61" type="stmt"/>
          <line num="36" count="128" type="stmt"/>
          <line num="41" count="33" type="cond" truecount="3" falsecount="1"/>
          <line num="42" count="33" type="stmt"/>
          <line num="53" count="26" type="cond" truecount="3" falsecount="1"/>
          <line num="55" count="26" type="stmt"/>
          <line num="56" count="26" type="stmt"/>
          <line num="58" count="26" type="stmt"/>
          <line num="59" count="134" type="cond" truecount="2" falsecount="0"/>
          <line num="60" count="1" type="stmt"/>
          <line num="62" count="134" type="stmt"/>
          <line num="70" count="24" type="cond" truecount="3" falsecount="1"/>
          <line num="72" count="24" type="stmt"/>
          <line num="73" count="24" type="stmt"/>
          <line num="74" count="128" type="stmt"/>
          <line num="82" count="35" type="cond" truecount="3" falsecount="1"/>
          <line num="84" count="35" type="stmt"/>
          <line num="85" count="35" type="stmt"/>
          <line num="86" count="199" type="stmt"/>
          <line num="93" count="35" type="cond" truecount="3" falsecount="1"/>
          <line num="94" count="35" type="stmt"/>
          <line num="95" count="35" type="stmt"/>
          <line num="96" count="198" type="stmt"/>
          <line num="97" count="198" type="stmt"/>
          <line num="98" count="198" type="stmt"/>
          <line num="99" count="445" type="stmt"/>
          <line num="101" count="198" type="stmt"/>
          <line num="108" count="29" type="stmt"/>
          <line num="109" count="37" type="cond" truecount="3" falsecount="1"/>
          <line num="111" count="37" type="stmt"/>
          <line num="112" count="37" type="stmt"/>
          <line num="115" count="123" type="stmt"/>
          <line num="118" count="123" type="stmt"/>
          <line num="119" count="543" type="stmt"/>
          <line num="120" count="543" type="cond" truecount="2" falsecount="0"/>
          <line num="121" count="56" type="stmt"/>
          <line num="134" count="27" type="stmt"/>
          <line num="135" count="33" type="cond" truecount="3" falsecount="1"/>
          <line num="137" count="33" type="stmt"/>
          <line num="138" count="33" type="stmt"/>
          <line num="139" count="173" type="stmt"/>
          <line num="149" count="173" type="stmt"/>
          <line num="152" count="173" type="stmt"/>
          <line num="153" count="745" type="stmt"/>
          <line num="154" count="745" type="cond" truecount="5" falsecount="0"/>
          <line num="155" count="47" type="stmt"/>
          <line num="162" count="47" type="stmt"/>
          <line num="165" count="27" type="stmt"/>
          <line num="166" count="27" type="stmt"/>
          <line num="167" count="27" type="stmt"/>
          <line num="168" count="69" type="stmt"/>
          <line num="170" count="27" type="stmt"/>
          <line num="176" count="296" type="cond" truecount="2" falsecount="0"/>
          <line num="177" count="2" type="stmt"/>
        </file>
        <file name="data.deltaCalculator.service.ts" path="/home/travis/build/MaibornWolff/codecharta/visualization/app/codeCharta/core/data/data.deltaCalculator.service.ts">
          <metrics statements="72" coveredstatements="63" conditionals="28" coveredconditionals="22" methods="14" coveredmethods="14"/>
          <line num="19" count="67" type="stmt"/>
          <line num="24" count="6" type="stmt"/>
          <line num="25" count="26" type="cond" truecount="2" falsecount="0"/>
          <line num="27" count="9" type="stmt"/>
          <line num="28" count="9" type="stmt"/>
          <line num="29" count="9" type="stmt"/>
          <line num="36" count="9" type="stmt"/>
          <line num="38" count="9" type="stmt"/>
          <line num="39" count="9" type="stmt"/>
          <line num="40" count="9" type="stmt"/>
          <line num="43" count="9" type="stmt"/>
          <line num="45" count="7" type="stmt"/>
          <line num="47" count="7" type="cond" truecount="1" falsecount="1"/>
          <line num="49" count="7" type="cond" truecount="2" falsecount="0"/>
          <line num="50" count="14" type="stmt"/>
          <line num="51" count="14" type="cond" truecount="2" falsecount="0"/>
          <line num="53" count="7" type="stmt"/>
          <line num="54" count="7" type="stmt"/>
          <line num="55" count="7" type="stmt"/>
          <line num="56" count="7" type="stmt"/>
          <line num="61" count="0" type="stmt"/>
          <line num="64" count="7" type="cond" truecount="1" falsecount="1"/>
          <line num="66" count="0" type="stmt"/>
          <line num="68" count="0" type="stmt"/>
          <line num="77" count="0" type="stmt"/>
          <line num="78" count="0" type="stmt"/>
          <line num="80" count="0" type="stmt"/>
          <line num="81" count="0" type="stmt"/>
          <line num="84" count="0" type="stmt"/>
          <line num="90" count="9" type="cond" truecount="1" falsecount="1"/>
          <line num="91" count="0" type="stmt"/>
          <line num="93" count="9" type="stmt"/>
          <line num="100" count="5" type="cond" truecount="6" falsecount="0"/>
          <line num="101" count="2" type="stmt"/>
          <line num="105" count="3" type="stmt"/>
          <line num="106" count="3" type="stmt"/>
          <line num="109" count="3" type="stmt"/>
          <line num="110" count="3" type="stmt"/>
          <line num="111" count="9" type="stmt"/>
          <line num="114" count="3" type="stmt"/>
          <line num="115" count="3" type="stmt"/>
          <line num="116" count="16" type="stmt"/>
          <line num="120" count="3" type="stmt"/>
          <line num="121" count="3" type="stmt"/>
          <line num="124" count="3" type="stmt"/>
          <line num="125" count="17" type="stmt"/>
          <line num="126" count="17" type="stmt"/>
          <line num="127" count="17" type="stmt"/>
          <line num="134" count="7" type="stmt"/>
          <line num="135" count="7" type="stmt"/>
          <line num="136" count="47" type="cond" truecount="2" falsecount="0"/>
          <line num="137" count="40" type="stmt"/>
          <line num="146" count="9" type="stmt"/>
          <line num="147" count="9" type="stmt"/>
          <line num="150" count="9" type="stmt"/>
          <line num="151" count="23" type="cond" truecount="1" falsecount="1"/>
          <line num="152" count="23" type="stmt"/>
          <line num="156" count="9" type="stmt"/>
          <line num="159" count="9" type="stmt"/>
          <line num="160" count="9" type="stmt"/>
          <line num="161" count="32" type="cond" truecount="1" falsecount="1"/>
          <line num="162" count="32" type="stmt"/>
          <line num="165" count="9" type="stmt"/>
          <line num="168" count="9" type="stmt"/>
          <line num="173" count="38" type="stmt"/>
          <line num="174" count="38" type="stmt"/>
          <line num="175" count="114" type="cond" truecount="1" falsecount="1"/>
          <line num="176" count="114" type="cond" truecount="2" falsecount="0"/>
          <line num="177" count="114" type="stmt"/>
          <line num="178" count="114" type="stmt"/>
          <line num="179" count="114" type="stmt"/>
          <line num="182" count="38" type="stmt"/>
        </file>
        <file name="data.loading.service.ts" path="/home/travis/build/MaibornWolff/codecharta/visualization/app/codeCharta/core/data/data.loading.service.ts">
          <metrics statements="7" coveredstatements="7" conditionals="3" coveredconditionals="3" methods="5" coveredmethods="5"/>
          <line num="12" count="6" type="stmt"/>
          <line num="25" count="6" type="stmt"/>
          <line num="27" count="6" type="stmt"/>
          <line num="30" count="3" type="stmt"/>
          <line num="36" count="3" type="stmt"/>
          <line num="38" count="3" type="stmt"/>
          <line num="41" count="3" type="stmt"/>
        </file>
        <file name="data.mocks.ts" path="/home/travis/build/MaibornWolff/codecharta/visualization/app/codeCharta/core/data/data.mocks.ts">
          <metrics statements="5" coveredstatements="5" conditionals="0" coveredconditionals="0" methods="0" coveredmethods="0"/>
          <line num="3" count="5" type="stmt"/>
          <line num="29" count="5" type="stmt"/>
          <line num="34" count="5" type="stmt"/>
          <line num="41" count="5" type="stmt"/>
          <line num="71" count="5" type="stmt"/>
        </file>
        <file name="data.module.ts" path="/home/travis/build/MaibornWolff/codecharta/visualization/app/codeCharta/core/data/data.module.ts">
          <metrics statements="6" coveredstatements="6" conditionals="0" coveredconditionals="0" methods="0" coveredmethods="0"/>
          <line num="11" count="11" type="stmt"/>
          <line num="13" count="11" type="stmt"/>
          <line num="17" count="11" type="stmt"/>
          <line num="22" count="11" type="stmt"/>
          <line num="26" count="11" type="stmt"/>
          <line num="30" count="11" type="stmt"/>
        </file>
        <file name="data.service.ts" path="/home/travis/build/MaibornWolff/codecharta/visualization/app/codeCharta/core/data/data.service.ts">
          <metrics statements="72" coveredstatements="63" conditionals="27" coveredconditionals="18" methods="25" coveredmethods="20"/>
          <line num="29" count="60" type="stmt"/>
          <line num="30" count="60" type="stmt"/>
          <line num="31" count="60" type="stmt"/>
          <line num="34" count="60" type="stmt"/>
          <line num="35" count="60" type="stmt"/>
          <line num="36" count="60" type="stmt"/>
          <line num="38" count="60" type="stmt"/>
          <line num="47" count="24" type="stmt"/>
          <line num="48" count="24" type="stmt"/>
          <line num="49" count="24" type="stmt"/>
          <line num="50" count="24" type="stmt"/>
          <line num="51" count="24" type="stmt"/>
          <line num="52" count="24" type="stmt"/>
          <line num="53" count="24" type="stmt"/>
          <line num="54" count="24" type="stmt"/>
          <line num="55" count="24" type="stmt"/>
          <line num="59" count="28" type="cond" truecount="2" falsecount="0"/>
          <line num="60" count="27" type="stmt"/>
          <line num="61" count="27" type="stmt"/>
          <line num="62" count="27" type="stmt"/>
          <line num="63" count="27" type="stmt"/>
          <line num="64" count="27" type="stmt"/>
          <line num="69" count="5" type="cond" truecount="2" falsecount="0"/>
          <line num="70" count="3" type="stmt"/>
          <line num="71" count="3" type="stmt"/>
          <line num="72" count="3" type="stmt"/>
          <line num="73" count="3" type="stmt"/>
          <line num="78" count="32" type="cond" truecount="5" falsecount="0"/>
          <line num="79" count="2" type="stmt"/>
          <line num="84" count="2" type="cond" truecount="2" falsecount="0"/>
          <line num="85" count="1" type="stmt"/>
          <line num="86" count="1" type="stmt"/>
          <line num="91" count="2" type="cond" truecount="2" falsecount="0"/>
          <line num="92" count="1" type="stmt"/>
          <line num="93" count="1" type="stmt"/>
          <line num="99" count="98" type="stmt"/>
          <line num="103" count="31" type="stmt"/>
          <line num="104" count="4" type="stmt"/>
          <line num="109" count="22" type="stmt"/>
          <line num="115" count="0" type="stmt"/>
          <line num="119" count="0" type="stmt"/>
          <line num="123" count="0" type="stmt"/>
          <line num="127" count="0" type="stmt"/>
          <line num="132" count="0" type="cond" truecount="0" falsecount="4"/>
          <line num="133" count="0" type="stmt"/>
          <line num="134" count="0" type="cond" truecount="0" falsecount="4"/>
          <line num="135" count="0" type="stmt"/>
          <line num="139" count="0" type="stmt"/>
          <line num="144" count="27" type="cond" truecount="2" falsecount="0"/>
          <line num="145" count="1" type="stmt"/>
          <line num="146" count="1" type="stmt"/>
          <line num="149" count="26" type="stmt"/>
          <line num="151" count="26" type="stmt"/>
          <line num="152" count="32" type="stmt"/>
          <line num="155" count="26" type="stmt"/>
          <line num="156" count="104" type="cond" truecount="1" falsecount="1"/>
          <line num="159" count="26" type="stmt"/>
          <line num="160" count="78" type="stmt"/>
          <line num="161" count="341" type="stmt"/>
          <line num="165" count="26" type="stmt"/>
          <line num="173" count="2" type="stmt"/>
          <line num="174" count="2" type="stmt"/>
          <line num="175" count="2" type="stmt"/>
          <line num="176" count="2" type="stmt"/>
          <line num="177" count="2" type="stmt"/>
          <line num="181" count="2" type="stmt"/>
          <line num="183" count="2" type="stmt"/>
          <line num="184" count="4" type="stmt"/>
          <line num="185" count="4" type="stmt"/>
          <line num="186" count="16" type="cond" truecount="2" falsecount="0"/>
          <line num="187" count="4" type="stmt"/>
          <line num="192" count="2" type="stmt"/>
        </file>
        <file name="data.validator.service.ts" path="/home/travis/build/MaibornWolff/codecharta/visualization/app/codeCharta/core/data/data.validator.service.ts">
          <metrics statements="20" coveredstatements="20" conditionals="12" coveredconditionals="12" methods="4" coveredmethods="4"/>
          <line num="25" count="45" type="cond" truecount="4" falsecount="0"/>
          <line num="27" count="17" type="stmt"/>
          <line num="29" count="17" type="stmt"/>
          <line num="30" count="34" type="stmt"/>
          <line num="33" count="17" type="cond" truecount="2" falsecount="0"/>
          <line num="34" count="1" type="stmt"/>
          <line num="36" count="16" type="stmt"/>
          <line num="37" count="16" type="stmt"/>
          <line num="38" count="32" type="cond" truecount="2" falsecount="0"/>
          <line num="40" count="16" type="stmt"/>
          <line num="45" count="27" type="stmt"/>
          <line num="57" count="17" type="stmt"/>
          <line num="59" count="17" type="stmt"/>
          <line num="60" count="17" type="stmt"/>
          <line num="61" count="17" type="stmt"/>
          <line num="64" count="17" type="cond" truecount="2" falsecount="0"/>
          <line num="65" count="1" type="stmt"/>
          <line num="71" count="12" type="cond" truecount="2" falsecount="0"/>
          <line num="72" count="7" type="stmt"/>
          <line num="74" count="5" type="stmt"/>
        </file>
      </package>
      <package name="app.codeCharta.core.scenario">
        <metrics statements="23" coveredstatements="20" conditionals="11" coveredconditionals="10" methods="12" coveredmethods="11"/>
        <file name="scenario.data.ts" path="/home/travis/build/MaibornWolff/codecharta/visualization/app/codeCharta/core/scenario/scenario.data.ts">
          <metrics statements="1" coveredstatements="1" conditionals="0" coveredconditionals="0" methods="1" coveredmethods="1"/>
          <line num="7" count="9" type="stmt"/>
        </file>
        <file name="scenario.module.ts" path="/home/travis/build/MaibornWolff/codecharta/visualization/app/codeCharta/core/scenario/scenario.module.ts">
          <metrics statements="2" coveredstatements="2" conditionals="0" coveredconditionals="0" methods="0" coveredmethods="0"/>
          <line num="10" count="1" type="stmt"/>
          <line num="15" count="1" type="stmt"/>
        </file>
        <file name="scenario.service.ts" path="/home/travis/build/MaibornWolff/codecharta/visualization/app/codeCharta/core/scenario/scenario.service.ts">
          <metrics statements="20" coveredstatements="17" conditionals="11" coveredconditionals="10" methods="11" coveredmethods="10"/>
          <line num="18" count="18" type="stmt"/>
          <line num="21" count="18" type="stmt"/>
          <line num="22" count="18" type="stmt"/>
          <line num="23" count="18" type="stmt"/>
          <line num="24" count="18" type="stmt"/>
          <line num="35" count="6" type="cond" truecount="2" falsecount="0"/>
          <line num="36" count="3" type="stmt"/>
          <line num="37" count="3" type="stmt"/>
          <line num="46" count="1" type="stmt"/>
          <line num="47" count="1" type="cond" truecount="1" falsecount="1"/>
          <line num="48" count="0" type="stmt"/>
          <line num="49" count="0" type="stmt"/>
          <line num="50" count="0" type="stmt"/>
          <line num="60" count="8" type="stmt"/>
          <line num="64" count="11" type="cond" truecount="4" falsecount="0"/>
          <line num="65" count="1" type="stmt"/>
          <line num="67" count="40" type="cond" truecount="3" falsecount="0"/>
          <line num="68" count="34" type="stmt"/>
          <line num="69" count="34" type="stmt"/>
          <line num="77" count="1" type="stmt"/>
        </file>
      </package>
      <package name="app.codeCharta.core.settings">
        <metrics statements="133" coveredstatements="112" conditionals="82" coveredconditionals="65" methods="23" coveredmethods="18"/>
        <file name="settings.module.ts" path="/home/travis/build/MaibornWolff/codecharta/visualization/app/codeCharta/core/settings/settings.module.ts">
          <metrics statements="1" coveredstatements="1" conditionals="0" coveredconditionals="0" methods="0" coveredmethods="0"/>
          <line num="10" count="6" type="stmt"/>
        </file>
        <file name="settings.service.ts" path="/home/travis/build/MaibornWolff/codecharta/visualization/app/codeCharta/core/settings/settings.service.ts">
          <metrics statements="132" coveredstatements="111" conditionals="82" coveredconditionals="65" methods="23" coveredmethods="18"/>
          <line num="50" count="10" type="stmt"/>
          <line num="51" count="10" type="stmt"/>
          <line num="52" count="10" type="stmt"/>
          <line num="58" count="30" type="stmt"/>
          <line num="61" count="30" type="stmt"/>
          <line num="62" count="30" type="stmt"/>
          <line num="64" count="30" type="stmt"/>
          <line num="66" count="30" type="stmt"/>
          <line num="67" count="30" type="stmt"/>
          <line num="68" count="30" type="stmt"/>
          <line num="73" count="0" type="stmt"/>
          <line num="74" count="0" type="stmt"/>
          <line num="80" count="30" type="stmt"/>
          <line num="86" count="30" type="stmt"/>
          <line num="90" count="30" type="stmt"/>
          <line num="94" count="30" type="stmt"/>
          <line num="96" count="30" type="stmt"/>
          <line num="116" count="30" type="stmt"/>
          <line num="121" count="0" type="stmt"/>
          <line num="125" count="0" type="stmt"/>
          <line num="136" count="3" type="cond" truecount="4" falsecount="1"/>
          <line num="137" count="3" type="stmt"/>
          <line num="139" count="3" type="cond" truecount="2" falsecount="0"/>
          <line num="141" count="2" type="stmt"/>
          <line num="144" count="3" type="cond" truecount="1" falsecount="1"/>
          <line num="146" count="3" type="stmt"/>
          <line num="149" count="3" type="cond" truecount="1" falsecount="1"/>
          <line num="151" count="3" type="stmt"/>
          <line num="154" count="3" type="stmt"/>
          <line num="160" count="1" type="cond" truecount="1" falsecount="1"/>
          <line num="165" count="1" type="stmt"/>
          <line num="166" count="1" type="stmt"/>
          <line num="167" count="1" type="stmt"/>
          <line num="180" count="3" type="stmt"/>
          <line num="182" count="3" type="cond" truecount="2" falsecount="2"/>
          <line num="183" count="0" type="stmt"/>
          <line num="184" count="0" type="stmt"/>
          <line num="185" count="3" type="cond" truecount="3" falsecount="1"/>
          <line num="186" count="0" type="stmt"/>
          <line num="187" count="0" type="stmt"/>
          <line num="190" count="3" type="stmt"/>
          <line num="199" count="2" type="stmt"/>
          <line num="201" count="2" type="stmt"/>
          <line num="202" count="50" type="stmt"/>
          <line num="203" count="52" type="cond" truecount="5" falsecount="0"/>
          <line num="205" count="50" type="cond" truecount="4" falsecount="0"/>
          <line num="208" count="48" type="stmt"/>
          <line num="211" count="50" type="stmt"/>
          <line num="213" count="50" type="cond" truecount="2" falsecount="0"/>
          <line num="215" count="3" type="cond" truecount="1" falsecount="1"/>
          <line num="216" count="0" type="stmt"/>
          <line num="217" count="3" type="cond" truecount="1" falsecount="1"/>
          <line num="218" count="0" type="stmt"/>
          <line num="219" count="3" type="cond" truecount="3" falsecount="1"/>
          <line num="221" count="3" type="stmt"/>
          <line num="223" count="3" type="cond" truecount="2" falsecount="0"/>
          <line num="224" count="1" type="stmt"/>
          <line num="227" count="3" type="stmt"/>
          <line num="229" count="0" type="stmt"/>
          <line num="239" count="2" type="stmt"/>
          <line num="242" count="2" type="stmt"/>
          <line num="260" count="12" type="cond" truecount="4" falsecount="0"/>
          <line num="261" count="5" type="stmt"/>
          <line num="263" count="5" type="stmt"/>
          <line num="264" count="5" type="stmt"/>
          <line num="265" count="5" type="stmt"/>
          <line num="266" count="5" type="stmt"/>
          <line num="267" count="15" type="stmt"/>
          <line num="268" count="15" type="cond" truecount="4" falsecount="0"/>
          <line num="269" count="12" type="stmt"/>
          <line num="273" count="5" type="stmt"/>
          <line num="276" count="5" type="stmt"/>
          <line num="280" count="7" type="cond" truecount="1" falsecount="1"/>
          <line num="283" count="12" type="stmt"/>
          <line num="291" count="3" type="stmt"/>
          <line num="293" count="3" type="stmt"/>
          <line num="294" count="69" type="stmt"/>
          <line num="295" count="78" type="cond" truecount="5" falsecount="0"/>
          <line num="297" count="75" type="cond" truecount="4" falsecount="0"/>
          <line num="300" count="66" type="stmt"/>
          <line num="303" count="75" type="cond" truecount="4" falsecount="0"/>
          <line num="306" count="66" type="stmt"/>
          <line num="315" count="3" type="stmt"/>
          <line num="317" count="3" type="stmt"/>
          <line num="330" count="1" type="cond" truecount="1" falsecount="1"/>
          <line num="331" count="1" type="stmt"/>
          <line num="335" count="0" type="stmt"/>
          <line num="336" count="0" type="cond" truecount="0" falsecount="2"/>
          <line num="337" count="0" type="stmt"/>
          <line num="338" count="0" type="stmt"/>
          <line num="341" count="0" type="stmt"/>
          <line num="342" count="0" type="stmt"/>
          <line num="344" count="0" type="stmt"/>
          <line num="345" count="0" type="cond" truecount="0" falsecount="2"/>
          <line num="346" count="0" type="stmt"/>
          <line num="347" count="0" type="stmt"/>
          <line num="360" count="1" type="stmt"/>
          <line num="361" count="1" type="stmt"/>
          <line num="362" count="1" type="stmt"/>
          <line num="364" count="1" type="stmt"/>
          <line num="365" count="1" type="stmt"/>
          <line num="366" count="1" type="stmt"/>
          <line num="368" count="1" type="stmt"/>
          <line num="369" count="1" type="stmt"/>
          <line num="370" count="1" type="stmt"/>
          <line num="372" count="1" type="stmt"/>
          <line num="373" count="1" type="stmt"/>
          <line num="374" count="1" type="stmt"/>
          <line num="376" count="1" type="stmt"/>
          <line num="377" count="1" type="stmt"/>
          <line num="378" count="1" type="stmt"/>
          <line num="379" count="1" type="stmt"/>
          <line num="380" count="1" type="stmt"/>
          <line num="381" count="1" type="stmt"/>
          <line num="382" count="1" type="stmt"/>
          <line num="383" count="1" type="stmt"/>
          <line num="384" count="1" type="stmt"/>
          <line num="387" count="1" type="cond" truecount="2" falsecount="0"/>
          <line num="389" count="1" type="stmt"/>
          <line num="395" count="58" type="stmt"/>
          <line num="405" count="107" type="stmt"/>
          <line num="413" count="2" type="stmt"/>
          <line num="414" count="2" type="stmt"/>
          <line num="415" count="2" type="stmt"/>
          <line num="416" count="2" type="stmt"/>
          <line num="417" count="2" type="stmt"/>
          <line num="418" count="2" type="stmt"/>
          <line num="428" count="8" type="stmt"/>
          <line num="429" count="8" type="stmt"/>
          <line num="430" count="18" type="cond" truecount="2" falsecount="0"/>
          <line num="431" count="2" type="stmt"/>
          <line num="435" count="8" type="stmt"/>
        </file>
      </package>
      <package name="app.codeCharta.core.statistic">
        <metrics statements="122" coveredstatements="118" conditionals="94" coveredconditionals="87" methods="14" coveredmethods="14"/>
        <file name="statistic.module.ts" path="/home/travis/build/MaibornWolff/codecharta/visualization/app/codeCharta/core/statistic/statistic.module.ts">
          <metrics statements="1" coveredstatements="1" conditionals="0" coveredconditionals="0" methods="0" coveredmethods="0"/>
          <line num="7" count="7" type="stmt"/>
        </file>
        <file name="statistic.service.ts" path="/home/travis/build/MaibornWolff/codecharta/visualization/app/codeCharta/core/statistic/statistic.service.ts">
          <metrics statements="121" coveredstatements="117" conditionals="94" coveredconditionals="87" methods="14" coveredmethods="14"/>
          <line num="8" count="13" type="cond" truecount="2" falsecount="0"/>
          <line num="9" count="13" type="stmt"/>
          <line num="10" count="13" type="stmt"/>
          <line num="11" count="13" type="stmt"/>
          <line num="12" count="13" type="stmt"/>
          <line num="13" count="13" type="stmt"/>
          <line num="14" count="13" type="stmt"/>
          <line num="20" count="13" type="stmt"/>
          <line num="22" count="8" type="stmt"/>
          <line num="35" count="15" type="cond" truecount="1" falsecount="1"/>
          <line num="36" count="15" type="cond" truecount="1" falsecount="1"/>
          <line num="37" count="0" type="stmt"/>
          <line num="39" count="15" type="stmt"/>
          <line num="40" count="15" type="cond" truecount="2" falsecount="0"/>
          <line num="41" count="5" type="stmt"/>
          <line num="44" count="10" type="stmt"/>
          <line num="45" count="10" type="stmt"/>
          <line num="47" count="10" type="stmt"/>
          <line num="48" count="10" type="stmt"/>
          <line num="51" count="30" type="stmt"/>
          <line num="53" count="30" type="cond" truecount="4" falsecount="0"/>
          <line num="54" count="10" type="stmt"/>
          <line num="57" count="30" type="stmt"/>
          <line num="59" count="10" type="stmt"/>
          <line num="61" count="30" type="stmt"/>
          <line num="63" count="10" type="stmt"/>
          <line num="64" count="10" type="stmt"/>
          <line num="65" count="10" type="stmt"/>
          <line num="66" count="10" type="stmt"/>
          <line num="75" count="120" type="stmt"/>
          <line num="76" count="120" type="stmt"/>
          <line num="77" count="330" type="cond" truecount="6" falsecount="0"/>
          <line num="78" count="150" type="stmt"/>
          <line num="80" count="180" type="cond" truecount="4" falsecount="0"/>
          <line num="81" count="10" type="stmt"/>
          <line num="84" count="120" type="cond" truecount="3" falsecount="1"/>
          <line num="85" count="120" type="stmt"/>
          <line num="86" count="180" type="stmt"/>
          <line num="89" count="120" type="cond" truecount="4" falsecount="0"/>
          <line num="90" count="60" type="cond" truecount="2" falsecount="0"/>
          <line num="91" count="10" type="stmt"/>
          <line num="93" count="60" type="stmt"/>
          <line num="95" count="90" type="stmt"/>
          <line num="96" count="110" type="stmt"/>
          <line num="98" count="110" type="cond" truecount="2" falsecount="0"/>
          <line num="100" count="75" type="stmt"/>
          <line num="101" count="75" type="stmt"/>
          <line num="102" count="75" type="stmt"/>
          <line num="106" count="90" type="cond" truecount="2" falsecount="0"/>
          <line num="107" count="15" type="stmt"/>
          <line num="109" count="15" type="stmt"/>
          <line num="114" count="120" type="stmt"/>
          <line num="125" count="120" type="cond" truecount="6" falsecount="0"/>
          <line num="127" count="60" type="stmt"/>
          <line num="128" count="180" type="stmt"/>
          <line num="133" count="60" type="stmt"/>
          <line num="134" count="90" type="stmt"/>
          <line num="135" count="160" type="cond" truecount="2" falsecount="0"/>
          <line num="136" count="90" type="stmt"/>
          <line num="141" count="120" type="stmt"/>
          <line num="149" count="55" type="cond" truecount="2" falsecount="0"/>
          <line num="150" count="10" type="stmt"/>
          <line num="152" count="45" type="cond" truecount="4" falsecount="0"/>
          <line num="153" count="20" type="stmt"/>
          <line num="154" count="35" type="stmt"/>
          <line num="157" count="25" type="cond" truecount="3" falsecount="1"/>
          <line num="158" count="25" type="stmt"/>
          <line num="160" count="55" type="stmt"/>
          <line num="170" count="55" type="cond" truecount="4" falsecount="0"/>
          <line num="171" count="25" type="stmt"/>
          <line num="172" count="75" type="stmt"/>
          <line num="175" count="30" type="cond" truecount="4" falsecount="0"/>
          <line num="177" count="20" type="stmt"/>
          <line num="178" count="35" type="stmt"/>
          <line num="181" count="10" type="cond" truecount="1" falsecount="1"/>
          <line num="182" count="10" type="stmt"/>
          <line num="184" count="55" type="stmt"/>
          <line num="194" count="75" type="stmt"/>
          <line num="196" count="15" type="stmt"/>
          <line num="198" count="15" type="stmt"/>
          <line num="200" count="15" type="stmt"/>
          <line num="202" count="15" type="stmt"/>
          <line num="204" count="15" type="stmt"/>
          <line num="206" count="0" type="stmt"/>
          <line num="208" count="0" type="stmt"/>
          <line num="216" count="15" type="stmt"/>
          <line num="217" count="15" type="stmt"/>
          <line num="218" count="42" type="cond" truecount="2" falsecount="0"/>
          <line num="219" count="36" type="stmt"/>
          <line num="222" count="15" type="stmt"/>
          <line num="223" count="15" type="stmt"/>
          <line num="231" count="15" type="stmt"/>
          <line num="232" count="42" type="cond" truecount="2" falsecount="0"/>
          <line num="233" count="36" type="cond" truecount="4" falsecount="0"/>
          <line num="234" count="18" type="stmt"/>
          <line num="238" count="15" type="stmt"/>
          <line num="246" count="15" type="stmt"/>
          <line num="247" count="42" type="cond" truecount="2" falsecount="0"/>
          <line num="248" count="36" type="cond" truecount="4" falsecount="0"/>
          <line num="249" count="15" type="stmt"/>
          <line num="253" count="15" type="stmt"/>
          <line num="260" count="15" type="stmt"/>
          <line num="261" count="15" type="stmt"/>
          <line num="263" count="15" type="stmt"/>
          <line num="264" count="42" type="cond" truecount="2" falsecount="0"/>
          <line num="265" count="36" type="cond" truecount="2" falsecount="0"/>
          <line num="266" count="18" type="stmt"/>
          <line num="269" count="18" type="stmt"/>
          <line num="273" count="15" type="stmt"/>
          <line num="274" count="18" type="cond" truecount="2" falsecount="0"/>
          <line num="275" count="15" type="stmt"/>
          <line num="276" count="15" type="stmt"/>
          <line num="279" count="15" type="stmt"/>
          <line num="286" count="42" type="stmt"/>
          <line num="288" count="15" type="stmt"/>
          <line num="289" count="15" type="cond" truecount="2" falsecount="0"/>
          <line num="290" count="9" type="stmt"/>
          <line num="292" count="6" type="cond" truecount="1" falsecount="1"/>
          <line num="293" count="0" type="stmt"/>
          <line num="296" count="6" type="stmt"/>
          <line num="298" count="15" type="stmt"/>
        </file>
      </package>
      <package name="app.codeCharta.core.tooltip">
        <metrics statements="19" coveredstatements="19" conditionals="2" coveredconditionals="2" methods="7" coveredmethods="7"/>
        <file name="tooltip.module.ts" path="/home/travis/build/MaibornWolff/codecharta/visualization/app/codeCharta/core/tooltip/tooltip.module.ts">
          <metrics statements="1" coveredstatements="1" conditionals="0" coveredconditionals="0" methods="0" coveredmethods="0"/>
          <line num="7" count="1" type="stmt"/>
        </file>
        <file name="tooltip.service.ts" path="/home/travis/build/MaibornWolff/codecharta/visualization/app/codeCharta/core/tooltip/tooltip.service.ts">
          <metrics statements="18" coveredstatements="18" conditionals="2" coveredconditionals="2" methods="7" coveredmethods="7"/>
          <line num="3" count="1" type="stmt"/>
          <line num="4" count="1" type="stmt"/>
          <line num="19" count="1" type="stmt"/>
          <line num="24" count="9" type="stmt"/>
          <line num="25" count="9" type="stmt"/>
          <line num="29" count="1" type="stmt"/>
          <line num="30" count="1" type="stmt"/>
          <line num="35" count="1" type="stmt"/>
          <line num="39" count="16" type="stmt"/>
          <line num="40" count="16" type="stmt"/>
          <line num="56" count="14" type="stmt"/>
          <line num="58" count="14" type="cond" truecount="2" falsecount="0"/>
          <line num="60" count="10" type="stmt"/>
          <line num="66" count="10" type="stmt"/>
          <line num="67" count="5" type="stmt"/>
          <line num="69" count="10" type="stmt"/>
          <line num="72" count="4" type="stmt"/>
          <line num="84" count="5" type="stmt"/>
        </file>
      </package>
      <package name="app.codeCharta.core.treemap">
        <metrics statements="40" coveredstatements="40" conditionals="37" coveredconditionals="36" methods="10" coveredmethods="10"/>
        <file name="treemap.service.ts" path="/home/travis/build/MaibornWolff/codecharta/visualization/app/codeCharta/core/treemap/treemap.service.ts">
          <metrics statements="31" coveredstatements="31" conditionals="23" coveredconditionals="22" methods="7" coveredmethods="7"/>
          <line num="35" count="1" type="stmt"/>
          <line num="36" count="1" type="stmt"/>
          <line num="37" count="1" type="stmt"/>
          <line num="38" count="1" type="stmt"/>
          <line num="39" count="1" type="stmt"/>
          <line num="42" count="7" type="stmt"/>
          <line num="45" count="6" type="stmt"/>
          <line num="46" count="6" type="stmt"/>
          <line num="47" count="6" type="stmt"/>
          <line num="51" count="6" type="stmt"/>
          <line num="52" count="6" type="stmt"/>
          <line num="53" count="6" type="stmt"/>
          <line num="58" count="14" type="stmt"/>
          <line num="62" count="6" type="stmt"/>
          <line num="63" count="6" type="stmt"/>
          <line num="64" count="6" type="stmt"/>
          <line num="69" count="14" type="cond" truecount="1" falsecount="1"/>
          <line num="70" count="14" type="stmt"/>
          <line num="72" count="14" type="cond" truecount="4" falsecount="0"/>
          <line num="73" count="5" type="stmt"/>
          <line num="76" count="14" type="stmt"/>
          <line num="78" count="14" type="cond" truecount="4" falsecount="0"/>
          <line num="79" count="4" type="stmt"/>
          <line num="80" count="4" type="stmt"/>
          <line num="81" count="8" type="stmt"/>
          <line num="83" count="4" type="stmt"/>
          <line num="85" count="14" type="stmt"/>
          <line num="90" count="14" type="stmt"/>
          <line num="91" count="14" type="cond" truecount="5" falsecount="0"/>
          <line num="92" count="10" type="cond" truecount="2" falsecount="0"/>
          <line num="94" count="14" type="stmt"/>
        </file>
        <file name="treemap.util.ts" path="/home/travis/build/MaibornWolff/codecharta/visualization/app/codeCharta/core/treemap/treemap.util.ts">
          <metrics statements="9" coveredstatements="9" conditionals="14" coveredconditionals="14" methods="3" coveredmethods="3"/>
          <line num="7" count="9" type="stmt"/>
          <line num="8" count="9" type="cond" truecount="4" falsecount="0"/>
          <line num="9" count="4" type="stmt"/>
          <line num="10" count="5" type="stmt"/>
          <line num="13" count="9" type="stmt"/>
          <line num="17" count="43" type="cond" truecount="2" falsecount="0"/>
          <line num="31" count="18" type="cond" truecount="2" falsecount="0"/>
          <line num="32" count="3" type="stmt"/>
          <line num="35" count="18" type="stmt"/>
        </file>
      </package>
      <package name="app.codeCharta.core.url">
        <metrics statements="36" coveredstatements="31" conditionals="16" coveredconditionals="12" methods="11" coveredmethods="10"/>
        <file name="url.mocks.ts" path="/home/travis/build/MaibornWolff/codecharta/visualization/app/codeCharta/core/url/url.mocks.ts">
          <metrics statements="1" coveredstatements="1" conditionals="0" coveredconditionals="0" methods="0" coveredmethods="0"/>
          <line num="3" count="1" type="stmt"/>
        </file>
        <file name="url.module.ts" path="/home/travis/build/MaibornWolff/codecharta/visualization/app/codeCharta/core/url/url.module.ts">
          <metrics statements="1" coveredstatements="1" conditionals="0" coveredconditionals="0" methods="0" coveredmethods="0"/>
          <line num="7" count="7" type="stmt"/>
        </file>
        <file name="url.service.ts" path="/home/travis/build/MaibornWolff/codecharta/visualization/app/codeCharta/core/url/url.service.ts">
          <metrics statements="34" coveredstatements="29" conditionals="16" coveredconditionals="12" methods="11" coveredmethods="10"/>
          <line num="15" count="8" type="stmt"/>
          <line num="17" count="8" type="stmt"/>
          <line num="20" count="35" type="stmt"/>
          <line num="29" count="50" type="stmt"/>
          <line num="39" count="60" type="cond" truecount="2" falsecount="0"/>
          <line num="40" count="55" type="stmt"/>
          <line num="42" count="60" type="stmt"/>
          <line num="43" count="60" type="stmt"/>
          <line num="44" count="60" type="stmt"/>
          <line num="45" count="60" type="cond" truecount="2" falsecount="0"/>
          <line num="46" count="51" type="stmt"/>
          <line num="48" count="9" type="cond" truecount="1" falsecount="1"/>
          <line num="49" count="0" type="stmt"/>
          <line num="51" count="9" type="stmt"/>
          <line num="59" count="56" type="stmt"/>
          <line num="68" count="3" type="stmt"/>
          <line num="70" count="3" type="cond" truecount="1" falsecount="1"/>
          <line num="71" count="0" type="stmt"/>
          <line num="74" count="3" type="cond" truecount="2" falsecount="0"/>
          <line num="75" count="2" type="stmt"/>
          <line num="78" count="3" type="stmt"/>
          <line num="80" count="3" type="stmt"/>
          <line num="81" count="4" type="stmt"/>
          <line num="82" count="4" type="stmt"/>
          <line num="86" count="3" type="stmt"/>
          <line num="96" count="4" type="stmt"/>
          <line num="98" count="4" type="cond" truecount="3" falsecount="1"/>
          <line num="99" count="4" type="stmt"/>
          <line num="101" count="4" type="cond" truecount="1" falsecount="1"/>
          <line num="102" count="4" type="stmt"/>
          <line num="103" count="4" type="stmt"/>
          <line num="105" count="0" type="stmt"/>
          <line num="108" count="0" type="stmt"/>
          <line num="112" count="0" type="stmt"/>
        </file>
      </package>
      <package name="app.codeCharta.ui.codeMap">
        <metrics statements="173" coveredstatements="68" conditionals="86" coveredconditionals="14" methods="46" coveredmethods="20"/>
        <file name="codeMap.actions.service.ts" path="/home/travis/build/MaibornWolff/codecharta/visualization/app/codeCharta/ui/codeMap/codeMap.actions.service.ts">
          <metrics statements="41" coveredstatements="39" conditionals="12" coveredconditionals="12" methods="16" coveredmethods="14"/>
          <line num="8" count="1" type="stmt"/>
          <line num="11" count="15" type="stmt"/>
          <line num="12" count="15" type="stmt"/>
          <line num="13" count="15" type="stmt"/>
          <line num="19" count="2" type="cond" truecount="2" falsecount="0"/>
          <line num="20" count="1" type="stmt"/>
          <line num="22" count="1" type="stmt"/>
          <line num="27" count="3" type="stmt"/>
          <line num="28" count="3" type="stmt"/>
          <line num="32" count="3" type="stmt"/>
          <line num="33" count="3" type="stmt"/>
          <line num="37" count="3" type="stmt"/>
          <line num="38" count="3" type="stmt"/>
          <line num="39" count="7" type="cond" truecount="4" falsecount="0"/>
          <line num="40" count="6" type="stmt"/>
          <line num="41" count="6" type="cond" truecount="2" falsecount="0"/>
          <line num="42" count="2" type="stmt"/>
          <line num="46" count="3" type="stmt"/>
          <line num="47" count="3" type="stmt"/>
          <line num="51" count="2" type="stmt"/>
          <line num="52" count="2" type="stmt"/>
          <line num="53" count="6" type="cond" truecount="2" falsecount="0"/>
          <line num="54" count="3" type="stmt"/>
          <line num="55" count="3" type="cond" truecount="2" falsecount="0"/>
          <line num="56" count="2" type="stmt"/>
          <line num="60" count="2" type="stmt"/>
          <line num="61" count="2" type="stmt"/>
          <line num="65" count="1" type="stmt"/>
          <line num="66" count="1" type="stmt"/>
          <line num="67" count="1" type="stmt"/>
          <line num="68" count="1" type="stmt"/>
          <line num="72" count="1" type="stmt"/>
          <line num="73" count="1" type="stmt"/>
          <line num="74" count="1" type="stmt"/>
          <line num="78" count="13" type="stmt"/>
          <line num="79" count="0" type="stmt"/>
          <line num="84" count="2" type="stmt"/>
          <line num="85" count="0" type="stmt"/>
          <line num="90" count="9" type="stmt"/>
          <line num="91" count="9" type="stmt"/>
          <line num="92" count="43" type="stmt"/>
        </file>
        <file name="codeMap.mouseEvent.service.ts" path="/home/travis/build/MaibornWolff/codecharta/visualization/app/codeCharta/ui/codeMap/codeMap.mouseEvent.service.ts">
          <metrics statements="76" coveredstatements="27" conditionals="38" coveredconditionals="2" methods="18" coveredmethods="6"/>
          <line num="28" count="3" type="stmt"/>
          <line num="30" count="7" type="stmt"/>
          <line num="31" count="7" type="stmt"/>
          <line num="32" count="7" type="stmt"/>
          <line num="33" count="7" type="stmt"/>
          <line num="36" count="7" type="stmt"/>
          <line num="37" count="7" type="stmt"/>
          <line num="38" count="7" type="stmt"/>
          <line num="39" count="7" type="stmt"/>
          <line num="40" count="7" type="stmt"/>
          <line num="41" count="7" type="stmt"/>
          <line num="42" count="7" type="stmt"/>
          <line num="43" count="7" type="stmt"/>
          <line num="44" count="7" type="stmt"/>
          <line num="45" count="7" type="stmt"/>
          <line num="50" count="1" type="stmt"/>
          <line num="51" count="0" type="stmt"/>
          <line num="54" count="1" type="stmt"/>
          <line num="55" count="0" type="stmt"/>
          <line num="58" count="1" type="stmt"/>
          <line num="59" count="0" type="stmt"/>
          <line num="65" count="1" type="stmt"/>
          <line num="66" count="1" type="stmt"/>
          <line num="67" count="1" type="stmt"/>
          <line num="68" count="1" type="stmt"/>
          <line num="72" count="0" type="stmt"/>
          <line num="74" count="0" type="cond" truecount="0" falsecount="2"/>
          <line num="75" count="0" type="stmt"/>
          <line num="77" count="0" type="stmt"/>
          <line num="78" count="0" type="stmt"/>
          <line num="80" count="0" type="cond" truecount="0" falsecount="2"/>
          <line num="81" count="0" type="stmt"/>
          <line num="84" count="0" type="stmt"/>
          <line num="87" count="0" type="cond" truecount="0" falsecount="2"/>
          <line num="88" count="0" type="stmt"/>
          <line num="89" count="0" type="stmt"/>
          <line num="95" count="0" type="stmt"/>
          <line num="96" count="0" type="stmt"/>
          <line num="97" count="0" type="stmt"/>
          <line num="98" count="0" type="stmt"/>
          <line num="103" count="0" type="cond" truecount="0" falsecount="2"/>
          <line num="105" count="0" type="stmt"/>
          <line num="107" count="0" type="cond" truecount="0" falsecount="2"/>
          <line num="108" count="0" type="stmt"/>
          <line num="109" count="0" type="stmt"/>
          <line num="112" count="0" type="cond" truecount="0" falsecount="4"/>
          <line num="113" count="0" type="stmt"/>
          <line num="114" count="0" type="stmt"/>
          <line num="117" count="0" type="cond" truecount="0" falsecount="2"/>
          <line num="124" count="0" type="cond" truecount="0" falsecount="2"/>
          <line num="125" count="0" type="stmt"/>
          <line num="126" count="0" type="cond" truecount="0" falsecount="2"/>
          <line num="127" count="0" type="stmt"/>
          <line num="132" count="0" type="stmt"/>
          <line num="141" count="0" type="stmt"/>
          <line num="145" count="0" type="cond" truecount="0" falsecount="2"/>
          <line num="146" count="0" type="stmt"/>
          <line num="148" count="0" type="stmt"/>
          <line num="150" count="0" type="cond" truecount="0" falsecount="2"/>
          <line num="151" count="0" type="stmt"/>
          <line num="162" count="0" type="cond" truecount="0" falsecount="4"/>
          <line num="163" count="0" type="cond" truecount="0" falsecount="4"/>
          <line num="164" count="0" type="stmt"/>
          <line num="168" count="0" type="stmt"/>
          <line num="170" count="0" type="cond" truecount="0" falsecount="2"/>
          <line num="171" count="0" type="stmt"/>
          <line num="174" count="0" type="stmt"/>
          <line num="179" count="0" type="stmt"/>
          <line num="181" count="0" type="cond" truecount="0" falsecount="2"/>
          <line num="182" count="0" type="stmt"/>
          <line num="185" count="0" type="stmt"/>
          <line num="190" count="3" type="stmt"/>
          <line num="191" count="3" type="stmt"/>
          <line num="192" count="2" type="cond" truecount="2" falsecount="0"/>
          <line num="193" count="1" type="stmt"/>
          <line num="199" count="1" type="stmt"/>
        </file>
        <file name="codeMap.render.service.ts" path="/home/travis/build/MaibornWolff/codecharta/visualization/app/codeCharta/ui/codeMap/codeMap.render.service.ts">
          <metrics statements="56" coveredstatements="2" conditionals="36" coveredconditionals="0" methods="12" coveredmethods="0"/>
          <line num="17" count="1" type="stmt"/>
          <line num="24" count="1" type="stmt"/>
          <line num="26" count="0" type="stmt"/>
          <line num="27" count="0" type="stmt"/>
          <line num="28" count="0" type="stmt"/>
          <line num="34" count="0" type="stmt"/>
          <line num="35" count="0" type="stmt"/>
          <line num="36" count="0" type="stmt"/>
          <line num="37" count="0" type="stmt"/>
          <line num="38" count="0" type="stmt"/>
          <line num="39" count="0" type="stmt"/>
          <line num="51" count="0" type="stmt"/>
          <line num="55" count="0" type="stmt"/>
          <line num="57" count="0" type="stmt"/>
          <line num="59" count="0" type="cond" truecount="0" falsecount="7"/>
          <line num="60" count="0" type="stmt"/>
          <line num="61" count="0" type="stmt"/>
          <line num="70" count="0" type="stmt"/>
          <line num="80" count="0" type="cond" truecount="0" falsecount="10"/>
          <line num="81" count="0" type="stmt"/>
          <line num="84" count="0" type="cond" truecount="0" falsecount="6"/>
          <line num="85" count="0" type="stmt"/>
          <line num="90" count="0" type="stmt"/>
          <line num="91" count="0" type="stmt"/>
          <line num="92" count="0" type="stmt"/>
          <line num="93" count="0" type="stmt"/>
          <line num="94" count="0" type="stmt"/>
          <line num="97" count="0" type="stmt"/>
          <line num="102" count="0" type="stmt"/>
          <line num="110" count="0" type="stmt"/>
          <line num="114" count="0" type="cond" truecount="0" falsecount="3"/>
          <line num="115" count="0" type="stmt"/>
          <line num="116" count="0" type="stmt"/>
          <line num="118" count="0" type="stmt"/>
          <line num="127" count="0" type="stmt"/>
          <line num="128" count="0" type="stmt"/>
          <line num="129" count="0" type="stmt"/>
          <line num="130" count="0" type="stmt"/>
          <line num="132" count="0" type="cond" truecount="0" falsecount="2"/>
          <line num="133" count="0" type="cond" truecount="0" falsecount="2"/>
          <line num="134" count="0" type="stmt"/>
          <line num="135" count="0" type="stmt"/>
          <line num="139" count="0" type="stmt"/>
          <line num="141" count="0" type="stmt"/>
          <line num="151" count="0" type="stmt"/>
          <line num="152" count="0" type="stmt"/>
          <line num="153" count="0" type="stmt"/>
          <line num="155" count="0" type="stmt"/>
          <line num="156" count="0" type="stmt"/>
          <line num="157" count="0" type="stmt"/>
          <line num="159" count="0" type="cond" truecount="0" falsecount="2"/>
          <line num="160" count="0" type="stmt"/>
          <line num="163" count="0" type="cond" truecount="0" falsecount="2"/>
          <line num="164" count="0" type="stmt"/>
          <line num="167" count="0" type="cond" truecount="0" falsecount="2"/>
          <line num="168" count="0" type="stmt"/>
        </file>
      </package>
      <package name="app.codeCharta.ui.codeMap.rendering">
        <metrics statements="399" coveredstatements="159" conditionals="81" coveredconditionals="27" methods="64" coveredmethods="22"/>
        <file name="arrowManager.ts" path="/home/travis/build/MaibornWolff/codecharta/visualization/app/codeCharta/ui/codeMap/rendering/arrowManager.ts">
          <metrics statements="59" coveredstatements="55" conditionals="16" coveredconditionals="16" methods="9" coveredmethods="8"/>
          <line num="12" count="9" type="stmt"/>
          <line num="13" count="9" type="stmt"/>
          <line num="22" count="4" type="stmt"/>
          <line num="25" count="4" type="stmt"/>
          <line num="26" count="4" type="stmt"/>
          <line num="27" count="4" type="stmt"/>
          <line num="28" count="4" type="stmt"/>
          <line num="31" count="4" type="stmt"/>
          <line num="32" count="4" type="stmt"/>
          <line num="33" count="4" type="stmt"/>
          <line num="34" count="4" type="stmt"/>
          <line num="37" count="4" type="stmt"/>
          <line num="38" count="4" type="stmt"/>
          <line num="42" count="1" type="stmt"/>
          <line num="43" count="1" type="stmt"/>
          <line num="44" count="1" type="stmt"/>
          <line num="49" count="1" type="stmt"/>
          <line num="50" count="1" type="stmt"/>
          <line num="51" count="1" type="stmt"/>
          <line num="52" count="2" type="cond" truecount="2" falsecount="0"/>
          <line num="53" count="1" type="stmt"/>
          <line num="56" count="1" type="stmt"/>
          <line num="61" count="5" type="stmt"/>
          <line num="63" count="5" type="stmt"/>
          <line num="64" count="4" type="stmt"/>
          <line num="65" count="4" type="stmt"/>
          <line num="66" count="4" type="cond" truecount="4" falsecount="0"/>
          <line num="67" count="3" type="stmt"/>
          <line num="74" count="5" type="stmt"/>
          <line num="76" count="5" type="stmt"/>
          <line num="77" count="9" type="stmt"/>
          <line num="80" count="5" type="stmt"/>
          <line num="84" count="12" type="stmt"/>
          <line num="85" count="12" type="stmt"/>
          <line num="86" count="12" type="stmt"/>
          <line num="87" count="13" type="stmt"/>
          <line num="88" count="13" type="stmt"/>
          <line num="90" count="12" type="stmt"/>
          <line num="95" count="5" type="cond" truecount="6" falsecount="0"/>
          <line num="97" count="4" type="stmt"/>
          <line num="98" count="4" type="stmt"/>
          <line num="99" count="4" type="stmt"/>
          <line num="101" count="4" type="stmt"/>
          <line num="102" count="4" type="stmt"/>
          <line num="103" count="4" type="stmt"/>
          <line num="105" count="4" type="stmt"/>
          <line num="106" count="4" type="stmt"/>
          <line num="107" count="4" type="stmt"/>
          <line num="109" count="4" type="stmt"/>
          <line num="110" count="4" type="stmt"/>
          <line num="111" count="4" type="stmt"/>
          <line num="113" count="4" type="stmt"/>
          <line num="120" count="4" type="stmt"/>
          <line num="122" count="4" type="stmt"/>
          <line num="123" count="4" type="stmt"/>
          <line num="130" count="0" type="stmt"/>
          <line num="131" count="0" type="stmt"/>
          <line num="132" count="0" type="stmt"/>
          <line num="133" count="0" type="stmt"/>
        </file>
        <file name="boxGeometryGenerationHelper.ts" path="/home/travis/build/MaibornWolff/codecharta/visualization/app/codeCharta/ui/codeMap/rendering/boxGeometryGenerationHelper.ts">
          <metrics statements="71" coveredstatements="15" conditionals="10" coveredconditionals="4" methods="6" coveredmethods="2"/>
          <line num="5" count="1" type="cond" truecount="2" falsecount="0"/>
          <line num="6" count="1" type="stmt"/>
          <line num="7" count="1" type="stmt"/>
          <line num="8" count="1" type="stmt"/>
          <line num="9" count="1" type="stmt"/>
          <line num="10" count="1" type="stmt"/>
          <line num="11" count="1" type="stmt"/>
          <line num="14" count="1" type="cond" truecount="2" falsecount="0"/>
          <line num="15" count="1" type="stmt"/>
          <line num="16" count="1" type="stmt"/>
          <line num="17" count="1" type="stmt"/>
          <line num="18" count="1" type="stmt"/>
          <line num="21" count="1" type="stmt"/>
          <line num="30" count="1" type="stmt"/>
          <line num="31" count="1" type="stmt"/>
          <line num="37" count="0" type="stmt"/>
          <line num="38" count="0" type="stmt"/>
          <line num="39" count="0" type="stmt"/>
          <line num="40" count="0" type="stmt"/>
          <line num="41" count="0" type="stmt"/>
          <line num="42" count="0" type="stmt"/>
          <line num="43" count="0" type="stmt"/>
          <line num="44" count="0" type="stmt"/>
          <line num="47" count="0" type="stmt"/>
          <line num="48" count="0" type="stmt"/>
          <line num="49" count="0" type="stmt"/>
          <line num="50" count="0" type="stmt"/>
          <line num="51" count="0" type="stmt"/>
          <line num="52" count="0" type="stmt"/>
          <line num="53" count="0" type="stmt"/>
          <line num="54" count="0" type="stmt"/>
          <line num="57" count="0" type="stmt"/>
          <line num="58" count="0" type="stmt"/>
          <line num="59" count="0" type="stmt"/>
          <line num="60" count="0" type="stmt"/>
          <line num="61" count="0" type="stmt"/>
          <line num="62" count="0" type="stmt"/>
          <line num="63" count="0" type="stmt"/>
          <line num="64" count="0" type="stmt"/>
          <line num="66" count="0" type="stmt"/>
          <line num="71" count="0" type="stmt"/>
          <line num="73" count="0" type="stmt"/>
          <line num="79" count="0" type="stmt"/>
          <line num="85" count="0" type="stmt"/>
          <line num="91" count="0" type="stmt"/>
          <line num="93" count="0" type="stmt"/>
          <line num="98" count="0" type="stmt"/>
          <line num="103" count="0" type="stmt"/>
          <line num="122" count="0" type="stmt"/>
          <line num="124" count="0" type="stmt"/>
          <line num="126" count="0" type="stmt"/>
          <line num="127" count="0" type="stmt"/>
          <line num="128" count="0" type="stmt"/>
          <line num="129" count="0" type="stmt"/>
          <line num="130" count="0" type="stmt"/>
          <line num="133" count="0" type="stmt"/>
          <line num="136" count="0" type="stmt"/>
          <line num="139" count="0" type="stmt"/>
          <line num="142" count="0" type="stmt"/>
          <line num="143" count="0" type="stmt"/>
          <line num="144" count="0" type="cond" truecount="0" falsecount="2"/>
          <line num="146" count="0" type="stmt"/>
          <line num="147" count="0" type="stmt"/>
          <line num="151" count="0" type="stmt"/>
          <line num="152" count="0" type="stmt"/>
          <line num="159" count="0" type="stmt"/>
          <line num="160" count="0" type="stmt"/>
          <line num="162" count="0" type="stmt"/>
          <line num="163" count="0" type="stmt"/>
          <line num="165" count="0" type="stmt"/>
          <line num="166" count="0" type="stmt"/>
        </file>
        <file name="codeMapBuilding.ts" path="/home/travis/build/MaibornWolff/codecharta/visualization/app/codeCharta/ui/codeMap/rendering/codeMapBuilding.ts">
          <metrics statements="4" coveredstatements="4" conditionals="2" coveredconditionals="1" methods="1" coveredmethods="1"/>
          <line num="15" count="1" type="stmt"/>
          <line num="16" count="1" type="stmt"/>
          <line num="17" count="1" type="cond" truecount="1" falsecount="1"/>
          <line num="18" count="1" type="stmt"/>
        </file>
        <file name="codeMapFragmentShader.glsl" path="/home/travis/build/MaibornWolff/codecharta/visualization/app/codeCharta/ui/codeMap/rendering/codeMapFragmentShader.glsl">
          <metrics statements="1" coveredstatements="1" conditionals="0" coveredconditionals="0" methods="0" coveredmethods="0"/>
          <line num="1" count="1" type="stmt"/>
        </file>
        <file name="codeMapGeometricDescription.ts" path="/home/travis/build/MaibornWolff/codecharta/visualization/app/codeCharta/ui/codeMap/rendering/codeMapGeometricDescription.ts">
          <metrics statements="37" coveredstatements="0" conditionals="8" coveredconditionals="0" methods="6" coveredmethods="0"/>
          <line num="15" count="0" type="stmt"/>
          <line num="16" count="0" type="stmt"/>
          <line num="17" count="0" type="stmt"/>
          <line num="21" count="0" type="stmt"/>
          <line num="25" count="0" type="stmt"/>
          <line num="29" count="0" type="stmt"/>
          <line num="33" count="0" type="stmt"/>
          <line num="34" count="0" type="stmt"/>
          <line num="36" count="0" type="stmt"/>
          <line num="37" count="0" type="stmt"/>
          <line num="39" count="0" type="stmt"/>
          <line num="40" count="0" type="stmt"/>
          <line num="42" count="0" type="stmt"/>
          <line num="43" count="0" type="stmt"/>
          <line num="45" count="0" type="stmt"/>
          <line num="50" count="0" type="stmt"/>
          <line num="51" count="0" type="stmt"/>
          <line num="53" count="0" type="stmt"/>
          <line num="55" count="0" type="stmt"/>
          <line num="58" count="0" type="stmt"/>
          <line num="60" count="0" type="stmt"/>
          <line num="61" count="0" type="stmt"/>
          <line num="62" count="0" type="stmt"/>
          <line num="64" count="0" type="stmt"/>
          <line num="65" count="0" type="stmt"/>
          <line num="66" count="0" type="stmt"/>
          <line num="68" count="0" type="stmt"/>
          <line num="70" count="0" type="cond" truecount="0" falsecount="2"/>
          <line num="72" count="0" type="stmt"/>
          <line num="74" count="0" type="cond" truecount="0" falsecount="2"/>
          <line num="75" count="0" type="stmt"/>
          <line num="77" count="0" type="cond" truecount="0" falsecount="2"/>
          <line num="78" count="0" type="stmt"/>
          <line num="79" count="0" type="stmt"/>
          <line num="87" count="0" type="cond" truecount="0" falsecount="2"/>
          <line num="88" count="0" type="stmt"/>
          <line num="94" count="0" type="stmt"/>
        </file>
        <file name="codeMapMesh.ts" path="/home/travis/build/MaibornWolff/codecharta/visualization/app/codeCharta/ui/codeMap/rendering/codeMapMesh.ts">
          <metrics statements="43" coveredstatements="0" conditionals="6" coveredconditionals="0" methods="17" coveredmethods="0"/>
          <line num="49" count="0" type="stmt"/>
          <line num="66" count="0" type="stmt"/>
          <line num="68" count="0" type="stmt"/>
          <line num="70" count="0" type="stmt"/>
          <line num="71" count="0" type="stmt"/>
          <line num="73" count="0" type="stmt"/>
          <line num="74" count="0" type="stmt"/>
          <line num="76" count="0" type="stmt"/>
          <line num="82" count="0" type="cond" truecount="0" falsecount="2"/>
          <line num="83" count="0" type="stmt"/>
          <line num="85" count="0" type="stmt"/>
          <line num="88" count="0" type="stmt"/>
          <line num="90" count="0" type="stmt"/>
          <line num="92" count="0" type="stmt"/>
          <line num="101" count="0" type="stmt"/>
          <line num="102" count="0" type="stmt"/>
          <line num="107" count="0" type="stmt"/>
          <line num="108" count="0" type="stmt"/>
          <line num="112" count="0" type="stmt"/>
          <line num="118" count="0" type="stmt"/>
          <line num="120" count="0" type="stmt"/>
          <line num="122" count="0" type="cond" truecount="0" falsecount="2"/>
          <line num="123" count="0" type="stmt"/>
          <line num="126" count="0" type="stmt"/>
          <line num="132" count="0" type="stmt"/>
          <line num="134" count="0" type="stmt"/>
          <line num="136" count="0" type="cond" truecount="0" falsecount="2"/>
          <line num="137" count="0" type="stmt"/>
          <line num="140" count="0" type="stmt"/>
          <line num="145" count="0" type="stmt"/>
          <line num="150" count="0" type="stmt"/>
          <line num="156" count="0" type="stmt"/>
          <line num="157" count="0" type="stmt"/>
          <line num="163" count="0" type="stmt"/>
          <line num="164" count="0" type="stmt"/>
          <line num="169" count="0" type="stmt"/>
          <line num="175" count="0" type="stmt"/>
          <line num="176" count="0" type="stmt"/>
          <line num="177" count="0" type="stmt"/>
          <line num="179" count="0" type="stmt"/>
          <line num="184" count="0" type="stmt"/>
          <line num="185" count="0" type="stmt"/>
          <line num="190" count="0" type="stmt"/>
        </file>
        <file name="codeMapShaderStrings.ts" path="/home/travis/build/MaibornWolff/codecharta/visualization/app/codeCharta/ui/codeMap/rendering/codeMapShaderStrings.ts">
          <metrics statements="2" coveredstatements="2" conditionals="0" coveredconditionals="0" methods="1" coveredmethods="1"/>
          <line num="9" count="1" type="stmt"/>
          <line num="10" count="1" type="stmt"/>
        </file>
        <file name="codeMapVertexShader.glsl" path="/home/travis/build/MaibornWolff/codecharta/visualization/app/codeCharta/ui/codeMap/rendering/codeMapVertexShader.glsl">
          <metrics statements="1" coveredstatements="1" conditionals="0" coveredconditionals="0" methods="0" coveredmethods="0"/>
          <line num="1" count="1" type="stmt"/>
        </file>
        <file name="geometryGenerator.ts" path="/home/travis/build/MaibornWolff/codecharta/visualization/app/codeCharta/ui/codeMap/rendering/geometryGenerator.ts">
          <metrics statements="79" coveredstatements="1" conditionals="33" coveredconditionals="0" methods="9" coveredmethods="0"/>
          <line num="28" count="1" type="stmt"/>
          <line num="36" count="0" type="stmt"/>
          <line num="37" count="0" type="stmt"/>
          <line num="39" count="0" type="stmt"/>
          <line num="41" count="0" type="stmt"/>
          <line num="42" count="0" type="stmt"/>
          <line num="44" count="0" type="cond" truecount="0" falsecount="2"/>
          <line num="45" count="0" type="stmt"/>
          <line num="48" count="0" type="stmt"/>
          <line num="52" count="0" type="stmt"/>
          <line num="59" count="0" type="stmt"/>
          <line num="70" count="0" type="cond" truecount="0" falsecount="2"/>
          <line num="71" count="0" type="stmt"/>
          <line num="73" count="0" type="stmt"/>
          <line num="79" count="0" type="cond" truecount="0" falsecount="4"/>
          <line num="82" count="0" type="stmt"/>
          <line num="84" count="0" type="stmt"/>
          <line num="96" count="0" type="stmt"/>
          <line num="100" count="0" type="cond" truecount="0" falsecount="4"/>
          <line num="101" count="0" type="stmt"/>
          <line num="104" count="0" type="stmt"/>
          <line num="109" count="0" type="stmt"/>
          <line num="110" count="0" type="stmt"/>
          <line num="112" count="0" type="stmt"/>
          <line num="114" count="0" type="stmt"/>
          <line num="116" count="0" type="cond" truecount="0" falsecount="5"/>
          <line num="117" count="0" type="stmt"/>
          <line num="119" count="0" type="cond" truecount="0" falsecount="2"/>
          <line num="120" count="0" type="stmt"/>
          <line num="125" count="0" type="stmt"/>
          <line num="137" count="0" type="stmt"/>
          <line num="141" count="0" type="stmt"/>
          <line num="143" count="0" type="cond" truecount="0" falsecount="2"/>
          <line num="144" count="0" type="stmt"/>
          <line num="146" count="0" type="cond" truecount="0" falsecount="4"/>
          <line num="147" count="0" type="stmt"/>
          <line num="149" count="0" type="cond" truecount="0" falsecount="2"/>
          <line num="150" count="0" type="cond" truecount="0" falsecount="2"/>
          <line num="152" count="0" type="cond" truecount="0" falsecount="2"/>
          <line num="153" count="0" type="cond" truecount="0" falsecount="2"/>
          <line num="156" count="0" type="stmt"/>
          <line num="161" count="0" type="stmt"/>
          <line num="164" count="0" type="stmt"/>
          <line num="168" count="0" type="stmt"/>
          <line num="169" count="0" type="stmt"/>
          <line num="170" count="0" type="stmt"/>
          <line num="172" count="0" type="stmt"/>
          <line num="173" count="0" type="stmt"/>
          <line num="174" count="0" type="stmt"/>
          <line num="175" count="0" type="stmt"/>
          <line num="176" count="0" type="stmt"/>
          <line num="177" count="0" type="stmt"/>
          <line num="179" count="0" type="stmt"/>
          <line num="180" count="0" type="stmt"/>
          <line num="181" count="0" type="stmt"/>
          <line num="182" count="0" type="stmt"/>
          <line num="184" count="0" type="stmt"/>
          <line num="185" count="0" type="stmt"/>
          <line num="186" count="0" type="stmt"/>
          <line num="188" count="0" type="stmt"/>
          <line num="189" count="0" type="stmt"/>
          <line num="191" count="0" type="stmt"/>
          <line num="193" count="0" type="stmt"/>
          <line num="194" count="0" type="stmt"/>
          <line num="195" count="0" type="stmt"/>
          <line num="197" count="0" type="stmt"/>
          <line num="198" count="0" type="stmt"/>
          <line num="201" count="0" type="stmt"/>
          <line num="203" count="0" type="stmt"/>
          <line num="204" count="0" type="stmt"/>
          <line num="207" count="0" type="stmt"/>
          <line num="209" count="0" type="stmt"/>
          <line num="210" count="0" type="stmt"/>
          <line num="211" count="0" type="stmt"/>
          <line num="212" count="0" type="stmt"/>
          <line num="213" count="0" type="stmt"/>
          <line num="214" count="0" type="stmt"/>
          <line num="216" count="0" type="stmt"/>
          <line num="218" count="0" type="stmt"/>
        </file>
        <file name="intermediateVertexData.ts" path="/home/travis/build/MaibornWolff/codecharta/visualization/app/codeCharta/ui/codeMap/rendering/intermediateVertexData.ts">
          <metrics statements="15" coveredstatements="15" conditionals="0" coveredconditionals="0" methods="3" coveredmethods="3"/>
          <line num="15" count="2" type="stmt"/>
          <line num="16" count="2" type="stmt"/>
          <line num="17" count="2" type="stmt"/>
          <line num="18" count="2" type="stmt"/>
          <line num="19" count="2" type="stmt"/>
          <line num="20" count="2" type="stmt"/>
          <line num="22" count="2" type="stmt"/>
          <line num="26" count="1" type="stmt"/>
          <line num="27" count="1" type="stmt"/>
          <line num="28" count="1" type="stmt"/>
          <line num="29" count="1" type="stmt"/>
          <line num="30" count="1" type="stmt"/>
          <line num="31" count="1" type="stmt"/>
          <line num="33" count="1" type="stmt"/>
          <line num="38" count="2" type="stmt"/>
        </file>
        <file name="labelManager.ts" path="/home/travis/build/MaibornWolff/codecharta/visualization/app/codeCharta/ui/codeMap/rendering/labelManager.ts">
          <metrics statements="55" coveredstatements="54" conditionals="4" coveredconditionals="4" methods="5" coveredmethods="5"/>
          <line num="16" count="6" type="stmt"/>
          <line num="17" count="6" type="stmt"/>
          <line num="21" count="5" type="cond" truecount="4" falsecount="0"/>
          <line num="23" count="4" type="stmt"/>
          <line num="24" count="4" type="stmt"/>
          <line num="25" count="4" type="stmt"/>
          <line num="27" count="4" type="stmt"/>
          <line num="28" count="4" type="stmt"/>
          <line num="29" count="4" type="stmt"/>
          <line num="31" count="4" type="stmt"/>
          <line num="32" count="4" type="stmt"/>
          <line num="34" count="4" type="stmt"/>
          <line num="38" count="4" type="stmt"/>
          <line num="39" count="4" type="stmt"/>
          <line num="44" count="4" type="stmt"/>
          <line num="46" count="4" type="stmt"/>
          <line num="47" count="4" type="stmt"/>
          <line num="49" count="4" type="stmt"/>
          <line num="54" count="1" type="stmt"/>
          <line num="55" count="1" type="stmt"/>
          <line num="56" count="0" type="stmt"/>
          <line num="61" count="1" type="stmt"/>
          <line num="62" count="2" type="stmt"/>
          <line num="63" count="2" type="stmt"/>
          <line num="64" count="2" type="stmt"/>
          <line num="68" count="2" type="stmt"/>
          <line num="69" count="2" type="stmt"/>
[...]
          <line num="40" count="2" type="stmt"/>
          <line num="41" count="0" type="stmt"/>
          <line num="42" count="0" type="stmt"/>
          <line num="43" count="0" type="stmt"/>
          <line num="44" count="0" type="stmt"/>
          <line num="45" count="0" type="stmt"/>
          <line num="47" count="0" type="stmt"/>
          <line num="62" count="6" type="stmt"/>
          <line num="65" count="6" type="stmt"/>
          <line num="66" count="6" type="stmt"/>
          <line num="69" count="1" type="stmt"/>
          <line num="70" count="1" type="stmt"/>
          <line num="71" count="1" type="stmt"/>
          <line num="74" count="5" type="stmt"/>
          <line num="75" count="5" type="stmt"/>
          <line num="86" count="6" type="stmt"/>
          <line num="87" count="6" type="stmt"/>
          <line num="90" count="5" type="stmt"/>
          <line num="91" count="5" type="stmt"/>
          <line num="92" count="5" type="stmt"/>
          <line num="94" count="5" type="cond" truecount="2" falsecount="2"/>
          <line num="95" count="5" type="stmt"/>
          <line num="99" count="1" type="stmt"/>
          <line num="110" count="2" type="stmt"/>
        </file>
      </package>
      <package name="app.codeCharta.ui.mapTreeView">
        <metrics statements="23" coveredstatements="2" conditionals="13" coveredconditionals="0" methods="13" coveredmethods="0"/>
        <file name="mapTreeViewLevel.html" path="/home/travis/build/MaibornWolff/codecharta/visualization/app/codeCharta/ui/mapTreeView/mapTreeViewLevel.html">
          <metrics statements="1" coveredstatements="1" conditionals="0" coveredconditionals="0" methods="0" coveredmethods="0"/>
          <line num="1" count="2" type="stmt"/>
        </file>
        <file name="mapTreeViewLevelComponent.ts" path="/home/travis/build/MaibornWolff/codecharta/visualization/app/codeCharta/ui/mapTreeView/mapTreeViewLevelComponent.ts">
          <metrics statements="22" coveredstatements="1" conditionals="13" coveredconditionals="0" methods="13" coveredmethods="0"/>
          <line num="17" count="0" type="stmt"/>
          <line num="18" count="0" type="stmt"/>
          <line num="19" count="0" type="stmt"/>
          <line num="23" count="0" type="stmt"/>
          <line num="24" count="0" type="stmt"/>
          <line num="30" count="0" type="stmt"/>
          <line num="31" count="0" type="stmt"/>
          <line num="35" count="0" type="cond" truecount="0" falsecount="2"/>
          <line num="36" count="0" type="stmt"/>
          <line num="38" count="0" type="cond" truecount="0" falsecount="2"/>
          <line num="42" count="0" type="stmt"/>
          <line num="46" count="0" type="stmt"/>
          <line num="50" count="0" type="stmt"/>
          <line num="51" count="0" type="stmt"/>
          <line num="55" count="0" type="stmt"/>
          <line num="59" count="0" type="stmt"/>
          <line num="63" count="0" type="stmt"/>
          <line num="67" count="0" type="cond" truecount="0" falsecount="3"/>
          <line num="71" count="0" type="cond" truecount="0" falsecount="5"/>
          <line num="72" count="0" type="stmt"/>
          <line num="74" count="0" type="stmt"/>
          <line num="80" count="2" type="stmt"/>
        </file>
      </package>
      <package name="app.codeCharta.ui.metricChooser">
        <metrics statements="41" coveredstatements="31" conditionals="12" coveredconditionals="7" methods="7" coveredmethods="4"/>
        <file name="metricChooser.area.component.html" path="/home/travis/build/MaibornWolff/codecharta/visualization/app/codeCharta/ui/metricChooser/metricChooser.area.component.html">
          <metrics statements="1" coveredstatements="1" conditionals="0" coveredconditionals="0" methods="0" coveredmethods="0"/>
          <line num="1" count="1" type="stmt"/>
        </file>
        <file name="metricChooser.color.component.html" path="/home/travis/build/MaibornWolff/codecharta/visualization/app/codeCharta/ui/metricChooser/metricChooser.color.component.html">
          <metrics statements="1" coveredstatements="1" conditionals="0" coveredconditionals="0" methods="0" coveredmethods="0"/>
          <line num="1" count="1" type="stmt"/>
        </file>
        <file name="metricChooser.component.ts" path="/home/travis/build/MaibornWolff/codecharta/visualization/app/codeCharta/ui/metricChooser/metricChooser.component.ts">
          <metrics statements="38" coveredstatements="28" conditionals="12" coveredconditionals="7" methods="7" coveredmethods="4"/>
          <line num="28" count="11" type="stmt"/>
          <line num="29" count="11" type="stmt"/>
          <line num="30" count="11" type="stmt"/>
          <line num="33" count="11" type="stmt"/>
          <line num="34" count="11" type="stmt"/>
          <line num="35" count="11" type="stmt"/>
          <line num="36" count="11" type="stmt"/>
          <line num="44" count="11" type="stmt"/>
          <line num="48" count="1" type="stmt"/>
          <line num="52" count="1" type="stmt"/>
          <line num="60" count="7" type="cond" truecount="6" falsecount="0"/>
          <line num="61" count="3" type="stmt"/>
          <line num="62" count="3" type="stmt"/>
          <line num="63" count="3" type="stmt"/>
          <line num="65" count="3" type="cond" truecount="1" falsecount="1"/>
          <line num="67" count="0" type="stmt"/>
          <line num="68" count="0" type="stmt"/>
          <line num="69" count="0" type="stmt"/>
          <line num="71" count="0" type="stmt"/>
          <line num="74" count="3" type="stmt"/>
          <line num="75" count="3" type="stmt"/>
          <line num="76" count="3" type="stmt"/>
          <line num="77" count="3" type="stmt"/>
          <line num="80" count="4" type="stmt"/>
          <line num="81" count="4" type="stmt"/>
          <line num="82" count="4" type="stmt"/>
          <line num="83" count="4" type="stmt"/>
          <line num="84" count="4" type="stmt"/>
          <line num="85" count="4" type="stmt"/>
          <line num="93" count="0" type="stmt"/>
          <line num="98" count="0" type="cond" truecount="0" falsecount="2"/>
          <line num="99" count="0" type="stmt"/>
          <line num="100" count="0" type="cond" truecount="0" falsecount="2"/>
          <line num="101" count="0" type="stmt"/>
          <line num="103" count="0" type="stmt"/>
          <line num="109" count="1" type="stmt"/>
          <line num="115" count="1" type="stmt"/>
          <line num="121" count="1" type="stmt"/>
        </file>
        <file name="metricChooser.height.component.html" path="/home/travis/build/MaibornWolff/codecharta/visualization/app/codeCharta/ui/metricChooser/metricChooser.height.component.html">
          <metrics statements="1" coveredstatements="1" conditionals="0" coveredconditionals="0" methods="0" coveredmethods="0"/>
          <line num="1" count="1" type="stmt"/>
        </file>
      </package>
      <package name="app.codeCharta.ui.nodeContextMenu">
        <metrics statements="46" coveredstatements="2" conditionals="11" coveredconditionals="0" methods="21" coveredmethods="0"/>
        <file name="nodeContextMenu.component.html" path="/home/travis/build/MaibornWolff/codecharta/visualization/app/codeCharta/ui/nodeContextMenu/nodeContextMenu.component.html">
          <metrics statements="1" coveredstatements="1" conditionals="0" coveredconditionals="0" methods="0" coveredmethods="0"/>
          <line num="1" count="3" type="stmt"/>
        </file>
        <file name="nodeContextMenu.component.ts" path="/home/travis/build/MaibornWolff/codecharta/visualization/app/codeCharta/ui/nodeContextMenu/nodeContextMenu.component.ts">
          <metrics statements="45" coveredstatements="1" conditionals="11" coveredconditionals="0" methods="21" coveredmethods="0"/>
          <line num="13" count="0" type="stmt"/>
          <line num="16" count="0" type="stmt"/>
          <line num="17" count="0" type="stmt"/>
          <line num="18" count="0" type="stmt"/>
          <line num="19" count="0" type="stmt"/>
          <line num="20" count="0" type="stmt"/>
          <line num="21" count="0" type="stmt"/>
          <line num="22" count="0" type="stmt"/>
          <line num="23" count="0" type="stmt"/>
          <line num="25" count="0" type="stmt"/>
          <line num="26" count="0" type="stmt"/>
          <line num="31" count="0" type="stmt"/>
          <line num="35" count="0" type="stmt"/>
          <line num="39" count="0" type="stmt"/>
          <line num="40" count="0" type="stmt"/>
          <line num="42" count="0" type="stmt"/>
          <line num="43" count="0" type="stmt"/>
          <line num="44" count="0" type="stmt"/>
          <line num="45" count="0" type="stmt"/>
          <line num="46" count="0" type="stmt"/>
          <line num="47" count="0" type="stmt"/>
          <line num="48" count="0" type="stmt"/>
          <line num="54" count="0" type="stmt"/>
          <line num="55" count="0" type="stmt"/>
          <line num="59" count="0" type="cond" truecount="0" falsecount="2"/>
          <line num="60" count="0" type="stmt"/>
          <line num="62" count="0" type="stmt"/>
          <line num="67" count="0" type="cond" truecount="0" falsecount="4"/>
          <line num="74" count="0" type="stmt"/>
          <line num="75" count="0" type="stmt"/>
          <line num="79" count="0" type="stmt"/>
          <line num="80" count="0" type="stmt"/>
          <line num="84" count="0" type="stmt"/>
          <line num="85" count="0" type="stmt"/>
          <line num="89" count="0" type="stmt"/>
          <line num="90" count="0" type="stmt"/>
          <line num="94" count="0" type="stmt"/>
          <line num="95" count="0" type="stmt"/>
          <line num="100" count="0" type="stmt"/>
          <line num="101" count="0" type="stmt"/>
          <line num="102" count="0" type="cond" truecount="0" falsecount="2"/>
          <line num="103" count="0" type="stmt"/>
          <line num="106" count="0" type="stmt"/>
          <line num="110" count="0" type="cond" truecount="0" falsecount="3"/>
          <line num="115" count="3" type="stmt"/>
        </file>
      </package>
      <package name="app.codeCharta.ui.rangeSlider">
        <metrics statements="18" coveredstatements="10" conditionals="1" coveredconditionals="1" methods="7" coveredmethods="4"/>
        <file name="rangeSlider.component.html" path="/home/travis/build/MaibornWolff/codecharta/visualization/app/codeCharta/ui/rangeSlider/rangeSlider.component.html">
          <metrics statements="1" coveredstatements="1" conditionals="0" coveredconditionals="0" methods="0" coveredmethods="0"/>
          <line num="1" count="1" type="stmt"/>
        </file>
        <file name="rangeSlider.component.ts" path="/home/travis/build/MaibornWolff/codecharta/visualization/app/codeCharta/ui/rangeSlider/rangeSlider.component.ts">
          <metrics statements="17" coveredstatements="9" conditionals="1" coveredconditionals="1" methods="7" coveredmethods="4"/>
          <line num="11" count="5" type="stmt"/>
          <line num="12" count="5" type="stmt"/>
          <line num="15" count="5" type="stmt"/>
          <line num="16" count="5" type="stmt"/>
          <line num="18" count="5" type="stmt"/>
          <line num="19" count="1" type="stmt"/>
          <line num="25" count="0" type="stmt"/>
          <line num="29" count="7" type="stmt"/>
          <line num="39" count="0" type="stmt"/>
          <line num="41" count="0" type="stmt"/>
          <line num="44" count="0" type="stmt"/>
          <line num="46" count="0" type="stmt"/>
          <line num="50" count="0" type="stmt"/>
          <line num="53" count="0" type="stmt"/>
          <line num="55" count="0" type="stmt"/>
          <line num="59" count="1" type="stmt"/>
          <line num="64" count="1" type="stmt"/>
        </file>
      </package>
      <package name="app.codeCharta.ui.resetSettingsButton">
        <metrics statements="22" coveredstatements="22" conditionals="9" coveredconditionals="9" methods="5" coveredmethods="5"/>
        <file name="resetSettingsButton.component.html" path="/home/travis/build/MaibornWolff/codecharta/visualization/app/codeCharta/ui/resetSettingsButton/resetSettingsButton.component.html">
          <metrics statements="1" coveredstatements="1" conditionals="0" coveredconditionals="0" methods="0" coveredmethods="0"/>
          <line num="1" count="1" type="stmt"/>
        </file>
        <file name="resetSettingsButton.component.ts" path="/home/travis/build/MaibornWolff/codecharta/visualization/app/codeCharta/ui/resetSettingsButton/resetSettingsButton.component.ts">
          <metrics statements="21" coveredstatements="21" conditionals="9" coveredconditionals="9" methods="5" coveredmethods="5"/>
          <line num="7" count="11" type="stmt"/>
          <line num="11" count="11" type="stmt"/>
          <line num="12" count="11" type="stmt"/>
          <line num="18" count="1" type="stmt"/>
          <line num="22" count="10" type="stmt"/>
          <line num="23" count="10" type="stmt"/>
          <line num="24" count="10" type="stmt"/>
          <line num="26" count="10" type="stmt"/>
          <line num="28" count="17" type="stmt"/>
          <line num="30" count="17" type="cond" truecount="2" falsecount="0"/>
          <line num="32" count="5" type="stmt"/>
          <line num="33" count="5" type="stmt"/>
          <line num="35" count="5" type="stmt"/>
          <line num="37" count="12" type="cond" truecount="4" falsecount="0"/>
          <line num="39" count="9" type="cond" truecount="2" falsecount="0"/>
          <line num="40" count="3" type="stmt"/>
          <line num="42" count="6" type="stmt"/>
          <line num="43" count="6" type="stmt"/>
          <line num="49" count="12" type="stmt"/>
          <line num="55" count="10" type="stmt"/>
          <line num="62" count="1" type="stmt"/>
        </file>
      </package>
      <package name="app.codeCharta.ui.revisionChooser">
        <metrics statements="34" coveredstatements="17" conditionals="4" coveredconditionals="0" methods="6" coveredmethods="2"/>
        <file name="revisionChooser.html" path="/home/travis/build/MaibornWolff/codecharta/visualization/app/codeCharta/ui/revisionChooser/revisionChooser.html">
          <metrics statements="1" coveredstatements="1" conditionals="0" coveredconditionals="0" methods="0" coveredmethods="0"/>
          <line num="1" count="1" type="stmt"/>
        </file>
        <file name="revisionChooserComponent.ts" path="/home/travis/build/MaibornWolff/codecharta/visualization/app/codeCharta/ui/revisionChooser/revisionChooserComponent.ts">
          <metrics statements="32" coveredstatements="15" conditionals="4" coveredconditionals="0" methods="6" coveredmethods="2"/>
          <line num="13" count="5" type="stmt"/>
          <line num="27" count="5" type="stmt"/>
          <line num="28" count="5" type="stmt"/>
          <line num="29" count="5" type="stmt"/>
          <line num="31" count="5" type="stmt"/>
          <line num="32" count="5" type="stmt"/>
          <line num="33" count="5" type="stmt"/>
          <line num="34" count="5" type="stmt"/>
          <line num="35" count="5" type="stmt"/>
          <line num="36" count="5" type="stmt"/>
          <line num="37" count="0" type="stmt"/>
          <line num="43" count="1" type="stmt"/>
          <line num="44" count="1" type="stmt"/>
          <line num="45" count="1" type="stmt"/>
          <line num="49" count="0" type="stmt"/>
          <line num="53" count="0" type="stmt"/>
          <line num="57" count="0" type="stmt"/>
          <line num="59" count="0" type="stmt"/>
          <line num="60" count="0" type="stmt"/>
          <line num="61" count="0" type="stmt"/>
          <line num="62" count="0" type="stmt"/>
          <line num="66" count="0" type="stmt"/>
          <line num="67" count="0" type="stmt"/>
          <line num="68" count="0" type="stmt"/>
          <line num="69" count="0" type="stmt"/>
          <line num="73" count="0" type="stmt"/>
          <line num="74" count="0" type="stmt"/>
          <line num="75" count="0" type="stmt"/>
          <line num="76" count="0" type="stmt"/>
          <line num="80" count="0" type="stmt"/>
          <line num="88" count="1" type="stmt"/>
          <line num="93" count="1" type="stmt"/>
        </file>
        <file name="revisionChooserFileDropDown.html" path="/home/travis/build/MaibornWolff/codecharta/visualization/app/codeCharta/ui/revisionChooser/revisionChooserFileDropDown.html">
          <metrics statements="1" coveredstatements="1" conditionals="0" coveredconditionals="0" methods="0" coveredmethods="0"/>
          <line num="1" count="1" type="stmt"/>
        </file>
      </package>
      <package name="app.codeCharta.ui.scenarioButtons">
        <metrics statements="23" coveredstatements="21" conditionals="0" coveredconditionals="0" methods="8" coveredmethods="7"/>
        <file name="scenarioButtons.html" path="/home/travis/build/MaibornWolff/codecharta/visualization/app/codeCharta/ui/scenarioButtons/scenarioButtons.html">
          <metrics statements="1" coveredstatements="1" conditionals="0" coveredconditionals="0" methods="0" coveredmethods="0"/>
          <line num="1" count="1" type="stmt"/>
        </file>
        <file name="scenarioButtonsComponent.ts" path="/home/travis/build/MaibornWolff/codecharta/visualization/app/codeCharta/ui/scenarioButtons/scenarioButtonsComponent.ts">
          <metrics statements="21" coveredstatements="19" conditionals="0" coveredconditionals="0" methods="8" coveredmethods="7"/>
          <line num="15" count="7" type="stmt"/>
          <line num="25" count="7" type="stmt"/>
          <line num="26" count="7" type="stmt"/>
          <line num="27" count="7" type="stmt"/>
          <line num="28" count="7" type="stmt"/>
          <line num="29" count="7" type="stmt"/>
          <line num="30" count="7" type="stmt"/>
          <line num="31" count="7" type="stmt"/>
          <line num="32" count="7" type="stmt"/>
          <line num="33" count="7" type="stmt"/>
          <line num="37" count="7" type="stmt"/>
          <line num="41" count="1" type="stmt"/>
          <line num="45" count="1" type="stmt"/>
          <line num="49" count="1" type="stmt"/>
          <line num="58" count="2" type="stmt"/>
          <line num="66" count="1" type="stmt"/>
          <line num="67" count="1" type="stmt"/>
          <line num="71" count="0" type="stmt"/>
          <line num="72" count="0" type="stmt"/>
          <line num="76" count="1" type="stmt"/>
          <line num="81" count="1" type="stmt"/>
        </file>
        <file name="scenarioDropDown.html" path="/home/travis/build/MaibornWolff/codecharta/visualization/app/codeCharta/ui/scenarioButtons/scenarioDropDown.html">
          <metrics statements="1" coveredstatements="1" conditionals="0" coveredconditionals="0" methods="0" coveredmethods="0"/>
          <line num="1" count="1" type="stmt"/>
        </file>
      </package>
      <package name="mocks">
        <metrics statements="3" coveredstatements="3" conditionals="0" coveredconditionals="0" methods="0" coveredmethods="0"/>
        <file name="ng.mockhelper.ts" path="/home/travis/build/MaibornWolff/codecharta/visualization/mocks/ng.mockhelper.ts">
          <metrics statements="2" coveredstatements="2" conditionals="0" coveredconditionals="0" methods="0" coveredmethods="0"/>
          <line num="5" count="14" type="stmt"/>
          <line num="6" count="14" type="stmt"/>
        </file>
        <file name="styleMock.js" path="/home/travis/build/MaibornWolff/codecharta/visualization/mocks/styleMock.js">
          <metrics statements="1" coveredstatements="1" conditionals="0" coveredconditionals="0" methods="0" coveredmethods="0"/>
          <line num="1" count="10" type="stmt"/>
        </file>
      </package>
    </metrics>
  </project>
</coverage>
