{"/home/travis/build/MaibornWolff/codecharta/visualization/app/codeCharta/codeCharta.component.html": {"path":"/home/travis/build/MaibornWolff/codecharta/visualization/app/codeCharta/codeCharta.component.html","statementMap":{"0":{"start":{"line":1,"column":0},"end":{"line":1,"column":944}}},"fnMap":{},"branchMap":{},"s":{"0":1},"f":{},"b":{},"_coverageSchema":"332fd63041d2c1bcb487cc26dd0d5f7d97098a6c","hash":"8294fa9ff5efcdcbe25d95905b62eff781a29d0a"}
,"/home/travis/build/MaibornWolff/codecharta/visualization/app/codeCharta/codeCharta.component.ts": {"path":"/home/travis/build/MaibornWolff/codecharta/visualization/app/codeCharta/codeCharta.component.ts","statementMap":{"0":{"start":{"line":26,"column":16},"end":{"line":26,"column":54}},"1":{"start":{"line":27,"column":16},"end":{"line":27,"column":38}},"2":{"start":{"line":28,"column":16},"end":{"line":28,"column":48}},"3":{"start":{"line":29,"column":16},"end":{"line":29,"column":48}},"4":{"start":{"line":30,"column":16},"end":{"line":30,"column":40}},"5":{"start":{"line":31,"column":16},"end":{"line":31,"column":68}},"6":{"start":{"line":32,"column":16},"end":{"line":32,"column":45}},"7":{"start":{"line":33,"column":16},"end":{"line":33,"column":44}},"8":{"start":{"line":19,"column":11},"end":{"line":22,"column":6}},"9":{"start":{"line":35,"column":8},"end":{"line":35,"column":50}},"10":{"start":{"line":36,"column":8},"end":{"line":36,"column":32}},"11":{"start":{"line":37,"column":8},"end":{"line":37,"column":43}},"12":{"start":{"line":41,"column":8},"end":{"line":41,"column":106}},"13":{"start":{"line":41,"column":52},"end":{"line":41,"column":98}},"14":{"start":{"line":45,"column":8},"end":{"line":47,"column":11}},"15":{"start":{"line":46,"column":12},"end":{"line":46,"column":50}},"16":{"start":{"line":49,"column":8},"end":{"line":51,"column":11}},"17":{"start":{"line":50,"column":12},"end":{"line":50,"column":50}},"18":{"start":{"line":55,"column":8},"end":{"line":55,"column":51}},"19":{"start":{"line":59,"column":8},"end":{"line":59,"column":46}},"20":{"start":{"line":60,"column":8},"end":{"line":69,"column":10}},"21":{"start":{"line":62,"column":16},"end":{"line":66,"column":17}},"22":{"start":{"line":63,"column":20},"end":{"line":63,"column":47}},"23":{"start":{"line":65,"column":20},"end":{"line":65,"column":49}},"24":{"start":{"line":74,"column":20},"end":{"line":74,"column":22}},"25":{"start":{"line":76,"column":8},"end":{"line":80,"column":11}},"26":{"start":{"line":77,"column":11},"end":{"line":79,"column":13}},"27":{"start":{"line":82,"column":8},"end":{"line":98,"column":10}},"28":{"start":{"line":84,"column":16},"end":{"line":88,"column":17}},"29":{"start":{"line":85,"column":20},"end":{"line":85,"column":102}},"30":{"start":{"line":87,"column":20},"end":{"line":87,"column":98}},"31":{"start":{"line":89,"column":16},"end":{"line":89,"column":53}},"32":{"start":{"line":90,"column":16},"end":{"line":90,"column":52}},"33":{"start":{"line":91,"column":16},"end":{"line":91,"column":61}},"34":{"start":{"line":92,"column":16},"end":{"line":92,"column":54}},"35":{"start":{"line":95,"column":16},"end":{"line":95,"column":36}},"36":{"start":{"line":96,"column":16},"end":{"line":96,"column":54}},"37":{"start":{"line":103,"column":8},"end":{"line":105,"column":9}},"38":{"start":{"line":104,"column":12},"end":{"line":104,"column":153}},"39":{"start":{"line":106,"column":8},"end":{"line":109,"column":18}},"40":{"start":{"line":113,"column":8},"end":{"line":113,"column":79}},"41":{"start":{"line":118,"column":35},"end":{"line":122,"column":1}}},"fnMap":{"0":{"name":"(anonymous_0)","decl":{"start":{"line":25,"column":4},"end":{"line":26,"column":15}},"loc":{"start":{"line":33,"column":44},"end":{"line":38,"column":5}}},"1":{"name":"(anonymous_1)","decl":{"start":{"line":40,"column":12},"end":{"line":40,"column":38}},"loc":{"start":{"line":40,"column":39},"end":{"line":42,"column":5}}},"2":{"name":"(anonymous_2)","decl":{"start":{"line":41,"column":48},"end":{"line":41,"column":49}},"loc":{"start":{"line":41,"column":52},"end":{"line":41,"column":98}}},"3":{"name":"(anonymous_3)","decl":{"start":{"line":44,"column":12},"end":{"line":44,"column":35}},"loc":{"start":{"line":44,"column":74},"end":{"line":52,"column":5}}},"4":{"name":"(anonymous_4)","decl":{"start":{"line":45,"column":43},"end":{"line":45,"column":45}},"loc":{"start":{"line":45,"column":48},"end":{"line":47,"column":9}}},"5":{"name":"(anonymous_5)","decl":{"start":{"line":49,"column":46},"end":{"line":49,"column":48}},"loc":{"start":{"line":49,"column":51},"end":{"line":51,"column":9}}},"6":{"name":"(anonymous_6)","decl":{"start":{"line":54,"column":4},"end":{"line":54,"column":15}},"loc":{"start":{"line":54,"column":16},"end":{"line":56,"column":5}}},"7":{"name":"(anonymous_7)","decl":{"start":{"line":58,"column":4},"end":{"line":58,"column":19}},"loc":{"start":{"line":58,"column":20},"end":{"line":70,"column":5}}},"8":{"name":"(anonymous_8)","decl":{"start":{"line":61,"column":12},"end":{"line":61,"column":13}},"loc":{"start":{"line":61,"column":36},"end":{"line":67,"column":13}}},"9":{"name":"(anonymous_9)","decl":{"start":{"line":72,"column":4},"end":{"line":72,"column":18}},"loc":{"start":{"line":72,"column":75},"end":{"line":100,"column":5}}},"10":{"name":"(anonymous_10)","decl":{"start":{"line":76,"column":30},"end":{"line":76,"column":31}},"loc":{"start":{"line":76,"column":38},"end":{"line":80,"column":9}}},"11":{"name":"(anonymous_11)","decl":{"start":{"line":83,"column":12},"end":{"line":83,"column":14}},"loc":{"start":{"line":83,"column":17},"end":{"line":93,"column":13}}},"12":{"name":"(anonymous_12)","decl":{"start":{"line":94,"column":12},"end":{"line":94,"column":13}},"loc":{"start":{"line":94,"column":18},"end":{"line":97,"column":13}}},"13":{"name":"(anonymous_13)","decl":{"start":{"line":102,"column":4},"end":{"line":102,"column":24}},"loc":{"start":{"line":102,"column":25},"end":{"line":110,"column":5}}},"14":{"name":"(anonymous_14)","decl":{"start":{"line":112,"column":4},"end":{"line":112,"column":14}},"loc":{"start":{"line":112,"column":30},"end":{"line":114,"column":5}}}},"branchMap":{"0":{"loc":{"start":{"line":62,"column":16},"end":{"line":66,"column":17}},"type":"if","locations":[{"start":{"line":62,"column":16},"end":{"line":66,"column":17}},{"start":{"line":62,"column":16},"end":{"line":66,"column":17}}]},"1":{"loc":{"start":{"line":72,"column":71},"end":{"line":72,"column":75}},"type":"default-arg","locations":[{"start":{"line":72,"column":71},"end":{"line":72,"column":75}}]},"2":{"loc":{"start":{"line":84,"column":16},"end":{"line":88,"column":17}},"type":"if","locations":[{"start":{"line":84,"column":16},"end":{"line":88,"column":17}},{"start":{"line":84,"column":16},"end":{"line":88,"column":17}}]},"3":{"loc":{"start":{"line":103,"column":8},"end":{"line":105,"column":9}},"type":"if","locations":[{"start":{"line":103,"column":8},"end":{"line":105,"column":9}},{"start":{"line":103,"column":8},"end":{"line":105,"column":9}}]}},"s":{"0":22,"1":22,"2":22,"3":22,"4":22,"5":22,"6":22,"7":22,"8":22,"9":22,"10":22,"11":22,"12":22,"13":1,"14":22,"15":1,"16":22,"17":1,"18":1,"19":25,"20":25,"21":24,"22":1,"23":23,"24":38,"25":38,"26":68,"27":38,"28":34,"29":5,"30":29,"31":34,"32":34,"33":34,"34":34,"35":4,"36":4,"37":31,"38":1,"39":31,"40":3,"41":1},"f":{"0":22,"1":22,"2":1,"3":22,"4":1,"5":1,"6":1,"7":25,"8":24,"9":38,"10":68,"11":34,"12":4,"13":31,"14":3},"b":{"0":[1,23],"1":[7],"2":[5,29],"3":[1,30]}}
,"/home/travis/build/MaibornWolff/codecharta/visualization/app/codeCharta/core/aggregate/aggregate.module.ts": {"path":"/home/travis/build/MaibornWolff/codecharta/visualization/app/codeCharta/core/aggregate/aggregate.module.ts","statementMap":{"0":{"start":{"line":7,"column":0},"end":{"line":11,"column":2}}},"fnMap":{},"branchMap":{},"s":{"0":1},"f":{},"b":{}}
,"/home/travis/build/MaibornWolff/codecharta/visualization/app/codeCharta/core/aggregate/aggregate.service.ts": {"path":"/home/travis/build/MaibornWolff/codecharta/visualization/app/codeCharta/core/aggregate/aggregate.service.ts","statementMap":{"0":{"start":{"line":11,"column":8},"end":{"line":11,"column":54}},"1":{"start":{"line":11,"column":34},"end":{"line":11,"column":54}},"2":{"start":{"line":13,"column":31},"end":{"line":13,"column":33}},"3":{"start":{"line":14,"column":28},"end":{"line":14,"column":30}},"4":{"start":{"line":16,"column":8},"end":{"line":19,"column":9}},"5":{"start":{"line":17,"column":12},"end":{"line":17,"column":56}},"6":{"start":{"line":18,"column":12},"end":{"line":18,"column":50}},"7":{"start":{"line":21,"column":33},"end":{"line":32,"column":9}},"8":{"start":{"line":34,"column":8},"end":{"line":36,"column":9}},"9":{"start":{"line":35,"column":12},"end":{"line":35,"column":74}},"10":{"start":{"line":37,"column":8},"end":{"line":37,"column":25}},"11":{"start":{"line":42,"column":38},"end":{"line":42,"column":55}},"12":{"start":{"line":43,"column":8},"end":{"line":43,"column":50}},"13":{"start":{"line":45,"column":8},"end":{"line":56,"column":9}},"14":{"start":{"line":47,"column":12},"end":{"line":55,"column":13}},"15":{"start":{"line":48,"column":16},"end":{"line":48,"column":94}},"16":{"start":{"line":50,"column":17},"end":{"line":55,"column":13}},"17":{"start":{"line":51,"column":16},"end":{"line":51,"column":102}},"18":{"start":{"line":53,"column":17},"end":{"line":55,"column":13}},"19":{"start":{"line":54,"column":16},"end":{"line":54,"column":68}},"20":{"start":{"line":58,"column":8},"end":{"line":58,"column":81}},"21":{"start":{"line":60,"column":8},"end":{"line":60,"column":26}},"22":{"start":{"line":64,"column":8},"end":{"line":72,"column":9}},"23":{"start":{"line":65,"column":12},"end":{"line":67,"column":13}},"24":{"start":{"line":66,"column":16},"end":{"line":66,"column":79}},"25":{"start":{"line":69,"column":12},"end":{"line":71,"column":13}},"26":{"start":{"line":70,"column":16},"end":{"line":70,"column":77}},"27":{"start":{"line":76,"column":22},"end":{"line":76,"column":52}},"28":{"start":{"line":77,"column":20},"end":{"line":77,"column":51}},"29":{"start":{"line":78,"column":23},"end":{"line":78,"column":60}},"30":{"start":{"line":79,"column":8},"end":{"line":79,"column":24}},"31":{"start":{"line":6,"column":18},"end":{"line":6,"column":51}}},"fnMap":{"0":{"name":"(anonymous_0)","decl":{"start":{"line":9,"column":11},"end":{"line":9,"column":23}},"loc":{"start":{"line":9,"column":45},"end":{"line":38,"column":5}}},"1":{"name":"(anonymous_1)","decl":{"start":{"line":40,"column":12},"end":{"line":40,"column":27}},"loc":{"start":{"line":40,"column":50},"end":{"line":61,"column":5}}},"2":{"name":"(anonymous_2)","decl":{"start":{"line":63,"column":12},"end":{"line":63,"column":34}},"loc":{"start":{"line":63,"column":69},"end":{"line":73,"column":5}}},"3":{"name":"(anonymous_3)","decl":{"start":{"line":75,"column":12},"end":{"line":75,"column":21}},"loc":{"start":{"line":75,"column":37},"end":{"line":80,"column":5}}}},"branchMap":{"0":{"loc":{"start":{"line":11,"column":8},"end":{"line":11,"column":54}},"type":"if","locations":[{"start":{"line":11,"column":8},"end":{"line":11,"column":54}},{"start":{"line":11,"column":8},"end":{"line":11,"column":54}}]},"1":{"loc":{"start":{"line":47,"column":12},"end":{"line":55,"column":13}},"type":"if","locations":[{"start":{"line":47,"column":12},"end":{"line":55,"column":13}},{"start":{"line":47,"column":12},"end":{"line":55,"column":13}}]},"2":{"loc":{"start":{"line":50,"column":17},"end":{"line":55,"column":13}},"type":"if","locations":[{"start":{"line":50,"column":17},"end":{"line":55,"column":13}},{"start":{"line":50,"column":17},"end":{"line":55,"column":13}}]},"3":{"loc":{"start":{"line":53,"column":17},"end":{"line":55,"column":13}},"type":"if","locations":[{"start":{"line":53,"column":17},"end":{"line":55,"column":13}},{"start":{"line":53,"column":17},"end":{"line":55,"column":13}}]},"4":{"loc":{"start":{"line":65,"column":12},"end":{"line":67,"column":13}},"type":"if","locations":[{"start":{"line":65,"column":12},"end":{"line":67,"column":13}},{"start":{"line":65,"column":12},"end":{"line":67,"column":13}}]},"5":{"loc":{"start":{"line":69,"column":12},"end":{"line":71,"column":13}},"type":"if","locations":[{"start":{"line":69,"column":12},"end":{"line":71,"column":13}},{"start":{"line":69,"column":12},"end":{"line":71,"column":13}}]},"6":{"loc":{"start":{"line":77,"column":43},"end":{"line":77,"column":46}},"type":"cond-expr","locations":[{"start":{"line":77,"column":43},"end":{"line":77,"column":46}},{"start":{"line":77,"column":49},"end":{"line":77,"column":51}}]}},"s":{"0":3,"1":1,"2":2,"3":2,"4":2,"5":6,"6":6,"7":2,"8":2,"9":6,"10":2,"11":6,"12":6,"13":6,"14":18,"15":6,"16":12,"17":0,"18":12,"19":6,"20":6,"21":6,"22":12,"23":18,"24":0,"25":18,"26":6,"27":0,"28":0,"29":0,"30":0,"31":1},"f":{"0":3,"1":6,"2":12,"3":0},"b":{"0":[1,2],"1":[6,12],"2":[0,12],"3":[6,6],"4":[0,18],"5":[6,12],"6":[0,0]}}
,"/home/travis/build/MaibornWolff/codecharta/visualization/app/codeCharta/core/data/data.decorator.service.ts": {"path":"/home/travis/build/MaibornWolff/codecharta/visualization/app/codeCharta/core/data/data.decorator.service.ts","statementMap":{"0":{"start":{"line":14,"column":37},"end":{"line":20,"column":9}},"1":{"start":{"line":15,"column":12},"end":{"line":19,"column":59}},"2":{"start":{"line":22,"column":20},"end":{"line":39,"column":9}},"3":{"start":{"line":23,"column":12},"end":{"line":38,"column":13}},"4":{"start":{"line":24,"column":28},"end":{"line":24,"column":47}},"5":{"start":{"line":25,"column":16},"end":{"line":25,"column":50}},"6":{"start":{"line":26,"column":16},"end":{"line":26,"column":49}},"7":{"start":{"line":27,"column":16},"end":{"line":27,"column":49}},"8":{"start":{"line":28,"column":16},"end":{"line":30,"column":17}},"9":{"start":{"line":29,"column":20},"end":{"line":29,"column":46}},"10":{"start":{"line":31,"column":16},"end":{"line":31,"column":54}},"11":{"start":{"line":32,"column":16},"end":{"line":32,"column":46}},"12":{"start":{"line":33,"column":16},"end":{"line":33,"column":29}},"13":{"start":{"line":34,"column":19},"end":{"line":38,"column":13}},"14":{"start":{"line":35,"column":16},"end":{"line":37,"column":17}},"15":{"start":{"line":36,"column":20},"end":{"line":36,"column":45}},"16":{"start":{"line":41,"column":8},"end":{"line":43,"column":9}},"17":{"start":{"line":42,"column":12},"end":{"line":42,"column":26}},"18":{"start":{"line":53,"column":8},"end":{"line":65,"column":9}},"19":{"start":{"line":55,"column":23},"end":{"line":55,"column":58}},"20":{"start":{"line":56,"column":60},"end":{"line":56,"column":78}},"21":{"start":{"line":58,"column":12},"end":{"line":63,"column":13}},"22":{"start":{"line":59,"column":16},"end":{"line":61,"column":17}},"23":{"start":{"line":60,"column":20},"end":{"line":60,"column":56}},"24":{"start":{"line":62,"column":16},"end":{"line":62,"column":74}},"25":{"start":{"line":70,"column":8},"end":{"line":77,"column":9}},"26":{"start":{"line":72,"column":23},"end":{"line":72,"column":58}},"27":{"start":{"line":73,"column":12},"end":{"line":75,"column":15}},"28":{"start":{"line":74,"column":16},"end":{"line":74,"column":41}},"29":{"start":{"line":82,"column":8},"end":{"line":89,"column":9}},"30":{"start":{"line":84,"column":23},"end":{"line":84,"column":58}},"31":{"start":{"line":85,"column":12},"end":{"line":87,"column":15}},"32":{"start":{"line":86,"column":16},"end":{"line":86,"column":48}},"33":{"start":{"line":93,"column":8},"end":{"line":103,"column":9}},"34":{"start":{"line":94,"column":23},"end":{"line":94,"column":58}},"35":{"start":{"line":95,"column":12},"end":{"line":102,"column":15}},"36":{"start":{"line":96,"column":27},"end":{"line":96,"column":42}},"37":{"start":{"line":97,"column":33},"end":{"line":97,"column":35}},"38":{"start":{"line":98,"column":16},"end":{"line":100,"column":19}},"39":{"start":{"line":99,"column":20},"end":{"line":99,"column":56}},"40":{"start":{"line":101,"column":16},"end":{"line":101,"column":44}},"41":{"start":{"line":108,"column":8},"end":{"line":128,"column":11}},"42":{"start":{"line":109,"column":12},"end":{"line":127,"column":13}},"43":{"start":{"line":111,"column":27},"end":{"line":111,"column":62}},"44":{"start":{"line":112,"column":16},"end":{"line":125,"column":19}},"45":{"start":{"line":115,"column":20},"end":{"line":115,"column":59}},"46":{"start":{"line":118,"column":20},"end":{"line":123,"column":21}},"47":{"start":{"line":119,"column":37},"end":{"line":119,"column":47}},"48":{"start":{"line":120,"column":24},"end":{"line":122,"column":25}},"49":{"start":{"line":121,"column":28},"end":{"line":121,"column":61}},"50":{"start":{"line":134,"column":8},"end":{"line":144,"column":11}},"51":{"start":{"line":135,"column":12},"end":{"line":143,"column":13}},"52":{"start":{"line":137,"column":27},"end":{"line":137,"column":62}},"53":{"start":{"line":138,"column":16},"end":{"line":141,"column":19}},"54":{"start":{"line":139,"column":20},"end":{"line":139,"column":75}},"55":{"start":{"line":149,"column":8},"end":{"line":149,"column":47}},"56":{"start":{"line":152,"column":8},"end":{"line":157,"column":9}},"57":{"start":{"line":153,"column":25},"end":{"line":153,"column":35}},"58":{"start":{"line":154,"column":12},"end":{"line":156,"column":13}},"59":{"start":{"line":155,"column":16},"end":{"line":155,"column":62}},"60":{"start":{"line":162,"column":8},"end":{"line":172,"column":11}},"61":{"start":{"line":165,"column":26},"end":{"line":165,"column":27}},"62":{"start":{"line":166,"column":24},"end":{"line":166,"column":37}},"63":{"start":{"line":167,"column":16},"end":{"line":169,"column":17}},"64":{"start":{"line":168,"column":20},"end":{"line":168,"column":60}},"65":{"start":{"line":170,"column":16},"end":{"line":170,"column":27}},"66":{"start":{"line":176,"column":8},"end":{"line":178,"column":9}},"67":{"start":{"line":177,"column":12},"end":{"line":177,"column":38}}},"fnMap":{"0":{"name":"(anonymous_0)","decl":{"start":{"line":12,"column":11},"end":{"line":12,"column":46}},"loc":{"start":{"line":12,"column":60},"end":{"line":45,"column":5}}},"1":{"name":"(anonymous_1)","decl":{"start":{"line":14,"column":37},"end":{"line":14,"column":38}},"loc":{"start":{"line":14,"column":49},"end":{"line":20,"column":9}}},"2":{"name":"(anonymous_2)","decl":{"start":{"line":22,"column":20},"end":{"line":22,"column":21}},"loc":{"start":{"line":22,"column":32},"end":{"line":39,"column":9}}},"3":{"name":"(anonymous_3)","decl":{"start":{"line":51,"column":11},"end":{"line":51,"column":36}},"loc":{"start":{"line":51,"column":50},"end":{"line":66,"column":5}}},"4":{"name":"(anonymous_4)","decl":{"start":{"line":68,"column":11},"end":{"line":68,"column":41}},"loc":{"start":{"line":68,"column":55},"end":{"line":78,"column":5}}},"5":{"name":"(anonymous_5)","decl":{"start":{"line":73,"column":22},"end":{"line":73,"column":23}},"loc":{"start":{"line":73,"column":31},"end":{"line":75,"column":13}}},"6":{"name":"(anonymous_6)","decl":{"start":{"line":80,"column":11},"end":{"line":80,"column":40}},"loc":{"start":{"line":80,"column":54},"end":{"line":90,"column":5}}},"7":{"name":"(anonymous_7)","decl":{"start":{"line":85,"column":22},"end":{"line":85,"column":23}},"loc":{"start":{"line":85,"column":31},"end":{"line":87,"column":13}}},"8":{"name":"(anonymous_8)","decl":{"start":{"line":92,"column":11},"end":{"line":92,"column":38}},"loc":{"start":{"line":92,"column":52},"end":{"line":104,"column":5}}},"9":{"name":"(anonymous_9)","decl":{"start":{"line":95,"column":22},"end":{"line":95,"column":23}},"loc":{"start":{"line":95,"column":31},"end":{"line":102,"column":13}}},"10":{"name":"(anonymous_10)","decl":{"start":{"line":98,"column":29},"end":{"line":98,"column":30}},"loc":{"start":{"line":98,"column":39},"end":{"line":100,"column":17}}},"11":{"name":"(anonymous_11)","decl":{"start":{"line":106,"column":11},"end":{"line":106,"column":42}},"loc":{"start":{"line":106,"column":78},"end":{"line":130,"column":5}}},"12":{"name":"(anonymous_12)","decl":{"start":{"line":108,"column":21},"end":{"line":108,"column":22}},"loc":{"start":{"line":108,"column":29},"end":{"line":128,"column":9}}},"13":{"name":"(anonymous_13)","decl":{"start":{"line":112,"column":38},"end":{"line":112,"column":39}},"loc":{"start":{"line":112,"column":47},"end":{"line":125,"column":17}}},"14":{"name":"(anonymous_14)","decl":{"start":{"line":132,"column":11},"end":{"line":132,"column":56}},"loc":{"start":{"line":132,"column":92},"end":{"line":145,"column":5}}},"15":{"name":"(anonymous_15)","decl":{"start":{"line":134,"column":21},"end":{"line":134,"column":22}},"loc":{"start":{"line":134,"column":29},"end":{"line":144,"column":9}}},"16":{"name":"(anonymous_16)","decl":{"start":{"line":138,"column":26},"end":{"line":138,"column":27}},"loc":{"start":{"line":138,"column":35},"end":{"line":141,"column":17}}},"17":{"name":"(anonymous_17)","decl":{"start":{"line":147,"column":11},"end":{"line":147,"column":44}},"loc":{"start":{"line":147,"column":69},"end":{"line":159,"column":5}}},"18":{"name":"(anonymous_18)","decl":{"start":{"line":161,"column":12},"end":{"line":161,"column":37}},"loc":{"start":{"line":161,"column":59},"end":{"line":173,"column":5}}},"19":{"name":"(anonymous_19)","decl":{"start":{"line":164,"column":17},"end":{"line":null,"column":-1}},"loc":{"start":{"line":164,"column":17},"end":{"line":171,"column":13}}},"20":{"name":"(anonymous_20)","decl":{"start":{"line":175,"column":12},"end":{"line":175,"column":38}},"loc":{"start":{"line":175,"column":44},"end":{"line":179,"column":5}}}},"branchMap":{"0":{"loc":{"start":{"line":15,"column":19},"end":{"line":15,"column":26}},"type":"binary-expr","locations":[{"start":{"line":15,"column":19},"end":{"line":15,"column":26}},{"start":{"line":16,"column":19},"end":{"line":16,"column":35}},{"start":{"line":17,"column":19},"end":{"line":17,"column":48}},{"start":{"line":18,"column":19},"end":{"line":18,"column":47}},{"start":{"line":19,"column":19},"end":{"line":19,"column":58}}]},"1":{"loc":{"start":{"line":23,"column":12},"end":{"line":38,"column":13}},"type":"if","locations":[{"start":{"line":23,"column":12},"end":{"line":38,"column":13}},{"start":{"line":23,"column":12},"end":{"line":38,"column":13}}]},"2":{"loc":{"start":{"line":28,"column":16},"end":{"line":30,"column":17}},"type":"if","locations":[{"start":{"line":28,"column":16},"end":{"line":30,"column":17}},{"start":{"line":28,"column":16},"end":{"line":30,"column":17}}]},"3":{"loc":{"start":{"line":34,"column":19},"end":{"line":38,"column":13}},"type":"if","locations":[{"start":{"line":34,"column":19},"end":{"line":38,"column":13}},{"start":{"line":34,"column":19},"end":{"line":38,"column":13}}]},"4":{"loc":{"start":{"line":34,"column":23},"end":{"line":34,"column":30}},"type":"binary-expr","locations":[{"start":{"line":34,"column":23},"end":{"line":34,"column":30}},{"start":{"line":34,"column":34},"end":{"line":34,"column":50}},{"start":{"line":34,"column":54},"end":{"line":34,"column":81}}]},"5":{"loc":{"start":{"line":41,"column":8},"end":{"line":43,"column":9}},"type":"if","locations":[{"start":{"line":41,"column":8},"end":{"line":43,"column":9}},{"start":{"line":41,"column":8},"end":{"line":43,"column":9}}]},"6":{"loc":{"start":{"line":41,"column":12},"end":{"line":41,"column":15}},"type":"binary-expr","locations":[{"start":{"line":41,"column":12},"end":{"line":41,"column":15}},{"start":{"line":41,"column":19},"end":{"line":41,"column":27}}]},"7":{"loc":{"start":{"line":53,"column":8},"end":{"line":65,"column":9}},"type":"if","locations":[{"start":{"line":53,"column":8},"end":{"line":65,"column":9}},{"start":{"line":53,"column":8},"end":{"line":65,"column":9}}]},"8":{"loc":{"start":{"line":53,"column":12},"end":{"line":53,"column":15}},"type":"binary-expr","locations":[{"start":{"line":53,"column":12},"end":{"line":53,"column":15}},{"start":{"line":53,"column":19},"end":{"line":53,"column":27}}]},"9":{"loc":{"start":{"line":59,"column":16},"end":{"line":61,"column":17}},"type":"if","locations":[{"start":{"line":59,"column":16},"end":{"line":61,"column":17}},{"start":{"line":59,"column":16},"end":{"line":61,"column":17}}]},"10":{"loc":{"start":{"line":70,"column":8},"end":{"line":77,"column":9}},"type":"if","locations":[{"start":{"line":70,"column":8},"end":{"line":77,"column":9}},{"start":{"line":70,"column":8},"end":{"line":77,"column":9}}]},"11":{"loc":{"start":{"line":70,"column":12},"end":{"line":70,"column":15}},"type":"binary-expr","locations":[{"start":{"line":70,"column":12},"end":{"line":70,"column":15}},{"start":{"line":70,"column":19},"end":{"line":70,"column":27}}]},"12":{"loc":{"start":{"line":82,"column":8},"end":{"line":89,"column":9}},"type":"if","locations":[{"start":{"line":82,"column":8},"end":{"line":89,"column":9}},{"start":{"line":82,"column":8},"end":{"line":89,"column":9}}]},"13":{"loc":{"start":{"line":82,"column":12},"end":{"line":82,"column":15}},"type":"binary-expr","locations":[{"start":{"line":82,"column":12},"end":{"line":82,"column":15}},{"start":{"line":82,"column":19},"end":{"line":82,"column":27}}]},"14":{"loc":{"start":{"line":93,"column":8},"end":{"line":103,"column":9}},"type":"if","locations":[{"start":{"line":93,"column":8},"end":{"line":103,"column":9}},{"start":{"line":93,"column":8},"end":{"line":103,"column":9}}]},"15":{"loc":{"start":{"line":93,"column":12},"end":{"line":93,"column":15}},"type":"binary-expr","locations":[{"start":{"line":93,"column":12},"end":{"line":93,"column":15}},{"start":{"line":93,"column":19},"end":{"line":93,"column":27}}]},"16":{"loc":{"start":{"line":109,"column":12},"end":{"line":127,"column":13}},"type":"if","locations":[{"start":{"line":109,"column":12},"end":{"line":127,"column":13}},{"start":{"line":109,"column":12},"end":{"line":127,"column":13}}]},"17":{"loc":{"start":{"line":109,"column":16},"end":{"line":109,"column":19}},"type":"binary-expr","locations":[{"start":{"line":109,"column":16},"end":{"line":109,"column":19}},{"start":{"line":109,"column":23},"end":{"line":109,"column":31}}]},"18":{"loc":{"start":{"line":120,"column":24},"end":{"line":122,"column":25}},"type":"if","locations":[{"start":{"line":120,"column":24},"end":{"line":122,"column":25}},{"start":{"line":120,"column":24},"end":{"line":122,"column":25}}]},"19":{"loc":{"start":{"line":135,"column":12},"end":{"line":143,"column":13}},"type":"if","locations":[{"start":{"line":135,"column":12},"end":{"line":143,"column":13}},{"start":{"line":135,"column":12},"end":{"line":143,"column":13}}]},"20":{"loc":{"start":{"line":135,"column":16},"end":{"line":135,"column":19}},"type":"binary-expr","locations":[{"start":{"line":135,"column":16},"end":{"line":135,"column":19}},{"start":{"line":135,"column":23},"end":{"line":135,"column":31}}]},"21":{"loc":{"start":{"line":154,"column":12},"end":{"line":156,"column":13}},"type":"if","locations":[{"start":{"line":154,"column":12},"end":{"line":156,"column":13}},{"start":{"line":154,"column":12},"end":{"line":156,"column":13}}]},"22":{"loc":{"start":{"line":154,"column":16},"end":{"line":154,"column":60}},"type":"binary-expr","locations":[{"start":{"line":154,"column":16},"end":{"line":154,"column":60}},{"start":{"line":154,"column":64},"end":{"line":154,"column":82}},{"start":{"line":154,"column":86},"end":{"line":154,"column":115}}]},"23":{"loc":{"start":{"line":176,"column":8},"end":{"line":178,"column":9}},"type":"if","locations":[{"start":{"line":176,"column":8},"end":{"line":178,"column":9}},{"start":{"line":176,"column":8},"end":{"line":178,"column":9}}]}},"s":{"0":33,"1":167,"2":33,"3":167,"4":6,"5":6,"6":6,"7":6,"8":6,"9":1,"10":6,"11":6,"12":6,"13":161,"14":61,"15":128,"16":33,"17":33,"18":26,"19":26,"20":26,"21":26,"22":134,"23":1,"24":134,"25":24,"26":24,"27":24,"28":128,"29":35,"30":35,"31":35,"32":199,"33":35,"34":35,"35":35,"36":198,"37":198,"38":198,"39":445,"40":198,"41":29,"42":37,"43":37,"44":37,"45":123,"46":123,"47":543,"48":543,"49":56,"50":27,"51":33,"52":33,"53":33,"54":173,"55":173,"56":173,"57":745,"58":745,"59":47,"60":47,"61":27,"62":27,"63":27,"64":69,"65":27,"66":296,"67":2},"f":{"0":33,"1":167,"2":167,"3":26,"4":24,"5":128,"6":35,"7":199,"8":35,"9":198,"10":445,"11":29,"12":37,"13":123,"14":27,"15":33,"16":173,"17":173,"18":47,"19":27,"20":296},"b":{"0":[167,167,68,7,6],"1":[6,161],"2":[1,5],"3":[61,100],"4":[161,161,62],"5":[33,0],"6":[33,33],"7":[26,0],"8":[26,26],"9":[1,133],"10":[24,0],"11":[24,24],"12":[35,0],"13":[35,35],"14":[35,0],"15":[35,35],"16":[37,0],"17":[37,37],"18":[56,487],"19":[33,0],"20":[33,33],"21":[47,698],"22":[745,47,47],"23":[2,294]}}
,"/home/travis/build/MaibornWolff/codecharta/visualization/app/codeCharta/core/data/data.deltaCalculator.service.ts": {"path":"/home/travis/build/MaibornWolff/codecharta/visualization/app/codeCharta/core/data/data.deltaCalculator.service.ts","statementMap":{"0":{"start":{"line":19,"column":24},"end":{"line":19,"column":66}},"1":{"start":{"line":24,"column":8},"end":{"line":31,"column":11}},"2":{"start":{"line":25,"column":12},"end":{"line":30,"column":13}},"3":{"start":{"line":27,"column":32},"end":{"line":27,"column":51}},"4":{"start":{"line":28,"column":16},"end":{"line":28,"column":55}},"5":{"start":{"line":29,"column":16},"end":{"line":29,"column":76}},"6":{"start":{"line":36,"column":34},"end":{"line":36,"column":54}},"7":{"start":{"line":38,"column":40},"end":{"line":38,"column":80}},"8":{"start":{"line":39,"column":41},"end":{"line":39,"column":62}},"9":{"start":{"line":40,"column":22},"end":{"line":40,"column":36}},"10":{"start":{"line":43,"column":8},"end":{"line":87,"column":9}},"11":{"start":{"line":45,"column":43},"end":{"line":45,"column":48}},"12":{"start":{"line":47,"column":12},"end":{"line":62,"column":13}},"13":{"start":{"line":49,"column":16},"end":{"line":58,"column":17}},"14":{"start":{"line":50,"column":32},"end":{"line":50,"column":51}},"15":{"start":{"line":51,"column":20},"end":{"line":57,"column":21}},"16":{"start":{"line":53,"column":24},"end":{"line":53,"column":40}},"17":{"start":{"line":54,"column":24},"end":{"line":54,"column":66}},"18":{"start":{"line":55,"column":24},"end":{"line":55,"column":67}},"19":{"start":{"line":56,"column":24},"end":{"line":56,"column":56}},"20":{"start":{"line":61,"column":16},"end":{"line":61,"column":38}},"21":{"start":{"line":64,"column":12},"end":{"line":85,"column":13}},"22":{"start":{"line":66,"column":16},"end":{"line":66,"column":58}},"23":{"start":{"line":68,"column":29},"end":{"line":75,"column":17}},"24":{"start":{"line":77,"column":16},"end":{"line":77,"column":108}},"25":{"start":{"line":78,"column":16},"end":{"line":78,"column":47}},"26":{"start":{"line":80,"column":16},"end":{"line":80,"column":46}},"27":{"start":{"line":81,"column":16},"end":{"line":81,"column":33}},"28":{"start":{"line":84,"column":16},"end":{"line":84,"column":59}},"29":{"start":{"line":90,"column":8},"end":{"line":92,"column":9}},"30":{"start":{"line":91,"column":12},"end":{"line":91,"column":34}},"31":{"start":{"line":93,"column":8},"end":{"line":93,"column":36}},"32":{"start":{"line":100,"column":8},"end":{"line":102,"column":9}},"33":{"start":{"line":101,"column":12},"end":{"line":101,"column":19}},"34":{"start":{"line":105,"column":8},"end":{"line":105,"column":45}},"35":{"start":{"line":106,"column":8},"end":{"line":106,"column":46}},"36":{"start":{"line":109,"column":31},"end":{"line":109,"column":61}},"37":{"start":{"line":110,"column":8},"end":{"line":112,"column":11}},"38":{"start":{"line":111,"column":12},"end":{"line":111,"column":60}},"39":{"start":{"line":114,"column":32},"end":{"line":114,"column":62}},"40":{"start":{"line":115,"column":8},"end":{"line":117,"column":11}},"41":{"start":{"line":116,"column":12},"end":{"line":116,"column":61}},"42":{"start":{"line":120,"column":8},"end":{"line":120,"column":109}},"43":{"start":{"line":121,"column":8},"end":{"line":121,"column":109}},"44":{"start":{"line":124,"column":8},"end":{"line":128,"column":11}},"45":{"start":{"line":125,"column":28},"end":{"line":125,"column":55}},"46":{"start":{"line":126,"column":12},"end":{"line":126,"column":103}},"47":{"start":{"line":127,"column":12},"end":{"line":127,"column":98}},"48":{"start":{"line":134,"column":26},"end":{"line":134,"column":61}},"49":{"start":{"line":135,"column":12},"end":{"line":139,"column":15}},"50":{"start":{"line":136,"column":16},"end":{"line":138,"column":17}},"51":{"start":{"line":137,"column":20},"end":{"line":137,"column":101}},"52":{"start":{"line":137,"column":73},"end":{"line":137,"column":98}},"53":{"start":{"line":146,"column":16},"end":{"line":146,"column":35}},"54":{"start":{"line":147,"column":47},"end":{"line":147,"column":73}},"55":{"start":{"line":150,"column":8},"end":{"line":154,"column":9}},"56":{"start":{"line":151,"column":12},"end":{"line":153,"column":13}},"57":{"start":{"line":152,"column":16},"end":{"line":152,"column":51}},"58":{"start":{"line":156,"column":8},"end":{"line":156,"column":39}},"59":{"start":{"line":159,"column":8},"end":{"line":166,"column":11}},"60":{"start":{"line":160,"column":12},"end":{"line":164,"column":13}},"61":{"start":{"line":161,"column":16},"end":{"line":163,"column":17}},"62":{"start":{"line":162,"column":20},"end":{"line":162,"column":55}},"63":{"start":{"line":165,"column":12},"end":{"line":165,"column":43}},"64":{"start":{"line":168,"column":8},"end":{"line":168,"column":25}},"65":{"start":{"line":173,"column":21},"end":{"line":173,"column":23}},"66":{"start":{"line":174,"column":8},"end":{"line":181,"column":9}},"67":{"start":{"line":175,"column":12},"end":{"line":180,"column":13}},"68":{"start":{"line":176,"column":33},"end":{"line":176,"column":60}},"69":{"start":{"line":177,"column":34},"end":{"line":177,"column":45}},"70":{"start":{"line":178,"column":28},"end":{"line":178,"column":52}},"71":{"start":{"line":179,"column":16},"end":{"line":179,"column":36}},"72":{"start":{"line":182,"column":8},"end":{"line":182,"column":22}}},"fnMap":{"0":{"name":"(anonymous_0)","decl":{"start":{"line":19,"column":4},"end":{"line":19,"column":23}},"loc":{"start":{"line":19,"column":66},"end":{"line":21,"column":5}}},"1":{"name":"(anonymous_1)","decl":{"start":{"line":23,"column":12},"end":{"line":23,"column":41}},"loc":{"start":{"line":23,"column":188},"end":{"line":32,"column":5}}},"2":{"name":"(anonymous_2)","decl":{"start":{"line":24,"column":33},"end":{"line":24,"column":34}},"loc":{"start":{"line":24,"column":48},"end":{"line":31,"column":9}}},"3":{"name":"(anonymous_3)","decl":{"start":{"line":34,"column":12},"end":{"line":34,"column":34}},"loc":{"start":{"line":34,"column":92},"end":{"line":95,"column":5}}},"4":{"name":"(anonymous_4)","decl":{"start":{"line":97,"column":11},"end":{"line":97,"column":23}},"loc":{"start":{"line":97,"column":79},"end":{"line":130,"column":5}}},"5":{"name":"(anonymous_5)","decl":{"start":{"line":110,"column":52},"end":{"line":110,"column":53}},"loc":{"start":{"line":110,"column":89},"end":{"line":112,"column":9}}},"6":{"name":"(anonymous_6)","decl":{"start":{"line":115,"column":53},"end":{"line":115,"column":54}},"loc":{"start":{"line":115,"column":90},"end":{"line":117,"column":9}}},"7":{"name":"(anonymous_7)","decl":{"start":{"line":124,"column":33},"end":{"line":124,"column":34}},"loc":{"start":{"line":124,"column":48},"end":{"line":128,"column":9}}},"8":{"name":"(anonymous_8)","decl":{"start":{"line":132,"column":12},"end":{"line":132,"column":33}},"loc":{"start":{"line":132,"column":47},"end":{"line":141,"column":5}}},"9":{"name":"(anonymous_9)","decl":{"start":{"line":135,"column":25},"end":{"line":135,"column":26}},"loc":{"start":{"line":135,"column":34},"end":{"line":139,"column":13}}},"10":{"name":"(anonymous_10)","decl":{"start":{"line":137,"column":67},"end":{"line":137,"column":68}},"loc":{"start":{"line":137,"column":73},"end":{"line":137,"column":98}}},"11":{"name":"(anonymous_11)","decl":{"start":{"line":143,"column":12},"end":{"line":143,"column":19}},"loc":{"start":{"line":143,"column":38},"end":{"line":170,"column":5}}},"12":{"name":"(anonymous_12)","decl":{"start":{"line":159,"column":18},"end":{"line":159,"column":19}},"loc":{"start":{"line":159,"column":27},"end":{"line":166,"column":9}}},"13":{"name":"(anonymous_13)","decl":{"start":{"line":172,"column":12},"end":{"line":172,"column":38}},"loc":{"start":{"line":172,"column":73},"end":{"line":183,"column":5}}}},"branchMap":{"0":{"loc":{"start":{"line":25,"column":12},"end":{"line":30,"column":13}},"type":"if","locations":[{"start":{"line":25,"column":12},"end":{"line":30,"column":13}},{"start":{"line":25,"column":12},"end":{"line":30,"column":13}}]},"1":{"loc":{"start":{"line":47,"column":12},"end":{"line":62,"column":13}},"type":"if","locations":[{"start":{"line":47,"column":12},"end":{"line":62,"column":13}},{"start":{"line":47,"column":12},"end":{"line":62,"column":13}}]},"2":{"loc":{"start":{"line":49,"column":32},"end":{"line":49,"column":59}},"type":"binary-expr","locations":[{"start":{"line":49,"column":32},"end":{"line":49,"column":59}},{"start":{"line":49,"column":63},"end":{"line":49,"column":88}}]},"3":{"loc":{"start":{"line":51,"column":20},"end":{"line":57,"column":21}},"type":"if","locations":[{"start":{"line":51,"column":20},"end":{"line":57,"column":21}},{"start":{"line":51,"column":20},"end":{"line":57,"column":21}}]},"4":{"loc":{"start":{"line":64,"column":12},"end":{"line":85,"column":13}},"type":"if","locations":[{"start":{"line":64,"column":12},"end":{"line":85,"column":13}},{"start":{"line":64,"column":12},"end":{"line":85,"column":13}}]},"5":{"loc":{"start":{"line":90,"column":8},"end":{"line":92,"column":9}},"type":"if","locations":[{"start":{"line":90,"column":8},"end":{"line":92,"column":9}},{"start":{"line":90,"column":8},"end":{"line":92,"column":9}}]},"6":{"loc":{"start":{"line":100,"column":8},"end":{"line":102,"column":9}},"type":"if","locations":[{"start":{"line":100,"column":8},"end":{"line":102,"column":9}},{"start":{"line":100,"column":8},"end":{"line":102,"column":9}}]},"7":{"loc":{"start":{"line":100,"column":11},"end":{"line":100,"column":19}},"type":"binary-expr","locations":[{"start":{"line":100,"column":11},"end":{"line":100,"column":19}},{"start":{"line":100,"column":23},"end":{"line":100,"column":32}},{"start":{"line":100,"column":36},"end":{"line":100,"column":49}},{"start":{"line":100,"column":53},"end":{"line":100,"column":67}}]},"8":{"loc":{"start":{"line":136,"column":16},"end":{"line":138,"column":17}},"type":"if","locations":[{"start":{"line":136,"column":16},"end":{"line":138,"column":17}},{"start":{"line":136,"column":16},"end":{"line":138,"column":17}}]},"9":{"loc":{"start":{"line":151,"column":12},"end":{"line":153,"column":13}},"type":"if","locations":[{"start":{"line":151,"column":12},"end":{"line":153,"column":13}},{"start":{"line":151,"column":12},"end":{"line":153,"column":13}}]},"10":{"loc":{"start":{"line":161,"column":16},"end":{"line":163,"column":17}},"type":"if","locations":[{"start":{"line":161,"column":16},"end":{"line":163,"column":17}},{"start":{"line":161,"column":16},"end":{"line":163,"column":17}}]},"11":{"loc":{"start":{"line":175,"column":12},"end":{"line":180,"column":13}},"type":"if","locations":[{"start":{"line":175,"column":12},"end":{"line":180,"column":13}},{"start":{"line":175,"column":12},"end":{"line":180,"column":13}}]},"12":{"loc":{"start":{"line":176,"column":46},"end":{"line":176,"column":56}},"type":"cond-expr","locations":[{"start":{"line":176,"column":46},"end":{"line":176,"column":56}},{"start":{"line":176,"column":59},"end":{"line":176,"column":60}}]}},"s":{"0":67,"1":6,"2":26,"3":9,"4":9,"5":9,"6":9,"7":9,"8":9,"9":9,"10":9,"11":7,"12":7,"13":7,"14":14,"15":14,"16":7,"17":7,"18":7,"19":7,"20":0,"21":7,"22":0,"23":0,"24":0,"25":0,"26":0,"27":0,"28":0,"29":9,"30":0,"31":9,"32":5,"33":2,"34":3,"35":3,"36":3,"37":3,"38":9,"39":3,"40":3,"41":16,"42":3,"43":3,"44":3,"45":17,"46":17,"47":17,"48":7,"49":7,"50":47,"51":18,"52":40,"53":9,"54":9,"55":9,"56":23,"57":23,"58":9,"59":9,"60":9,"61":32,"62":32,"63":9,"64":9,"65":38,"66":38,"67":114,"68":114,"69":114,"70":114,"71":114,"72":38},"f":{"0":67,"1":6,"2":26,"3":9,"4":5,"5":9,"6":16,"7":17,"8":7,"9":47,"10":40,"11":9,"12":9,"13":38},"b":{"0":[9,17],"1":[7,0],"2":[21,15],"3":[7,7],"4":[0,7],"5":[0,9],"6":[2,3],"7":[5,4,4,3],"8":[18,29],"9":[23,0],"10":[32,0],"11":[114,0],"12":[73,41]}}
,"/home/travis/build/MaibornWolff/codecharta/visualization/app/codeCharta/core/data/data.loading.service.ts": {"path":"/home/travis/build/MaibornWolff/codecharta/visualization/app/codeCharta/core/data/data.loading.service.ts","statementMap":{"0":{"start":{"line":12,"column":24},"end":{"line":12,"column":66}},"1":{"start":{"line":12,"column":76},"end":{"line":12,"column":100}},"2":{"start":{"line":25,"column":8},"end":{"line":46,"column":11}},"3":{"start":{"line":27,"column":12},"end":{"line":44,"column":14}},"4":{"start":{"line":30,"column":41},"end":{"line":35,"column":21}},"5":{"start":{"line":36,"column":20},"end":{"line":36,"column":59}},"6":{"start":{"line":38,"column":20},"end":{"line":38,"column":33}},"7":{"start":{"line":41,"column":20},"end":{"line":41,"column":35}}},"fnMap":{"0":{"name":"(anonymous_0)","decl":{"start":{"line":12,"column":4},"end":{"line":12,"column":23}},"loc":{"start":{"line":12,"column":100},"end":{"line":14,"column":5}}},"1":{"name":"(anonymous_1)","decl":{"start":{"line":23,"column":4},"end":{"line":23,"column":25}},"loc":{"start":{"line":23,"column":83},"end":{"line":48,"column":5}}},"2":{"name":"(anonymous_2)","decl":{"start":{"line":25,"column":27},"end":{"line":25,"column":28}},"loc":{"start":{"line":25,"column":47},"end":{"line":46,"column":9}}},"3":{"name":"(anonymous_3)","decl":{"start":{"line":29,"column":16},"end":{"line":29,"column":17}},"loc":{"start":{"line":29,"column":20},"end":{"line":40,"column":17}}},"4":{"name":"(anonymous_4)","decl":{"start":{"line":40,"column":19},"end":{"line":40,"column":20}},"loc":{"start":{"line":40,"column":30},"end":{"line":42,"column":17}}}},"branchMap":{"0":{"loc":{"start":{"line":23,"column":82},"end":{"line":23,"column":83}},"type":"default-arg","locations":[{"start":{"line":23,"column":82},"end":{"line":23,"column":83}}]},"1":{"loc":{"start":{"line":34,"column":38},"end":{"line":34,"column":62}},"type":"binary-expr","locations":[{"start":{"line":34,"column":38},"end":{"line":34,"column":62}},{"start":{"line":34,"column":66},"end":{"line":34,"column":75}}]}},"s":{"0":6,"1":6,"2":6,"3":6,"4":3,"5":3,"6":3,"7":3},"f":{"0":6,"1":6,"2":6,"3":3,"4":3},"b":{"0":[1],"1":[3,3]}}
,"/home/travis/build/MaibornWolff/codecharta/visualization/app/codeCharta/core/data/data.mocks.ts": {"path":"/home/travis/build/MaibornWolff/codecharta/visualization/app/codeCharta/core/data/data.mocks.ts","statementMap":{"0":{"start":{"line":3,"column":39},"end":{"line":27,"column":1}},"1":{"start":{"line":29,"column":33},"end":{"line":32,"column":1}},"2":{"start":{"line":34,"column":39},"end":{"line":39,"column":1}},"3":{"start":{"line":41,"column":41},"end":{"line":69,"column":1}},"4":{"start":{"line":71,"column":41},"end":{"line":109,"column":1}}},"fnMap":{},"branchMap":{},"s":{"0":5,"1":5,"2":5,"3":5,"4":5},"f":{},"b":{}}
,"/home/travis/build/MaibornWolff/codecharta/visualization/app/codeCharta/core/data/data.module.ts": {"path":"/home/travis/build/MaibornWolff/codecharta/visualization/app/codeCharta/core/data/data.module.ts","statementMap":{"0":{"start":{"line":11,"column":0},"end":{"line":11,"column":46}},"1":{"start":{"line":13,"column":0},"end":{"line":15,"column":2}},"2":{"start":{"line":17,"column":0},"end":{"line":19,"column":2}},"3":{"start":{"line":22,"column":0},"end":{"line":24,"column":2}},"4":{"start":{"line":26,"column":0},"end":{"line":28,"column":2}},"5":{"start":{"line":30,"column":0},"end":{"line":32,"column":2}}},"fnMap":{},"branchMap":{},"s":{"0":11,"1":11,"2":11,"3":11,"4":11,"5":11},"f":{},"b":{}}
,"/home/travis/build/MaibornWolff/codecharta/visualization/app/codeCharta/core/data/data.service.ts": {"path":"/home/travis/build/MaibornWolff/codecharta/visualization/app/codeCharta/core/data/data.service.ts","statementMap":{"0":{"start":{"line":34,"column":24},"end":{"line":34,"column":53}},"1":{"start":{"line":35,"column":24},"end":{"line":35,"column":70}},"2":{"start":{"line":36,"column":24},"end":{"line":36,"column":66}},"3":{"start":{"line":29,"column":12},"end":{"line":29,"column":36}},"4":{"start":{"line":30,"column":12},"end":{"line":30,"column":38}},"5":{"start":{"line":31,"column":12},"end":{"line":31,"column":35}},"6":{"start":{"line":38,"column":8},"end":{"line":42,"column":10}},"7":{"start":{"line":47,"column":8},"end":{"line":47,"column":45}},"8":{"start":{"line":48,"column":8},"end":{"line":48,"column":97}},"9":{"start":{"line":49,"column":8},"end":{"line":49,"column":95}},"10":{"start":{"line":50,"column":8},"end":{"line":50,"column":98}},"11":{"start":{"line":51,"column":8},"end":{"line":51,"column":93}},"12":{"start":{"line":52,"column":8},"end":{"line":52,"column":29}},"13":{"start":{"line":53,"column":8},"end":{"line":53,"column":109}},"14":{"start":{"line":54,"column":8},"end":{"line":54,"column":123}},"15":{"start":{"line":55,"column":8},"end":{"line":55,"column":39}},"16":{"start":{"line":59,"column":8},"end":{"line":65,"column":9}},"17":{"start":{"line":60,"column":12},"end":{"line":60,"column":45}},"18":{"start":{"line":61,"column":12},"end":{"line":61,"column":63}},"19":{"start":{"line":62,"column":12},"end":{"line":62,"column":33}},"20":{"start":{"line":63,"column":12},"end":{"line":63,"column":97}},"21":{"start":{"line":64,"column":12},"end":{"line":64,"column":26}},"22":{"start":{"line":69,"column":8},"end":{"line":74,"column":9}},"23":{"start":{"line":70,"column":12},"end":{"line":70,"column":66}},"24":{"start":{"line":71,"column":12},"end":{"line":71,"column":33}},"25":{"start":{"line":72,"column":12},"end":{"line":72,"column":97}},"26":{"start":{"line":73,"column":12},"end":{"line":73,"column":26}},"27":{"start":{"line":78,"column":8},"end":{"line":80,"column":9}},"28":{"start":{"line":79,"column":12},"end":{"line":79,"column":120}},"29":{"start":{"line":84,"column":8},"end":{"line":87,"column":9}},"30":{"start":{"line":85,"column":12},"end":{"line":85,"column":39}},"31":{"start":{"line":86,"column":12},"end":{"line":86,"column":60}},"32":{"start":{"line":91,"column":8},"end":{"line":94,"column":9}},"33":{"start":{"line":92,"column":12},"end":{"line":92,"column":40}},"34":{"start":{"line":93,"column":12},"end":{"line":93,"column":60}},"35":{"start":{"line":99,"column":8},"end":{"line":99,"column":26}},"36":{"start":{"line":103,"column":8},"end":{"line":105,"column":11}},"37":{"start":{"line":104,"column":12},"end":{"line":104,"column":50}},"38":{"start":{"line":109,"column":8},"end":{"line":109,"column":63}},"39":{"start":{"line":115,"column":8},"end":{"line":115,"column":45}},"40":{"start":{"line":119,"column":8},"end":{"line":119,"column":48}},"41":{"start":{"line":123,"column":8},"end":{"line":123,"column":36}},"42":{"start":{"line":127,"column":8},"end":{"line":127,"column":39}},"43":{"start":{"line":132,"column":8},"end":{"line":138,"column":9}},"44":{"start":{"line":133,"column":12},"end":{"line":137,"column":13}},"45":{"start":{"line":134,"column":16},"end":{"line":136,"column":17}},"46":{"start":{"line":135,"column":20},"end":{"line":135,"column":29}},"47":{"start":{"line":139,"column":8},"end":{"line":139,"column":18}},"48":{"start":{"line":144,"column":8},"end":{"line":147,"column":9}},"49":{"start":{"line":145,"column":12},"end":{"line":145,"column":36}},"50":{"start":{"line":146,"column":12},"end":{"line":146,"column":19}},"51":{"start":{"line":149,"column":51},"end":{"line":149,"column":53}},"52":{"start":{"line":151,"column":8},"end":{"line":153,"column":11}},"53":{"start":{"line":152,"column":12},"end":{"line":152,"column":81}},"54":{"start":{"line":155,"column":28},"end":{"line":157,"column":10}},"55":{"start":{"line":156,"column":12},"end":{"line":156,"column":75}},"56":{"start":{"line":159,"column":35},"end":{"line":163,"column":10}},"57":{"start":{"line":160,"column":12},"end":{"line":162,"column":16}},"58":{"start":{"line":161,"column":16},"end":{"line":161,"column":47}},"59":{"start":{"line":165,"column":8},"end":{"line":165,"column":40}},"60":{"start":{"line":173,"column":8},"end":{"line":173,"column":34}},"61":{"start":{"line":174,"column":8},"end":{"line":174,"column":32}},"62":{"start":{"line":175,"column":8},"end":{"line":175,"column":39}},"63":{"start":{"line":176,"column":8},"end":{"line":176,"column":36}},"64":{"start":{"line":177,"column":8},"end":{"line":177,"column":22}},"65":{"start":{"line":181,"column":23},"end":{"line":181,"column":24}},"66":{"start":{"line":183,"column":8},"end":{"line":190,"column":11}},"67":{"start":{"line":184,"column":24},"end":{"line":184,"column":55}},"68":{"start":{"line":185,"column":12},"end":{"line":189,"column":15}},"69":{"start":{"line":186,"column":16},"end":{"line":188,"column":17}},"70":{"start":{"line":187,"column":20},"end":{"line":187,"column":60}},"71":{"start":{"line":192,"column":8},"end":{"line":192,"column":24}}},"fnMap":{"0":{"name":"(anonymous_0)","decl":{"start":{"line":34,"column":4},"end":{"line":34,"column":23}},"loc":{"start":{"line":36,"column":66},"end":{"line":44,"column":5}}},"1":{"name":"(anonymous_1)","decl":{"start":{"line":46,"column":11},"end":{"line":46,"column":16}},"loc":{"start":{"line":46,"column":48},"end":{"line":56,"column":5}}},"2":{"name":"(anonymous_2)","decl":{"start":{"line":58,"column":11},"end":{"line":58,"column":25}},"loc":{"start":{"line":58,"column":40},"end":{"line":66,"column":5}}},"3":{"name":"(anonymous_3)","decl":{"start":{"line":68,"column":11},"end":{"line":68,"column":26}},"loc":{"start":{"line":68,"column":41},"end":{"line":75,"column":5}}},"4":{"name":"(anonymous_4)","decl":{"start":{"line":77,"column":12},"end":{"line":77,"column":24}},"loc":{"start":{"line":77,"column":25},"end":{"line":81,"column":5}}},"5":{"name":"(anonymous_5)","decl":{"start":{"line":83,"column":11},"end":{"line":83,"column":26}},"loc":{"start":{"line":83,"column":27},"end":{"line":88,"column":5}}},"6":{"name":"(anonymous_6)","decl":{"start":{"line":90,"column":11},"end":{"line":90,"column":28}},"loc":{"start":{"line":90,"column":29},"end":{"line":95,"column":5}}},"7":{"name":"(anonymous_7)","decl":{"start":{"line":98,"column":4},"end":{"line":98,"column":7}},"loc":{"start":{"line":98,"column":12},"end":{"line":100,"column":5}}},"8":{"name":"(anonymous_8)","decl":{"start":{"line":102,"column":11},"end":{"line":102,"column":19}},"loc":{"start":{"line":102,"column":54},"end":{"line":106,"column":5}}},"9":{"name":"(anonymous_9)","decl":{"start":{"line":103,"column":44},"end":{"line":103,"column":45}},"loc":{"start":{"line":103,"column":60},"end":{"line":105,"column":9}}},"10":{"name":"(anonymous_10)","decl":{"start":{"line":108,"column":11},"end":{"line":108,"column":16}},"loc":{"start":{"line":108,"column":17},"end":{"line":110,"column":5}}},"11":{"name":"(anonymous_11)","decl":{"start":{"line":114,"column":11},"end":{"line":114,"column":29}},"loc":{"start":{"line":114,"column":30},"end":{"line":116,"column":5}}},"12":{"name":"(anonymous_12)","decl":{"start":{"line":118,"column":11},"end":{"line":118,"column":30}},"loc":{"start":{"line":118,"column":31},"end":{"line":120,"column":5}}},"13":{"name":"(anonymous_13)","decl":{"start":{"line":122,"column":11},"end":{"line":122,"column":25}},"loc":{"start":{"line":122,"column":26},"end":{"line":124,"column":5}}},"14":{"name":"(anonymous_14)","decl":{"start":{"line":126,"column":11},"end":{"line":126,"column":26}},"loc":{"start":{"line":126,"column":27},"end":{"line":128,"column":5}}},"15":{"name":"(anonymous_15)","decl":{"start":{"line":130,"column":11},"end":{"line":130,"column":23}},"loc":{"start":{"line":130,"column":58},"end":{"line":140,"column":5}}},"16":{"name":"(anonymous_16)","decl":{"start":{"line":142,"column":11},"end":{"line":142,"column":23}},"loc":{"start":{"line":142,"column":24},"end":{"line":167,"column":5}}},"17":{"name":"(anonymous_17)","decl":{"start":{"line":151,"column":37},"end":{"line":151,"column":38}},"loc":{"start":{"line":151,"column":44},"end":{"line":153,"column":9}}},"18":{"name":"(anonymous_18)","decl":{"start":{"line":155,"column":39},"end":{"line":155,"column":48}},"loc":{"start":{"line":155,"column":78},"end":{"line":157,"column":9}}},"19":{"name":"(anonymous_19)","decl":{"start":{"line":159,"column":56},"end":{"line":159,"column":65}},"loc":{"start":{"line":159,"column":97},"end":{"line":163,"column":9}}},"20":{"name":"(anonymous_20)","decl":{"start":{"line":160,"column":44},"end":{"line":160,"column":53}},"loc":{"start":{"line":160,"column":64},"end":{"line":162,"column":13}}},"21":{"name":"(anonymous_21)","decl":{"start":{"line":172,"column":11},"end":{"line":172,"column":19}},"loc":{"start":{"line":172,"column":20},"end":{"line":178,"column":5}}},"22":{"name":"(anonymous_22)","decl":{"start":{"line":180,"column":4},"end":{"line":180,"column":29}},"loc":{"start":{"line":180,"column":45},"end":{"line":193,"column":5}}},"23":{"name":"(anonymous_23)","decl":{"start":{"line":183,"column":36},"end":{"line":183,"column":37}},"loc":{"start":{"line":183,"column":43},"end":{"line":190,"column":9}}},"24":{"name":"(anonymous_24)","decl":{"start":{"line":185,"column":26},"end":{"line":185,"column":27}},"loc":{"start":{"line":185,"column":39},"end":{"line":189,"column":13}}}},"branchMap":{"0":{"loc":{"start":{"line":59,"column":8},"end":{"line":65,"column":9}},"type":"if","locations":[{"start":{"line":59,"column":8},"end":{"line":65,"column":9}},{"start":{"line":59,"column":8},"end":{"line":65,"column":9}}]},"1":{"loc":{"start":{"line":69,"column":8},"end":{"line":74,"column":9}},"type":"if","locations":[{"start":{"line":69,"column":8},"end":{"line":74,"column":9}},{"start":{"line":69,"column":8},"end":{"line":74,"column":9}}]},"2":{"loc":{"start":{"line":78,"column":8},"end":{"line":80,"column":9}},"type":"if","locations":[{"start":{"line":78,"column":8},"end":{"line":80,"column":9}},{"start":{"line":78,"column":8},"end":{"line":80,"column":9}}]},"3":{"loc":{"start":{"line":78,"column":12},"end":{"line":78,"column":31}},"type":"binary-expr","locations":[{"start":{"line":78,"column":12},"end":{"line":78,"column":31}},{"start":{"line":78,"column":35},"end":{"line":78,"column":55}},{"start":{"line":78,"column":59},"end":{"line":78,"column":82}}]},"4":{"loc":{"start":{"line":84,"column":8},"end":{"line":87,"column":9}},"type":"if","locations":[{"start":{"line":84,"column":8},"end":{"line":87,"column":9}},{"start":{"line":84,"column":8},"end":{"line":87,"column":9}}]},"5":{"loc":{"start":{"line":91,"column":8},"end":{"line":94,"column":9}},"type":"if","locations":[{"start":{"line":91,"column":8},"end":{"line":94,"column":9}},{"start":{"line":91,"column":8},"end":{"line":94,"column":9}}]},"6":{"loc":{"start":{"line":132,"column":8},"end":{"line":138,"column":9}},"type":"if","locations":[{"start":{"line":132,"column":8},"end":{"line":138,"column":9}},{"start":{"line":132,"column":8},"end":{"line":138,"column":9}}]},"7":{"loc":{"start":{"line":132,"column":12},"end":{"line":132,"column":20}},"type":"binary-expr","locations":[{"start":{"line":132,"column":12},"end":{"line":132,"column":20}},{"start":{"line":132,"column":24},"end":{"line":132,"column":27}}]},"8":{"loc":{"start":{"line":134,"column":16},"end":{"line":136,"column":17}},"type":"if","locations":[{"start":{"line":134,"column":16},"end":{"line":136,"column":17}},{"start":{"line":134,"column":16},"end":{"line":136,"column":17}}]},"9":{"loc":{"start":{"line":134,"column":20},"end":{"line":134,"column":31}},"type":"binary-expr","locations":[{"start":{"line":134,"column":20},"end":{"line":134,"column":31}},{"start":{"line":134,"column":35},"end":{"line":134,"column":72}}]},"10":{"loc":{"start":{"line":144,"column":8},"end":{"line":147,"column":9}},"type":"if","locations":[{"start":{"line":144,"column":8},"end":{"line":147,"column":9}},{"start":{"line":144,"column":8},"end":{"line":147,"column":9}}]},"11":{"loc":{"start":{"line":156,"column":39},"end":{"line":156,"column":69}},"type":"cond-expr","locations":[{"start":{"line":156,"column":39},"end":{"line":156,"column":69}},{"start":{"line":156,"column":72},"end":{"line":156,"column":74}}]},"12":{"loc":{"start":{"line":186,"column":16},"end":{"line":188,"column":17}},"type":"if","locations":[{"start":{"line":186,"column":16},"end":{"line":188,"column":17}},{"start":{"line":186,"column":16},"end":{"line":188,"column":17}}]}},"s":{"0":60,"1":60,"2":60,"3":60,"4":60,"5":60,"6":60,"7":24,"8":24,"9":24,"10":24,"11":24,"12":24,"13":24,"14":24,"15":24,"16":28,"17":27,"18":27,"19":27,"20":27,"21":27,"22":5,"23":3,"24":3,"25":3,"26":3,"27":32,"28":2,"29":2,"30":1,"31":1,"32":2,"33":1,"34":1,"35":98,"36":31,"37":4,"38":22,"39":0,"40":0,"41":0,"42":0,"43":0,"44":0,"45":0,"46":0,"47":0,"48":27,"49":1,"50":1,"51":26,"52":26,"53":32,"54":26,"55":104,"56":26,"57":78,"58":341,"59":26,"60":2,"61":2,"62":2,"63":2,"64":2,"65":2,"66":2,"67":4,"68":4,"69":16,"70":4,"71":2},"f":{"0":60,"1":24,"2":28,"3":5,"4":32,"5":2,"6":2,"7":98,"8":31,"9":4,"10":22,"11":0,"12":0,"13":0,"14":0,"15":0,"16":27,"17":32,"18":104,"19":78,"20":341,"21":2,"22":2,"23":4,"24":16},"b":{"0":[27,1],"1":[3,2],"2":[2,30],"3":[32,7,7],"4":[1,1],"5":[1,1],"6":[0,0],"7":[0,0],"8":[0,0],"9":[0,0],"10":[1,26],"11":[104,0],"12":[4,12]}}
,"/home/travis/build/MaibornWolff/codecharta/visualization/app/codeCharta/core/data/data.validator.service.ts": {"path":"/home/travis/build/MaibornWolff/codecharta/visualization/app/codeCharta/core/data/data.validator.service.ts","statementMap":{"0":{"start":{"line":25,"column":8},"end":{"line":46,"column":9}},"1":{"start":{"line":27,"column":24},"end":{"line":27,"column":26}},"2":{"start":{"line":29,"column":12},"end":{"line":31,"column":13}},"3":{"start":{"line":30,"column":16},"end":{"line":30,"column":52}},"4":{"start":{"line":33,"column":12},"end":{"line":41,"column":13}},"5":{"start":{"line":34,"column":16},"end":{"line":34,"column":29}},"6":{"start":{"line":36,"column":28},"end":{"line":36,"column":32}},"7":{"start":{"line":37,"column":16},"end":{"line":39,"column":17}},"8":{"start":{"line":38,"column":20},"end":{"line":38,"column":78}},"9":{"start":{"line":40,"column":16},"end":{"line":40,"column":29}},"10":{"start":{"line":45,"column":12},"end":{"line":45,"column":24}},"11":{"start":{"line":57,"column":8},"end":{"line":78,"column":11}},"12":{"start":{"line":59,"column":26},"end":{"line":59,"column":42}},"13":{"start":{"line":60,"column":30},"end":{"line":60,"column":67}},"14":{"start":{"line":61,"column":28},"end":{"line":61,"column":41}},"15":{"start":{"line":64,"column":16},"end":{"line":69,"column":17}},"16":{"start":{"line":65,"column":20},"end":{"line":68,"column":24}},"17":{"start":{"line":71,"column":16},"end":{"line":75,"column":17}},"18":{"start":{"line":72,"column":20},"end":{"line":72,"column":30}},"19":{"start":{"line":74,"column":20},"end":{"line":74,"column":43}}},"fnMap":{"0":{"name":"(anonymous_0)","decl":{"start":{"line":14,"column":4},"end":{"line":null,"column":-1}},"loc":{"start":{"line":14,"column":4},"end":{"line":16,"column":5}}},"1":{"name":"(anonymous_1)","decl":{"start":{"line":23,"column":4},"end":{"line":23,"column":20}},"loc":{"start":{"line":23,"column":39},"end":{"line":48,"column":5}}},"2":{"name":"(anonymous_2)","decl":{"start":{"line":55,"column":4},"end":{"line":55,"column":11}},"loc":{"start":{"line":55,"column":17},"end":{"line":80,"column":5}}},"3":{"name":"(anonymous_3)","decl":{"start":{"line":57,"column":27},"end":{"line":57,"column":28}},"loc":{"start":{"line":57,"column":47},"end":{"line":78,"column":9}}}},"branchMap":{"0":{"loc":{"start":{"line":25,"column":8},"end":{"line":46,"column":9}},"type":"if","locations":[{"start":{"line":25,"column":8},"end":{"line":46,"column":9}},{"start":{"line":25,"column":8},"end":{"line":46,"column":9}}]},"1":{"loc":{"start":{"line":25,"column":11},"end":{"line":25,"column":24}},"type":"binary-expr","locations":[{"start":{"line":25,"column":11},"end":{"line":25,"column":24}},{"start":{"line":25,"column":28},"end":{"line":25,"column":52}}]},"2":{"loc":{"start":{"line":33,"column":12},"end":{"line":41,"column":13}},"type":"if","locations":[{"start":{"line":33,"column":12},"end":{"line":41,"column":13}},{"start":{"line":33,"column":12},"end":{"line":41,"column":13}}]},"3":{"loc":{"start":{"line":38,"column":28},"end":{"line":38,"column":33}},"type":"binary-expr","locations":[{"start":{"line":38,"column":28},"end":{"line":38,"column":33}},{"start":{"line":38,"column":37},"end":{"line":38,"column":77}}]},"4":{"loc":{"start":{"line":64,"column":16},"end":{"line":69,"column":17}},"type":"if","locations":[{"start":{"line":64,"column":16},"end":{"line":69,"column":17}},{"start":{"line":64,"column":16},"end":{"line":69,"column":17}}]},"5":{"loc":{"start":{"line":71,"column":16},"end":{"line":75,"column":17}},"type":"if","locations":[{"start":{"line":71,"column":16},"end":{"line":75,"column":17}},{"start":{"line":71,"column":16},"end":{"line":75,"column":17}}]}},"s":{"0":45,"1":17,"2":17,"3":34,"4":17,"5":1,"6":16,"7":16,"8":32,"9":16,"10":27,"11":17,"12":17,"13":17,"14":17,"15":17,"16":1,"17":12,"18":7,"19":5},"f":{"0":17,"1":45,"2":17,"3":17},"b":{"0":[17,27],"1":[45,17],"2":[1,16],"3":[32,32],"4":[1,11],"5":[7,5]}}
,"/home/travis/build/MaibornWolff/codecharta/visualization/app/codeCharta/core/scenario/scenario.data.ts": {"path":"/home/travis/build/MaibornWolff/codecharta/visualization/app/codeCharta/core/scenario/scenario.data.ts","statementMap":{"0":{"start":{"line":7,"column":4},"end":{"line":37,"column":6}}},"fnMap":{"0":{"name":"createDefaultScenario","decl":{"start":{"line":5,"column":6},"end":{"line":5,"column":37}},"loc":{"start":{"line":5,"column":66},"end":{"line":39,"column":1}}}},"branchMap":{},"s":{"0":9},"f":{"0":9},"b":{}}
,"/home/travis/build/MaibornWolff/codecharta/visualization/app/codeCharta/core/scenario/scenario.module.ts": {"path":"/home/travis/build/MaibornWolff/codecharta/visualization/app/codeCharta/core/scenario/scenario.module.ts","statementMap":{"0":{"start":{"line":10,"column":0},"end":{"line":13,"column":2}},"1":{"start":{"line":15,"column":0},"end":{"line":17,"column":2}}},"fnMap":{},"branchMap":{},"s":{"0":1,"1":1},"f":{},"b":{}}
,"/home/travis/build/MaibornWolff/codecharta/visualization/app/codeCharta/core/scenario/scenario.service.ts": {"path":"/home/travis/build/MaibornWolff/codecharta/visualization/app/codeCharta/core/scenario/scenario.service.ts","statementMap":{"0":{"start":{"line":21,"column":24},"end":{"line":21,"column":56}},"1":{"start":{"line":22,"column":24},"end":{"line":22,"column":35}},"2":{"start":{"line":23,"column":24},"end":{"line":23,"column":75}},"3":{"start":{"line":18,"column":12},"end":{"line":18,"column":31}},"4":{"start":{"line":24,"column":8},"end":{"line":24,"column":53}},"5":{"start":{"line":35,"column":8},"end":{"line":38,"column":9}},"6":{"start":{"line":36,"column":12},"end":{"line":36,"column":41}},"7":{"start":{"line":37,"column":12},"end":{"line":37,"column":35}},"8":{"start":{"line":46,"column":8},"end":{"line":46,"column":62}},"9":{"start":{"line":47,"column":8},"end":{"line":52,"column":9}},"10":{"start":{"line":48,"column":24},"end":{"line":48,"column":28}},"11":{"start":{"line":49,"column":12},"end":{"line":51,"column":18}},"12":{"start":{"line":50,"column":16},"end":{"line":50,"column":60}},"13":{"start":{"line":60,"column":8},"end":{"line":60,"column":102}},"14":{"start":{"line":60,"column":42},"end":{"line":60,"column":100}},"15":{"start":{"line":64,"column":8},"end":{"line":66,"column":9}},"16":{"start":{"line":65,"column":12},"end":{"line":65,"column":25}},"17":{"start":{"line":67,"column":8},"end":{"line":69,"column":77}},"18":{"start":{"line":67,"column":36},"end":{"line":67,"column":70}},"19":{"start":{"line":68,"column":28},"end":{"line":68,"column":64}},"20":{"start":{"line":69,"column":28},"end":{"line":69,"column":63}},"21":{"start":{"line":77,"column":8},"end":{"line":77,"column":110}}},"fnMap":{"0":{"name":"(anonymous_0)","decl":{"start":{"line":21,"column":4},"end":{"line":21,"column":23}},"loc":{"start":{"line":23,"column":75},"end":{"line":25,"column":5}}},"1":{"name":"(anonymous_1)","decl":{"start":{"line":34,"column":11},"end":{"line":34,"column":27}},"loc":{"start":{"line":34,"column":47},"end":{"line":39,"column":5}}},"2":{"name":"(anonymous_2)","decl":{"start":{"line":45,"column":11},"end":{"line":45,"column":23}},"loc":{"start":{"line":45,"column":43},"end":{"line":53,"column":5}}},"3":{"name":"(anonymous_3)","decl":{"start":{"line":49,"column":23},"end":{"line":null,"column":-1}},"loc":{"start":{"line":49,"column":23},"end":{"line":51,"column":13}}},"4":{"name":"(anonymous_4)","decl":{"start":{"line":59,"column":11},"end":{"line":59,"column":22}},"loc":{"start":{"line":59,"column":23},"end":{"line":61,"column":5}}},"5":{"name":"(anonymous_5)","decl":{"start":{"line":60,"column":37},"end":{"line":60,"column":38}},"loc":{"start":{"line":60,"column":42},"end":{"line":60,"column":100}}},"6":{"name":"(anonymous_6)","decl":{"start":{"line":63,"column":11},"end":{"line":63,"column":28}},"loc":{"start":{"line":63,"column":67},"end":{"line":70,"column":5}}},"7":{"name":"(anonymous_7)","decl":{"start":{"line":67,"column":31},"end":{"line":67,"column":32}},"loc":{"start":{"line":67,"column":36},"end":{"line":67,"column":70}}},"8":{"name":"(anonymous_8)","decl":{"start":{"line":68,"column":23},"end":{"line":68,"column":24}},"loc":{"start":{"line":68,"column":28},"end":{"line":68,"column":64}}},"9":{"name":"(anonymous_9)","decl":{"start":{"line":69,"column":23},"end":{"line":69,"column":24}},"loc":{"start":{"line":69,"column":28},"end":{"line":69,"column":63}}},"10":{"name":"(anonymous_10)","decl":{"start":{"line":76,"column":11},"end":{"line":76,"column":28}},"loc":{"start":{"line":76,"column":29},"end":{"line":78,"column":5}}}},"branchMap":{"0":{"loc":{"start":{"line":35,"column":8},"end":{"line":38,"column":9}},"type":"if","locations":[{"start":{"line":35,"column":8},"end":{"line":38,"column":9}},{"start":{"line":35,"column":8},"end":{"line":38,"column":9}}]},"1":{"loc":{"start":{"line":47,"column":8},"end":{"line":52,"column":9}},"type":"if","locations":[{"start":{"line":47,"column":8},"end":{"line":52,"column":9}},{"start":{"line":47,"column":8},"end":{"line":52,"column":9}}]},"2":{"loc":{"start":{"line":64,"column":8},"end":{"line":66,"column":9}},"type":"if","locations":[{"start":{"line":64,"column":8},"end":{"line":66,"column":9}},{"start":{"line":64,"column":8},"end":{"line":66,"column":9}}]},"3":{"loc":{"start":{"line":64,"column":11},"end":{"line":64,"column":20}},"type":"binary-expr","locations":[{"start":{"line":64,"column":11},"end":{"line":64,"column":20}},{"start":{"line":64,"column":24},"end":{"line":64,"column":32}}]},"4":{"loc":{"start":{"line":67,"column":16},"end":{"line":67,"column":82}},"type":"binary-expr","locations":[{"start":{"line":67,"column":16},"end":{"line":67,"column":82}},{"start":{"line":68,"column":8},"end":{"line":68,"column":76}},{"start":{"line":69,"column":8},"end":{"line":69,"column":75}}]}},"s":{"0":18,"1":18,"2":18,"3":18,"4":18,"5":6,"6":3,"7":3,"8":1,"9":1,"10":0,"11":0,"12":0,"13":2,"14":8,"15":11,"16":1,"17":10,"18":40,"19":34,"20":34,"21":1},"f":{"0":18,"1":6,"2":1,"3":0,"4":2,"5":8,"6":11,"7":40,"8":34,"9":34,"10":1},"b":{"0":[3,3],"1":[0,1],"2":[1,10],"3":[11,10],"4":[10,7,7]}}
,"/home/travis/build/MaibornWolff/codecharta/visualization/app/codeCharta/core/settings/settings.module.ts": {"path":"/home/travis/build/MaibornWolff/codecharta/visualization/app/codeCharta/core/settings/settings.module.ts","statementMap":{"0":{"start":{"line":10,"column":0},"end":{"line":21,"column":6}}},"fnMap":{},"branchMap":{},"s":{"0":6},"f":{},"b":{}}
,"/home/travis/build/MaibornWolff/codecharta/visualization/app/codeCharta/core/settings/settings.service.ts": {"path":"/home/travis/build/MaibornWolff/codecharta/visualization/app/codeCharta/core/settings/settings.service.ts","statementMap":{"0":{"start":{"line":61,"column":24},"end":{"line":61,"column":34}},"1":{"start":{"line":61,"column":44},"end":{"line":61,"column":68}},"2":{"start":{"line":61,"column":78},"end":{"line":61,"column":88}},"3":{"start":{"line":62,"column":24},"end":{"line":62,"column":76}},"4":{"start":{"line":58,"column":12},"end":{"line":58,"column":36}},"5":{"start":{"line":64,"column":8},"end":{"line":64,"column":103}},"6":{"start":{"line":66,"column":8},"end":{"line":66,"column":31}},"7":{"start":{"line":67,"column":8},"end":{"line":67,"column":36}},"8":{"start":{"line":68,"column":8},"end":{"line":68,"column":50}},"9":{"start":{"line":73,"column":8},"end":{"line":75,"column":11}},"10":{"start":{"line":74,"column":12},"end":{"line":74,"column":54}},"11":{"start":{"line":80,"column":23},"end":{"line":84,"column":9}},"12":{"start":{"line":86,"column":23},"end":{"line":88,"column":9}},"13":{"start":{"line":90,"column":23},"end":{"line":92,"column":9}},"14":{"start":{"line":94,"column":8},"end":{"line":94,"column":37}},"15":{"start":{"line":96,"column":33},"end":{"line":114,"column":9}},"16":{"start":{"line":116,"column":8},"end":{"line":116,"column":24}},"17":{"start":{"line":121,"column":8},"end":{"line":121,"column":44}},"18":{"start":{"line":125,"column":8},"end":{"line":125,"column":46}},"19":{"start":{"line":136,"column":8},"end":{"line":155,"column":9}},"20":{"start":{"line":137,"column":12},"end":{"line":137,"column":48}},"21":{"start":{"line":139,"column":12},"end":{"line":142,"column":13}},"22":{"start":{"line":141,"column":16},"end":{"line":141,"column":86}},"23":{"start":{"line":144,"column":12},"end":{"line":147,"column":13}},"24":{"start":{"line":146,"column":16},"end":{"line":146,"column":88}},"25":{"start":{"line":149,"column":12},"end":{"line":152,"column":13}},"26":{"start":{"line":151,"column":16},"end":{"line":151,"column":87}},"27":{"start":{"line":154,"column":12},"end":{"line":154,"column":37}},"28":{"start":{"line":160,"column":8},"end":{"line":171,"column":9}},"29":{"start":{"line":165,"column":12},"end":{"line":165,"column":56}},"30":{"start":{"line":166,"column":12},"end":{"line":166,"column":56}},"31":{"start":{"line":167,"column":12},"end":{"line":167,"column":56}},"32":{"start":{"line":180,"column":8},"end":{"line":180,"column":52}},"33":{"start":{"line":182,"column":8},"end":{"line":188,"column":9}},"34":{"start":{"line":183,"column":12},"end":{"line":183,"column":41}},"35":{"start":{"line":184,"column":12},"end":{"line":184,"column":38}},"36":{"start":{"line":185,"column":15},"end":{"line":188,"column":9}},"37":{"start":{"line":186,"column":12},"end":{"line":186,"column":40}},"38":{"start":{"line":187,"column":12},"end":{"line":187,"column":36}},"39":{"start":{"line":190,"column":8},"end":{"line":190,"column":71}},"40":{"start":{"line":199,"column":18},"end":{"line":199,"column":22}},"41":{"start":{"line":201,"column":32},"end":{"line":237,"column":9}},"42":{"start":{"line":202,"column":12},"end":{"line":236,"column":13}},"43":{"start":{"line":203,"column":16},"end":{"line":235,"column":17}},"44":{"start":{"line":205,"column":20},"end":{"line":209,"column":21}},"45":{"start":{"line":208,"column":24},"end":{"line":208,"column":59}},"46":{"start":{"line":211,"column":32},"end":{"line":211,"column":67}},"47":{"start":{"line":213,"column":20},"end":{"line":233,"column":21}},"48":{"start":{"line":215,"column":24},"end":{"line":230,"column":25}},"49":{"start":{"line":216,"column":28},"end":{"line":216,"column":42}},"50":{"start":{"line":217,"column":31},"end":{"line":230,"column":25}},"51":{"start":{"line":218,"column":28},"end":{"line":218,"column":43}},"52":{"start":{"line":219,"column":31},"end":{"line":230,"column":25}},"53":{"start":{"line":221,"column":38},"end":{"line":221,"column":53}},"54":{"start":{"line":223,"column":28},"end":{"line":225,"column":29}},"55":{"start":{"line":224,"column":32},"end":{"line":224,"column":42}},"56":{"start":{"line":227,"column":28},"end":{"line":227,"column":41}},"57":{"start":{"line":229,"column":28},"end":{"line":229,"column":41}},"58":{"start":{"line":239,"column":8},"end":{"line":239,"column":46}},"59":{"start":{"line":242,"column":8},"end":{"line":242,"column":33}},"60":{"start":{"line":260,"column":8},"end":{"line":281,"column":9}},"61":{"start":{"line":261,"column":36},"end":{"line":261,"column":44}},"62":{"start":{"line":263,"column":25},"end":{"line":263,"column":62}},"63":{"start":{"line":264,"column":36},"end":{"line":264,"column":37}},"64":{"start":{"line":265,"column":28},"end":{"line":265,"column":29}},"65":{"start":{"line":266,"column":12},"end":{"line":271,"column":15}},"66":{"start":{"line":267,"column":16},"end":{"line":267,"column":36}},"67":{"start":{"line":268,"column":16},"end":{"line":270,"column":17}},"68":{"start":{"line":269,"column":20},"end":{"line":269,"column":63}},"69":{"start":{"line":273,"column":12},"end":{"line":274,"column":50}},"70":{"start":{"line":276,"column":12},"end":{"line":276,"column":80}},"71":{"start":{"line":280,"column":12},"end":{"line":280,"column":66}},"72":{"start":{"line":283,"column":8},"end":{"line":283,"column":22}},"73":{"start":{"line":291,"column":21},"end":{"line":291,"column":23}},"74":{"start":{"line":293,"column":32},"end":{"line":313,"column":9}},"75":{"start":{"line":294,"column":12},"end":{"line":311,"column":13}},"76":{"start":{"line":295,"column":16},"end":{"line":309,"column":17}},"77":{"start":{"line":297,"column":20},"end":{"line":301,"column":21}},"78":{"start":{"line":300,"column":24},"end":{"line":300,"column":59}},"79":{"start":{"line":303,"column":20},"end":{"line":307,"column":21}},"80":{"start":{"line":306,"column":24},"end":{"line":306,"column":66}},"81":{"start":{"line":315,"column":8},"end":{"line":315,"column":46}},"82":{"start":{"line":317,"column":8},"end":{"line":317,"column":41}},"83":{"start":{"line":330,"column":8},"end":{"line":352,"column":9}},"84":{"start":{"line":331,"column":12},"end":{"line":331,"column":42}},"85":{"start":{"line":335,"column":12},"end":{"line":335,"column":33}},"86":{"start":{"line":336,"column":12},"end":{"line":351,"column":13}},"87":{"start":{"line":337,"column":16},"end":{"line":337,"column":39}},"88":{"start":{"line":338,"column":16},"end":{"line":338,"column":41}},"89":{"start":{"line":341,"column":35},"end":{"line":341,"column":53}},"90":{"start":{"line":342,"column":28},"end":{"line":342,"column":32}},"91":{"start":{"line":344,"column":16},"end":{"line":350,"column":24}},"92":{"start":{"line":345,"column":20},"end":{"line":348,"column":21}},"93":{"start":{"line":346,"column":24},"end":{"line":346,"column":47}},"94":{"start":{"line":347,"column":24},"end":{"line":347,"column":50}},"95":{"start":{"line":360,"column":8},"end":{"line":360,"column":76}},"96":{"start":{"line":361,"column":8},"end":{"line":361,"column":80}},"97":{"start":{"line":362,"column":8},"end":{"line":362,"column":86}},"98":{"start":{"line":364,"column":8},"end":{"line":364,"column":52}},"99":{"start":{"line":365,"column":8},"end":{"line":365,"column":52}},"100":{"start":{"line":366,"column":8},"end":{"line":366,"column":52}},"101":{"start":{"line":368,"column":8},"end":{"line":368,"column":54}},"102":{"start":{"line":369,"column":8},"end":{"line":369,"column":54}},"103":{"start":{"line":370,"column":8},"end":{"line":370,"column":54}},"104":{"start":{"line":372,"column":8},"end":{"line":372,"column":61}},"105":{"start":{"line":373,"column":8},"end":{"line":373,"column":63}},"106":{"start":{"line":374,"column":8},"end":{"line":374,"column":65}},"107":{"start":{"line":376,"column":8},"end":{"line":376,"column":70}},"108":{"start":{"line":377,"column":8},"end":{"line":377,"column":48}},"109":{"start":{"line":378,"column":8},"end":{"line":378,"column":48}},"110":{"start":{"line":379,"column":8},"end":{"line":379,"column":54}},"111":{"start":{"line":380,"column":8},"end":{"line":380,"column":70}},"112":{"start":{"line":381,"column":8},"end":{"line":381,"column":74}},"113":{"start":{"line":382,"column":8},"end":{"line":382,"column":60}},"114":{"start":{"line":383,"column":8},"end":{"line":383,"column":62}},"115":{"start":{"line":384,"column":8},"end":{"line":384,"column":70}},"116":{"start":{"line":387,"column":8},"end":{"line":387,"column":63}},"117":{"start":{"line":389,"column":8},"end":{"line":389,"column":33}},"118":{"start":{"line":395,"column":8},"end":{"line":395,"column":30}},"119":{"start":{"line":405,"column":8},"end":{"line":405,"column":57}},"120":{"start":{"line":413,"column":23},"end":{"line":413,"column":31}},"121":{"start":{"line":414,"column":8},"end":{"line":414,"column":40}},"122":{"start":{"line":415,"column":8},"end":{"line":415,"column":164}},"123":{"start":{"line":416,"column":8},"end":{"line":416,"column":168}},"124":{"start":{"line":417,"column":8},"end":{"line":417,"column":166}},"125":{"start":{"line":418,"column":8},"end":{"line":418,"column":22}},"126":{"start":{"line":428,"column":21},"end":{"line":428,"column":33}},"127":{"start":{"line":429,"column":8},"end":{"line":433,"column":11}},"128":{"start":{"line":430,"column":12},"end":{"line":432,"column":13}},"129":{"start":{"line":431,"column":16},"end":{"line":431,"column":32}},"130":{"start":{"line":435,"column":8},"end":{"line":435,"column":22}},"131":{"start":{"line":50,"column":18},"end":{"line":50,"column":47}},"132":{"start":{"line":51,"column":18},"end":{"line":51,"column":34}},"133":{"start":{"line":52,"column":18},"end":{"line":52,"column":36}}},"fnMap":{"0":{"name":"(anonymous_0)","decl":{"start":{"line":61,"column":4},"end":{"line":61,"column":23}},"loc":{"start":{"line":62,"column":76},"end":{"line":70,"column":5}}},"1":{"name":"(anonymous_1)","decl":{"start":{"line":72,"column":11},"end":{"line":72,"column":19}},"loc":{"start":{"line":72,"column":58},"end":{"line":76,"column":5}}},"2":{"name":"(anonymous_2)","decl":{"start":{"line":73,"column":48},"end":{"line":73,"column":49}},"loc":{"start":{"line":73,"column":64},"end":{"line":75,"column":9}}},"3":{"name":"(anonymous_3)","decl":{"start":{"line":78,"column":12},"end":{"line":78,"column":29}},"loc":{"start":{"line":78,"column":64},"end":{"line":118,"column":5}}},"4":{"name":"(anonymous_4)","decl":{"start":{"line":120,"column":12},"end":{"line":120,"column":27}},"loc":{"start":{"line":120,"column":28},"end":{"line":122,"column":5}}},"5":{"name":"(anonymous_5)","decl":{"start":{"line":124,"column":12},"end":{"line":124,"column":29}},"loc":{"start":{"line":124,"column":30},"end":{"line":126,"column":5}}},"6":{"name":"(anonymous_6)","decl":{"start":{"line":134,"column":11},"end":{"line":134,"column":23}},"loc":{"start":{"line":134,"column":40},"end":{"line":157,"column":5}}},"7":{"name":"(anonymous_7)","decl":{"start":{"line":159,"column":4},"end":{"line":159,"column":18}},"loc":{"start":{"line":159,"column":45},"end":{"line":172,"column":5}}},"8":{"name":"(anonymous_8)","decl":{"start":{"line":178,"column":11},"end":{"line":178,"column":27}},"loc":{"start":{"line":178,"column":28},"end":{"line":191,"column":5}}},"9":{"name":"(anonymous_9)","decl":{"start":{"line":197,"column":11},"end":{"line":197,"column":31}},"loc":{"start":{"line":197,"column":32},"end":{"line":244,"column":5}}},"10":{"name":"(anonymous_10)","decl":{"start":{"line":201,"column":32},"end":{"line":201,"column":41}},"loc":{"start":{"line":201,"column":53},"end":{"line":237,"column":9}}},"11":{"name":"(anonymous_11)","decl":{"start":{"line":252,"column":11},"end":{"line":252,"column":23}},"loc":{"start":{"line":256,"column":60},"end":{"line":284,"column":5}}},"12":{"name":"(anonymous_12)","decl":{"start":{"line":266,"column":27},"end":{"line":266,"column":28}},"loc":{"start":{"line":266,"column":61},"end":{"line":271,"column":13}}},"13":{"name":"(anonymous_13)","decl":{"start":{"line":289,"column":11},"end":{"line":289,"column":29}},"loc":{"start":{"line":289,"column":30},"end":{"line":319,"column":5}}},"14":{"name":"(anonymous_14)","decl":{"start":{"line":293,"column":32},"end":{"line":293,
[...]
,"/home/travis/build/MaibornWolff/codecharta/visualization/app/codeCharta/ui/rangeSlider/rangeSlider.component.html": {"path":"/home/travis/build/MaibornWolff/codecharta/visualization/app/codeCharta/ui/rangeSlider/rangeSlider.component.html","statementMap":{"0":{"start":{"line":1,"column":0},"end":{"line":1,"column":761}}},"fnMap":{},"branchMap":{},"s":{"0":1},"f":{},"b":{},"_coverageSchema":"332fd63041d2c1bcb487cc26dd0d5f7d97098a6c","hash":"a966d319ecbf761255a2a74ddfbca51da06d3da5"}
,"/home/travis/build/MaibornWolff/codecharta/visualization/app/codeCharta/ui/rangeSlider/rangeSlider.component.ts": {"path":"/home/travis/build/MaibornWolff/codecharta/visualization/app/codeCharta/ui/rangeSlider/rangeSlider.component.ts","statementMap":{"0":{"start":{"line":11,"column":24},"end":{"line":11,"column":56}},"1":{"start":{"line":12,"column":24},"end":{"line":12,"column":48}},"2":{"start":{"line":15,"column":8},"end":{"line":15,"column":45}},"3":{"start":{"line":16,"column":8},"end":{"line":16,"column":33}},"4":{"start":{"line":18,"column":8},"end":{"line":20,"column":10}},"5":{"start":{"line":19,"column":12},"end":{"line":19,"column":52}},"6":{"start":{"line":25,"column":8},"end":{"line":25,"column":41}},"7":{"start":{"line":29,"column":8},"end":{"line":35,"column":10}},"8":{"start":{"line":39,"column":8},"end":{"line":40,"column":65}},"9":{"start":{"line":41,"column":8},"end":{"line":43,"column":65}},"10":{"start":{"line":44,"column":8},"end":{"line":45,"column":120}},"11":{"start":{"line":46,"column":8},"end":{"line":46,"column":30}},"12":{"start":{"line":50,"column":8},"end":{"line":52,"column":67}},"13":{"start":{"line":53,"column":8},"end":{"line":54,"column":120}},"14":{"start":{"line":55,"column":8},"end":{"line":55,"column":30}},"15":{"start":{"line":59,"column":8},"end":{"line":59,"column":45}},"16":{"start":{"line":64,"column":36},"end":{"line":68,"column":1}}},"fnMap":{"0":{"name":"(anonymous_0)","decl":{"start":{"line":11,"column":4},"end":{"line":11,"column":23}},"loc":{"start":{"line":14,"column":22},"end":{"line":22,"column":5}}},"1":{"name":"(anonymous_1)","decl":{"start":{"line":18,"column":17},"end":{"line":null,"column":-1}},"loc":{"start":{"line":18,"column":17},"end":{"line":20,"column":9}}},"2":{"name":"(anonymous_2)","decl":{"start":{"line":24,"column":4},"end":{"line":24,"column":20}},"loc":{"start":{"line":24,"column":40},"end":{"line":26,"column":5}}},"3":{"name":"(anonymous_3)","decl":{"start":{"line":28,"column":4},"end":{"line":28,"column":20}},"loc":{"start":{"line":28,"column":72},"end":{"line":36,"column":5}}},"4":{"name":"(anonymous_4)","decl":{"start":{"line":38,"column":12},"end":{"line":38,"column":27}},"loc":{"start":{"line":38,"column":28},"end":{"line":47,"column":5}}},"5":{"name":"(anonymous_5)","decl":{"start":{"line":49,"column":12},"end":{"line":49,"column":29}},"loc":{"start":{"line":49,"column":30},"end":{"line":56,"column":5}}},"6":{"name":"(anonymous_6)","decl":{"start":{"line":58,"column":12},"end":{"line":58,"column":25}},"loc":{"start":{"line":58,"column":26},"end":{"line":60,"column":5}}}},"branchMap":{"0":{"loc":{"start":{"line":28,"column":43},"end":{"line":28,"column":72}},"type":"default-arg","locations":[{"start":{"line":28,"column":43},"end":{"line":28,"column":72}}]}},"s":{"0":5,"1":5,"2":5,"3":5,"4":5,"5":1,"6":0,"7":7,"8":0,"9":0,"10":0,"11":0,"12":0,"13":0,"14":0,"15":1,"16":1},"f":{"0":5,"1":1,"2":0,"3":7,"4":0,"5":0,"6":1},"b":{"0":[7]}}
,"/home/travis/build/MaibornWolff/codecharta/visualization/app/codeCharta/ui/resetSettingsButton/resetSettingsButton.component.html": {"path":"/home/travis/build/MaibornWolff/codecharta/visualization/app/codeCharta/ui/resetSettingsButton/resetSettingsButton.component.html","statementMap":{"0":{"start":{"line":1,"column":0},"end":{"line":1,"column":100}}},"fnMap":{},"branchMap":{},"s":{"0":1},"f":{},"b":{},"_coverageSchema":"332fd63041d2c1bcb487cc26dd0d5f7d97098a6c","hash":"0996bc96a4a5c3701270b7a9b77c739abee1bd57"}
,"/home/travis/build/MaibornWolff/codecharta/visualization/app/codeCharta/ui/resetSettingsButton/resetSettingsButton.component.ts": {"path":"/home/travis/build/MaibornWolff/codecharta/visualization/app/codeCharta/ui/resetSettingsButton/resetSettingsButton.component.ts","statementMap":{"0":{"start":{"line":11,"column":16},"end":{"line":11,"column":48}},"1":{"start":{"line":12,"column":16},"end":{"line":12,"column":48}},"2":{"start":{"line":7,"column":12},"end":{"line":7,"column":39}},"3":{"start":{"line":18,"column":8},"end":{"line":18,"column":48}},"4":{"start":{"line":22,"column":8},"end":{"line":22,"column":53}},"5":{"start":{"line":23,"column":8},"end":{"line":23,"column":54}},"6":{"start":{"line":24,"column":31},"end":{"line":24,"column":54}},"7":{"start":{"line":26,"column":8},"end":{"line":52,"column":11}},"8":{"start":{"line":28,"column":24},"end":{"line":28,"column":40}},"9":{"start":{"line":30,"column":12},"end":{"line":50,"column":13}},"10":{"start":{"line":32,"column":43},"end":{"line":32,"column":72}},"11":{"start":{"line":33,"column":42},"end":{"line":33,"column":92}},"12":{"start":{"line":35,"column":16},"end":{"line":46,"column":19}},"13":{"start":{"line":37,"column":20},"end":{"line":45,"column":21}},"14":{"start":{"line":39,"column":24},"end":{"line":44,"column":25}},"15":{"start":{"line":40,"column":28},"end":{"line":40,"column":83}},"16":{"start":{"line":42,"column":28},"end":{"line":42,"column":78}},"17":{"start":{"line":43,"column":28},"end":{"line":43,"column":76}},"18":{"start":{"line":49,"column":16},"end":{"line":49,"column":113}},"19":{"start":{"line":55,"column":8},"end":{"line":55,"column":45}},"20":{"start":{"line":62,"column":44},"end":{"line":69,"column":1}}},"fnMap":{"0":{"name":"(anonymous_0)","decl":{"start":{"line":10,"column":4},"end":{"line":11,"column":15}},"loc":{"start":{"line":12,"column":48},"end":{"line":15,"column":5}}},"1":{"name":"(anonymous_1)","decl":{"start":{"line":17,"column":4},"end":{"line":17,"column":10}},"loc":{"start":{"line":17,"column":11},"end":{"line":19,"column":5}}},"2":{"name":"(anonymous_2)","decl":{"start":{"line":21,"column":11},"end":{"line":21,"column":24}},"loc":{"start":{"line":21,"column":67},"end":{"line":57,"column":5}}},"3":{"name":"(anonymous_3)","decl":{"start":{"line":26,"column":23},"end":{"line":26,"column":24}},"loc":{"start":{"line":26,"column":33},"end":{"line":52,"column":9}}},"4":{"name":"(anonymous_4)","decl":{"start":{"line":35,"column":30},"end":{"line":35,"column":31}},"loc":{"start":{"line":35,"column":46},"end":{"line":46,"column":17}}}},"branchMap":{"0":{"loc":{"start":{"line":21,"column":49},"end":{"line":21,"column":67}},"type":"default-arg","locations":[{"start":{"line":21,"column":49},"end":{"line":21,"column":67}}]},"1":{"loc":{"start":{"line":30,"column":12},"end":{"line":50,"column":13}},"type":"if","locations":[{"start":{"line":30,"column":12},"end":{"line":50,"column":13}},{"start":{"line":30,"column":12},"end":{"line":50,"column":13}}]},"2":{"loc":{"start":{"line":37,"column":20},"end":{"line":45,"column":21}},"type":"if","locations":[{"start":{"line":37,"column":20},"end":{"line":45,"column":21}},{"start":{"line":37,"column":20},"end":{"line":45,"column":21}}]},"3":{"loc":{"start":{"line":37,"column":24},"end":{"line":37,"column":58}},"type":"binary-expr","locations":[{"start":{"line":37,"column":24},"end":{"line":37,"column":58}},{"start":{"line":37,"column":62},"end":{"line":37,"column":95}}]},"4":{"loc":{"start":{"line":39,"column":24},"end":{"line":44,"column":25}},"type":"if","locations":[{"start":{"line":39,"column":24},"end":{"line":44,"column":25}},{"start":{"line":39,"column":24},"end":{"line":44,"column":25}}]}},"s":{"0":11,"1":11,"2":11,"3":1,"4":10,"5":10,"6":10,"7":10,"8":17,"9":17,"10":5,"11":5,"12":5,"13":12,"14":9,"15":3,"16":6,"17":6,"18":12,"19":10,"20":1},"f":{"0":11,"1":1,"2":10,"3":17,"4":12},"b":{"0":[10],"1":[5,12],"2":[9,3],"3":[12,9],"4":[3,6]}}
,"/home/travis/build/MaibornWolff/codecharta/visualization/app/codeCharta/ui/revisionChooser/revisionChooser.html": {"path":"/home/travis/build/MaibornWolff/codecharta/visualization/app/codeCharta/ui/revisionChooser/revisionChooser.html","statementMap":{"0":{"start":{"line":1,"column":0},"end":{"line":1,"column":380}}},"fnMap":{},"branchMap":{},"s":{"0":1},"f":{},"b":{},"_coverageSchema":"332fd63041d2c1bcb487cc26dd0d5f7d97098a6c","hash":"f143d1d6f50272098e10d9b50fc3b77df5c28d81"}
,"/home/travis/build/MaibornWolff/codecharta/visualization/app/codeCharta/ui/revisionChooser/revisionChooserComponent.ts": {"path":"/home/travis/build/MaibornWolff/codecharta/visualization/app/codeCharta/ui/revisionChooser/revisionChooserComponent.ts","statementMap":{"0":{"start":{"line":27,"column":16},"end":{"line":27,"column":40}},"1":{"start":{"line":28,"column":16},"end":{"line":28,"column":48}},"2":{"start":{"line":29,"column":16},"end":{"line":29,"column":26}},"3":{"start":{"line":13,"column":11},"end":{"line":16,"column":6}},"4":{"start":{"line":31,"column":8},"end":{"line":31,"column":52}},"5":{"start":{"line":32,"column":8},"end":{"line":32,"column":29}},"6":{"start":{"line":33,"column":8},"end":{"line":33,"column":119}},"7":{"start":{"line":34,"column":8},"end":{"line":34,"column":117}},"8":{"start":{"line":35,"column":8},"end":{"line":35,"column":36}},"9":{"start":{"line":36,"column":8},"end":{"line":38,"column":11}},"10":{"start":{"line":37,"column":12},"end":{"line":37,"column":29}},"11":{"start":{"line":43,"column":8},"end":{"line":43,"column":40}},"12":{"start":{"line":44,"column":8},"end":{"line":44,"column":118}},"13":{"start":{"line":45,"column":8},"end":{"line":45,"column":117}},"14":{"start":{"line":49,"column":8},"end":{"line":49,"column":51}},"15":{"start":{"line":53,"column":8},"end":{"line":53,"column":52}},"16":{"start":{"line":57,"column":8},"end":{"line":82,"column":9}},"17":{"start":{"line":59,"column":16},"end":{"line":59,"column":61}},"18":{"start":{"line":60,"column":16},"end":{"line":60,"column":64}},"19":{"start":{"line":61,"column":16},"end":{"line":61,"column":76}},"20":{"start":{"line":62,"column":16},"end":{"line":62,"column":22}},"21":{"start":{"line":66,"column":16},"end":{"line":66,"column":61}},"22":{"start":{"line":67,"column":16},"end":{"line":67,"column":53}},"23":{"start":{"line":68,"column":16},"end":{"line":68,"column":76}},"24":{"start":{"line":69,"column":16},"end":{"line":69,"column":22}},"25":{"start":{"line":73,"column":16},"end":{"line":73,"column":60}},"26":{"start":{"line":74,"column":16},"end":{"line":74,"column":53}},"27":{"start":{"line":75,"column":16},"end":{"line":75,"column":76}},"28":{"start":{"line":76,"column":16},"end":{"line":76,"column":22}},"29":{"start":{"line":80,"column":16},"end":{"line":80,"column":76}},"30":{"start":{"line":88,"column":40},"end":{"line":92,"column":1}},"31":{"start":{"line":93,"column":52},"end":{"line":97,"column":1}}},"fnMap":{"0":{"name":"(anonymous_0)","decl":{"start":{"line":26,"column":4},"end":{"line":27,"column":15}},"loc":{"start":{"line":29,"column":26},"end":{"line":40,"column":5}}},"1":{"name":"(anonymous_1)","decl":{"start":{"line":36,"column":48},"end":{"line":36,"column":49}},"loc":{"start":{"line":36,"column":63},"end":{"line":38,"column":9}}},"2":{"name":"(anonymous_2)","decl":{"start":{"line":42,"column":4},"end":{"line":42,"column":16}},"loc":{"start":{"line":42,"column":33},"end":{"line":46,"column":5}}},"3":{"name":"(anonymous_3)","decl":{"start":{"line":48,"column":4},"end":{"line":48,"column":20}},"loc":{"start":{"line":48,"column":38},"end":{"line":50,"column":5}}},"4":{"name":"(anonymous_4)","decl":{"start":{"line":52,"column":4},"end":{"line":52,"column":21}},"loc":{"start":{"line":52,"column":39},"end":{"line":54,"column":5}}},"5":{"name":"(anonymous_5)","decl":{"start":{"line":56,"column":4},"end":{"line":56,"column":15}},"loc":{"start":{"line":56,"column":23},"end":{"line":85,"column":6}}}},"branchMap":{"0":{"loc":{"start":{"line":58,"column":12},"end":{"line":63,"column":13}},"type":"switch","locations":[{"start":{"line":58,"column":12},"end":{"line":63,"column":13}},{"start":{"line":65,"column":12},"end":{"line":70,"column":13}},{"start":{"line":72,"column":12},"end":{"line":77,"column":13}},{"start":{"line":79,"column":12},"end":{"line":81,"column":13}}]}},"s":{"0":5,"1":5,"2":5,"3":5,"4":5,"5":5,"6":5,"7":5,"8":5,"9":5,"10":0,"11":1,"12":1,"13":1,"14":0,"15":0,"16":0,"17":0,"18":0,"19":0,"20":0,"21":0,"22":0,"23":0,"24":0,"25":0,"26":0,"27":0,"28":0,"29":0,"30":1,"31":1},"f":{"0":5,"1":0,"2":1,"3":0,"4":0,"5":0},"b":{"0":[0,0,0,0]}}
,"/home/travis/build/MaibornWolff/codecharta/visualization/app/codeCharta/ui/revisionChooser/revisionChooserFileDropDown.html": {"path":"/home/travis/build/MaibornWolff/codecharta/visualization/app/codeCharta/ui/revisionChooser/revisionChooserFileDropDown.html","statementMap":{"0":{"start":{"line":1,"column":0},"end":{"line":1,"column":1172}}},"fnMap":{},"branchMap":{},"s":{"0":1},"f":{},"b":{},"_coverageSchema":"332fd63041d2c1bcb487cc26dd0d5f7d97098a6c","hash":"e1e706f52729e7be46e8353bf75674aa6e435a6e"}
,"/home/travis/build/MaibornWolff/codecharta/visualization/app/codeCharta/ui/scenarioButtons/scenarioButtons.html": {"path":"/home/travis/build/MaibornWolff/codecharta/visualization/app/codeCharta/ui/scenarioButtons/scenarioButtons.html","statementMap":{"0":{"start":{"line":1,"column":0},"end":{"line":1,"column":354}}},"fnMap":{},"branchMap":{},"s":{"0":1},"f":{},"b":{},"_coverageSchema":"332fd63041d2c1bcb487cc26dd0d5f7d97098a6c","hash":"bc775aa401146b551abe371ad5a8d63e4295c9c8"}
,"/home/travis/build/MaibornWolff/codecharta/visualization/app/codeCharta/ui/scenarioButtons/scenarioButtonsComponent.ts": {"path":"/home/travis/build/MaibornWolff/codecharta/visualization/app/codeCharta/ui/scenarioButtons/scenarioButtonsComponent.ts","statementMap":{"0":{"start":{"line":25,"column":24},"end":{"line":25,"column":56}},"1":{"start":{"line":26,"column":24},"end":{"line":26,"column":54}},"2":{"start":{"line":27,"column":24},"end":{"line":27,"column":56}},"3":{"start":{"line":28,"column":24},"end":{"line":28,"column":48}},"4":{"start":{"line":29,"column":24},"end":{"line":29,"column":38}},"5":{"start":{"line":15,"column":12},"end":{"line":15,"column":37}},"6":{"start":{"line":30,"column":8},"end":{"line":30,"column":31}},"7":{"start":{"line":31,"column":8},"end":{"line":31,"column":44}},"8":{"start":{"line":32,"column":8},"end":{"line":32,"column":45}},"9":{"start":{"line":33,"column":8},"end":{"line":33,"column":41}},"10":{"start":{"line":37,"column":8},"end":{"line":37,"column":61}},"11":{"start":{"line":41,"column":8},"end":{"line":41,"column":31}},"12":{"start":{"line":45,"column":8},"end":{"line":45,"column":31}},"13":{"start":{"line":49,"column":8},"end":{"line":49,"column":29}},"14":{"start":{"line":58,"column":8},"end":{"line":58,"column":60}},"15":{"start":{"line":66,"column":8},"end":{"line":66,"column":50}},"16":{"start":{"line":67,"column":8},"end":{"line":67,"column":27}},"17":{"start":{"line":71,"column":8},"end":{"line":71,"column":69}},"18":{"start":{"line":72,"column":8},"end":{"line":72,"column":24}},"19":{"start":{"line":76,"column":40},"end":{"line":80,"column":1}},"20":{"start":{"line":81,"column":41},"end":{"line":85,"column":1}}},"fnMap":{"0":{"name":"(anonymous_0)","decl":{"start":{"line":25,"column":4},"end":{"line":25,"column":23}},"loc":{"start":{"line":29,"column":38},"end":{"line":34,"column":5}}},"1":{"name":"(anonymous_1)","decl":{"start":{"line":36,"column":4},"end":{"line":36,"column":18}},"loc":{"start":{"line":36,"column":19},"end":{"line":38,"column":5}}},"2":{"name":"(anonymous_2)","decl":{"start":{"line":40,"column":4},"end":{"line":40,"column":16}},"loc":{"start":{"line":40,"column":63},"end":{"line":42,"column":5}}},"3":{"name":"(anonymous_3)","decl":{"start":{"line":44,"column":4},"end":{"line":44,"column":20}},"loc":{"start":{"line":44,"column":54},"end":{"line":46,"column":5}}},"4":{"name":"(anonymous_4)","decl":{"start":{"line":48,"column":4},"end":{"line":48,"column":20}},"loc":{"start":{"line":48,"column":54},"end":{"line":50,"column":5}}},"5":{"name":"(anonymous_5)","decl":{"start":{"line":57,"column":4},"end":{"line":57,"column":30}},"loc":{"start":{"line":57,"column":43},"end":{"line":59,"column":5}}},"6":{"name":"(anonymous_6)","decl":{"start":{"line":65,"column":4},"end":{"line":65,"column":10}},"loc":{"start":{"line":65,"column":27},"end":{"line":68,"column":5}}},"7":{"name":"(anonymous_7)","decl":{"start":{"line":70,"column":4},"end":{"line":70,"column":16}},"loc":{"start":{"line":70,"column":17},"end":{"line":73,"column":5}}}},"branchMap":{},"s":{"0":7,"1":7,"2":7,"3":7,"4":7,"5":7,"6":7,"7":7,"8":7,"9":7,"10":7,"11":1,"12":1,"13":1,"14":2,"15":1,"16":1,"17":0,"18":0,"19":1,"20":1},"f":{"0":7,"1":7,"2":1,"3":1,"4":1,"5":2,"6":1,"7":0},"b":{}}
,"/home/travis/build/MaibornWolff/codecharta/visualization/app/codeCharta/ui/scenarioButtons/scenarioDropDown.html": {"path":"/home/travis/build/MaibornWolff/codecharta/visualization/app/codeCharta/ui/scenarioButtons/scenarioDropDown.html","statementMap":{"0":{"start":{"line":1,"column":0},"end":{"line":1,"column":308}}},"fnMap":{},"branchMap":{},"s":{"0":1},"f":{},"b":{},"_coverageSchema":"332fd63041d2c1bcb487cc26dd0d5f7d97098a6c","hash":"e9d54e9afe413ec48d602992e8548cc2322f9d67"}
,"/home/travis/build/MaibornWolff/codecharta/visualization/mocks/ng.mockhelper.ts": {"path":"/home/travis/build/MaibornWolff/codecharta/visualization/mocks/ng.mockhelper.ts","statementMap":{"0":{"start":{"line":5,"column":38},"end":{"line":5,"column":45}},"1":{"start":{"line":6,"column":18},"end":{"line":6,"column":25}}},"fnMap":{},"branchMap":{},"s":{"0":14,"1":14},"f":{},"b":{}}
,"/home/travis/build/MaibornWolff/codecharta/visualization/mocks/styleMock.js": {"path":"/home/travis/build/MaibornWolff/codecharta/visualization/mocks/styleMock.js","statementMap":{"0":{"start":{"line":1,"column":0},"end":{"line":1,"column":20}}},"fnMap":{},"branchMap":{},"s":{"0":10},"f":{},"b":{},"_coverageSchema":"332fd63041d2c1bcb487cc26dd0d5f7d97098a6c","hash":"2e6081af1e30d798e4831545898b456ac5ee3c7f"}
}
