TN:
SF:/home/travis/build/MaibornWolff/codecharta/visualization/app/codeCharta/codeCharta.component.html
FNF:0
FNH:0
DA:1,1
LF:1
LH:1
BRF:0
BRH:0
end_of_record
TN:
SF:/home/travis/build/MaibornWolff/codecharta/visualization/app/codeCharta/codeCharta.component.ts
FN:25,(anonymous_0)
FN:40,(anonymous_1)
FN:41,(anonymous_2)
FN:44,(anonymous_3)
FN:45,(anonymous_4)
FN:49,(anonymous_5)
FN:54,(anonymous_6)
FN:58,(anonymous_7)
FN:61,(anonymous_8)
FN:72,(anonymous_9)
FN:76,(anonymous_10)
FN:83,(anonymous_11)
FN:94,(anonymous_12)
FN:102,(anonymous_13)
FN:112,(anonymous_14)
FNF:15
FNH:15
FNDA:22,(anonymous_0)
FNDA:22,(anonymous_1)
FNDA:1,(anonymous_2)
FNDA:22,(anonymous_3)
FNDA:1,(anonymous_4)
FNDA:1,(anonymous_5)
FNDA:1,(anonymous_6)
FNDA:25,(anonymous_7)
FNDA:24,(anonymous_8)
FNDA:38,(anonymous_9)
FNDA:68,(anonymous_10)
FNDA:34,(anonymous_11)
FNDA:4,(anonymous_12)
FNDA:31,(anonymous_13)
FNDA:3,(anonymous_14)
DA:19,22
DA:26,22
DA:27,22
DA:28,22
DA:29,22
DA:30,22
DA:31,22
DA:32,22
DA:33,22
DA:35,22
DA:36,22
DA:37,22
DA:41,22
DA:45,22
DA:46,1
DA:49,22
DA:50,1
DA:55,1
DA:59,25
DA:60,25
DA:62,24
DA:63,1
DA:65,23
DA:74,38
DA:76,38
DA:77,68
DA:82,38
DA:84,34
DA:85,5
DA:87,29
DA:89,34
DA:90,34
DA:91,34
DA:92,34
DA:95,4
DA:96,4
DA:103,31
DA:104,1
DA:106,31
DA:113,3
DA:118,1
LF:41
LH:41
BRDA:62,0,0,1
BRDA:62,0,1,23
BRDA:72,1,0,7
BRDA:84,2,0,5
BRDA:84,2,1,29
BRDA:103,3,0,1
BRDA:103,3,1,30
BRF:7
BRH:7
end_of_record
TN:
SF:/home/travis/build/MaibornWolff/codecharta/visualization/app/codeCharta/core/aggregate/aggregate.module.ts
FNF:0
FNH:0
DA:7,1
LF:1
LH:1
BRF:0
BRH:0
end_of_record
TN:
SF:/home/travis/build/MaibornWolff/codecharta/visualization/app/codeCharta/core/aggregate/aggregate.service.ts
FN:9,(anonymous_0)
FN:40,(anonymous_1)
FN:63,(anonymous_2)
FN:75,(anonymous_3)
FNF:4
FNH:3
FNDA:3,(anonymous_0)
FNDA:6,(anonymous_1)
FNDA:12,(anonymous_2)
FNDA:0,(anonymous_3)
DA:6,1
DA:11,3
DA:13,2
DA:14,2
DA:16,2
DA:17,6
DA:18,6
DA:21,2
DA:34,2
DA:35,6
DA:37,2
DA:42,6
DA:43,6
DA:45,6
DA:47,18
DA:48,6
DA:50,12
DA:51,0
DA:53,12
DA:54,6
DA:58,6
DA:60,6
DA:64,12
DA:65,18
DA:66,0
DA:69,18
DA:70,6
DA:76,0
DA:77,0
DA:78,0
DA:79,0
LF:31
LH:25
BRDA:11,0,0,1
BRDA:11,0,1,2
BRDA:47,1,0,6
BRDA:47,1,1,12
BRDA:50,2,0,0
BRDA:50,2,1,12
BRDA:53,3,0,6
BRDA:53,3,1,6
BRDA:65,4,0,0
BRDA:65,4,1,18
BRDA:69,5,0,6
BRDA:69,5,1,12
BRDA:77,6,0,0
BRDA:77,6,1,0
BRF:14
BRH:10
end_of_record
TN:
SF:/home/travis/build/MaibornWolff/codecharta/visualization/app/codeCharta/core/data/data.decorator.service.ts
FN:12,(anonymous_0)
FN:14,(anonymous_1)
FN:22,(anonymous_2)
FN:51,(anonymous_3)
FN:68,(anonymous_4)
FN:73,(anonymous_5)
FN:80,(anonymous_6)
FN:85,(anonymous_7)
FN:92,(anonymous_8)
FN:95,(anonymous_9)
FN:98,(anonymous_10)
FN:106,(anonymous_11)
FN:108,(anonymous_12)
FN:112,(anonymous_13)
FN:132,(anonymous_14)
FN:134,(anonymous_15)
FN:138,(anonymous_16)
FN:147,(anonymous_17)
FN:161,(anonymous_18)
FN:164,(anonymous_19)
FN:175,(anonymous_20)
FNF:21
FNH:21
FNDA:33,(anonymous_0)
FNDA:167,(anonymous_1)
FNDA:167,(anonymous_2)
FNDA:26,(anonymous_3)
FNDA:24,(anonymous_4)
FNDA:128,(anonymous_5)
FNDA:35,(anonymous_6)
FNDA:199,(anonymous_7)
FNDA:35,(anonymous_8)
FNDA:198,(anonymous_9)
FNDA:445,(anonymous_10)
FNDA:29,(anonymous_11)
FNDA:37,(anonymous_12)
FNDA:123,(anonymous_13)
FNDA:27,(anonymous_14)
FNDA:33,(anonymous_15)
FNDA:173,(anonymous_16)
FNDA:173,(anonymous_17)
FNDA:47,(anonymous_18)
FNDA:27,(anonymous_19)
FNDA:296,(anonymous_20)
DA:14,33
DA:15,167
DA:22,33
DA:23,167
DA:24,6
DA:25,6
DA:26,6
DA:27,6
DA:28,6
DA:29,1
DA:31,6
DA:32,6
DA:33,6
DA:34,161
DA:35,61
DA:36,128
DA:41,33
DA:42,33
DA:53,26
DA:55,26
DA:56,26
DA:58,26
DA:59,134
DA:60,1
DA:62,134
DA:70,24
DA:72,24
DA:73,24
DA:74,128
DA:82,35
DA:84,35
DA:85,35
DA:86,199
DA:93,35
DA:94,35
DA:95,35
DA:96,198
DA:97,198
DA:98,198
DA:99,445
DA:101,198
DA:108,29
DA:109,37
DA:111,37
DA:112,37
DA:115,123
DA:118,123
DA:119,543
DA:120,543
DA:121,56
DA:134,27
DA:135,33
DA:137,33
DA:138,33
DA:139,173
DA:149,173
DA:152,173
DA:153,745
DA:154,745
DA:155,47
DA:162,47
DA:165,27
DA:166,27
DA:167,27
DA:168,69
DA:170,27
DA:176,296
DA:177,2
LF:68
LH:68
BRDA:15,0,0,167
BRDA:15,0,1,167
BRDA:15,0,2,68
BRDA:15,0,3,7
BRDA:15,0,4,6
BRDA:23,1,0,6
BRDA:23,1,1,161
BRDA:28,2,0,1
BRDA:28,2,1,5
BRDA:34,3,0,61
BRDA:34,3,1,100
BRDA:34,4,0,161
BRDA:34,4,1,161
BRDA:34,4,2,62
BRDA:41,5,0,33
BRDA:41,5,1,0
BRDA:41,6,0,33
BRDA:41,6,1,33
BRDA:53,7,0,26
BRDA:53,7,1,0
BRDA:53,8,0,26
BRDA:53,8,1,26
BRDA:59,9,0,1
BRDA:59,9,1,133
BRDA:70,10,0,24
BRDA:70,10,1,0
BRDA:70,11,0,24
BRDA:70,11,1,24
BRDA:82,12,0,35
BRDA:82,12,1,0
BRDA:82,13,0,35
BRDA:82,13,1,35
BRDA:93,14,0,35
BRDA:93,14,1,0
BRDA:93,15,0,35
BRDA:93,15,1,35
BRDA:109,16,0,37
BRDA:109,16,1,0
BRDA:109,17,0,37
BRDA:109,17,1,37
BRDA:120,18,0,56
BRDA:120,18,1,487
BRDA:135,19,0,33
BRDA:135,19,1,0
BRDA:135,20,0,33
BRDA:135,20,1,33
BRDA:154,21,0,47
BRDA:154,21,1,698
BRDA:154,22,0,745
BRDA:154,22,1,47
BRDA:154,22,2,47
BRDA:176,23,0,2
BRDA:176,23,1,294
BRF:53
BRH:46
end_of_record
TN:
SF:/home/travis/build/MaibornWolff/codecharta/visualization/app/codeCharta/core/data/data.deltaCalculator.service.ts
FN:19,(anonymous_0)
FN:23,(anonymous_1)
FN:24,(anonymous_2)
FN:34,(anonymous_3)
FN:97,(anonymous_4)
FN:110,(anonymous_5)
FN:115,(anonymous_6)
FN:124,(anonymous_7)
FN:132,(anonymous_8)
FN:135,(anonymous_9)
FN:137,(anonymous_10)
FN:143,(anonymous_11)
FN:159,(anonymous_12)
FN:172,(anonymous_13)
FNF:14
FNH:14
FNDA:67,(anonymous_0)
FNDA:6,(anonymous_1)
FNDA:26,(anonymous_2)
FNDA:9,(anonymous_3)
FNDA:5,(anonymous_4)
FNDA:9,(anonymous_5)
FNDA:16,(anonymous_6)
FNDA:17,(anonymous_7)
FNDA:7,(anonymous_8)
FNDA:47,(anonymous_9)
FNDA:40,(anonymous_10)
FNDA:9,(anonymous_11)
FNDA:9,(anonymous_12)
FNDA:38,(anonymous_13)
DA:19,67
DA:24,6
DA:25,26
DA:27,9
DA:28,9
DA:29,9
DA:36,9
DA:38,9
DA:39,9
DA:40,9
DA:43,9
DA:45,7
DA:47,7
DA:49,7
DA:50,14
DA:51,14
DA:53,7
DA:54,7
DA:55,7
DA:56,7
DA:61,0
DA:64,7
DA:66,0
DA:68,0
DA:77,0
DA:78,0
DA:80,0
DA:81,0
DA:84,0
DA:90,9
DA:91,0
DA:93,9
DA:100,5
DA:101,2
DA:105,3
DA:106,3
DA:109,3
DA:110,3
DA:111,9
DA:114,3
DA:115,3
DA:116,16
DA:120,3
DA:121,3
DA:124,3
DA:125,17
DA:126,17
DA:127,17
DA:134,7
DA:135,7
DA:136,47
DA:137,40
DA:146,9
DA:147,9
DA:150,9
DA:151,23
DA:152,23
DA:156,9
DA:159,9
DA:160,9
DA:161,32
DA:162,32
DA:165,9
DA:168,9
DA:173,38
DA:174,38
DA:175,114
DA:176,114
DA:177,114
DA:178,114
DA:179,114
DA:182,38
LF:72
LH:63
BRDA:25,0,0,9
BRDA:25,0,1,17
BRDA:47,1,0,7
BRDA:47,1,1,0
BRDA:49,2,0,21
BRDA:49,2,1,15
BRDA:51,3,0,7
BRDA:51,3,1,7
BRDA:64,4,0,0
BRDA:64,4,1,7
BRDA:90,5,0,0
BRDA:90,5,1,9
BRDA:100,6,0,2
BRDA:100,6,1,3
BRDA:100,7,0,5
BRDA:100,7,1,4
BRDA:100,7,2,4
BRDA:100,7,3,3
BRDA:136,8,0,18
BRDA:136,8,1,29
BRDA:151,9,0,23
BRDA:151,9,1,0
BRDA:161,10,0,32
BRDA:161,10,1,0
BRDA:175,11,0,114
BRDA:175,11,1,0
BRDA:176,12,0,73
BRDA:176,12,1,41
BRF:28
BRH:22
end_of_record
TN:
SF:/home/travis/build/MaibornWolff/codecharta/visualization/app/codeCharta/core/data/data.loading.service.ts
FN:12,(anonymous_0)
FN:23,(anonymous_1)
FN:25,(anonymous_2)
FN:29,(anonymous_3)
FN:40,(anonymous_4)
FNF:5
FNH:5
FNDA:6,(anonymous_0)
FNDA:6,(anonymous_1)
FNDA:6,(anonymous_2)
FNDA:3,(anonymous_3)
FNDA:3,(anonymous_4)
DA:12,6
DA:25,6
DA:27,6
DA:30,3
DA:36,3
DA:38,3
DA:41,3
LF:7
LH:7
BRDA:23,0,0,1
BRDA:34,1,0,3
BRDA:34,1,1,3
BRF:3
BRH:3
end_of_record
TN:
SF:/home/travis/build/MaibornWolff/codecharta/visualization/app/codeCharta/core/data/data.mocks.ts
FNF:0
FNH:0
DA:3,5
DA:29,5
DA:34,5
DA:41,5
DA:71,5
LF:5
LH:5
BRF:0
BRH:0
end_of_record
TN:
SF:/home/travis/build/MaibornWolff/codecharta/visualization/app/codeCharta/core/data/data.module.ts
FNF:0
FNH:0
DA:11,11
DA:13,11
DA:17,11
DA:22,11
DA:26,11
DA:30,11
LF:6
LH:6
BRF:0
BRH:0
end_of_record
TN:
SF:/home/travis/build/MaibornWolff/codecharta/visualization/app/codeCharta/core/data/data.service.ts
FN:34,(anonymous_0)
FN:46,(anonymous_1)
FN:58,(anonymous_2)
FN:68,(anonymous_3)
FN:77,(anonymous_4)
FN:83,(anonymous_5)
FN:90,(anonymous_6)
FN:98,(anonymous_7)
FN:102,(anonymous_8)
FN:103,(anonymous_9)
FN:108,(anonymous_10)
FN:114,(anonymous_11)
FN:118,(anonymous_12)
FN:122,(anonymous_13)
FN:126,(anonymous_14)
FN:130,(anonymous_15)
FN:142,(anonymous_16)
FN:151,(anonymous_17)
FN:155,(anonymous_18)
FN:159,(anonymous_19)
FN:160,(anonymous_20)
FN:172,(anonymous_21)
FN:180,(anonymous_22)
FN:183,(anonymous_23)
FN:185,(anonymous_24)
FNF:25
FNH:20
FNDA:60,(anonymous_0)
FNDA:24,(anonymous_1)
FNDA:28,(anonymous_2)
FNDA:5,(anonymous_3)
FNDA:32,(anonymous_4)
FNDA:2,(anonymous_5)
FNDA:2,(anonymous_6)
FNDA:98,(anonymous_7)
FNDA:31,(anonymous_8)
FNDA:4,(anonymous_9)
FNDA:22,(anonymous_10)
FNDA:0,(anonymous_11)
FNDA:0,(anonymous_12)
FNDA:0,(anonymous_13)
FNDA:0,(anonymous_14)
FNDA:0,(anonymous_15)
FNDA:27,(anonymous_16)
FNDA:32,(anonymous_17)
FNDA:104,(anonymous_18)
FNDA:78,(anonymous_19)
FNDA:341,(anonymous_20)
FNDA:2,(anonymous_21)
FNDA:2,(anonymous_22)
FNDA:4,(anonymous_23)
FNDA:16,(anonymous_24)
DA:29,60
DA:30,60
DA:31,60
DA:34,60
DA:35,60
DA:36,60
DA:38,60
DA:47,24
DA:48,24
DA:49,24
DA:50,24
DA:51,24
DA:52,24
DA:53,24
DA:54,24
DA:55,24
DA:59,28
DA:60,27
DA:61,27
DA:62,27
DA:63,27
DA:64,27
DA:69,5
DA:70,3
DA:71,3
DA:72,3
DA:73,3
DA:78,32
DA:79,2
DA:84,2
DA:85,1
DA:86,1
DA:91,2
DA:92,1
DA:93,1
DA:99,98
DA:103,31
DA:104,4
DA:109,22
DA:115,0
DA:119,0
DA:123,0
DA:127,0
DA:132,0
DA:133,0
DA:134,0
DA:135,0
DA:139,0
DA:144,27
DA:145,1
DA:146,1
DA:149,26
DA:151,26
DA:152,32
DA:155,26
DA:156,104
DA:159,26
DA:160,78
DA:161,341
DA:165,26
DA:173,2
DA:174,2
DA:175,2
DA:176,2
DA:177,2
DA:181,2
DA:183,2
DA:184,4
DA:185,4
DA:186,16
DA:187,4
DA:192,2
LF:72
LH:63
BRDA:59,0,0,27
BRDA:59,0,1,1
BRDA:69,1,0,3
BRDA:69,1,1,2
BRDA:78,2,0,2
BRDA:78,2,1,30
BRDA:78,3,0,32
BRDA:78,3,1,7
BRDA:78,3,2,7
BRDA:84,4,0,1
BRDA:84,4,1,1
BRDA:91,5,0,1
BRDA:91,5,1,1
BRDA:132,6,0,0
BRDA:132,6,1,0
BRDA:132,7,0,0
BRDA:132,7,1,0
BRDA:134,8,0,0
BRDA:134,8,1,0
BRDA:134,9,0,0
BRDA:134,9,1,0
BRDA:144,10,0,1
BRDA:144,10,1,26
BRDA:156,11,0,104
BRDA:156,11,1,0
BRDA:186,12,0,4
BRDA:186,12,1,12
BRF:27
BRH:18
end_of_record
TN:
SF:/home/travis/build/MaibornWolff/codecharta/visualization/app/codeCharta/core/data/data.validator.service.ts
FN:14,(anonymous_0)
FN:23,(anonymous_1)
FN:55,(anonymous_2)
FN:57,(anonymous_3)
FNF:4
FNH:4
FNDA:17,(anonymous_0)
FNDA:45,(anonymous_1)
FNDA:17,(anonymous_2)
FNDA:17,(anonymous_3)
DA:25,45
DA:27,17
DA:29,17
DA:30,34
DA:33,17
DA:34,1
DA:36,16
DA:37,16
DA:38,32
DA:40,16
DA:45,27
DA:57,17
DA:59,17
DA:60,17
DA:61,17
DA:64,17
DA:65,1
DA:71,12
DA:72,7
DA:74,5
LF:20
LH:20
BRDA:25,0,0,17
BRDA:25,0,1,27
BRDA:25,1,0,45
BRDA:25,1,1,17
BRDA:33,2,0,1
BRDA:33,2,1,16
BRDA:38,3,0,32
BRDA:38,3,1,32
BRDA:64,4,0,1
BRDA:64,4,1,11
BRDA:71,5,0,7
BRDA:71,5,1,5
BRF:12
BRH:12
end_of_record
TN:
SF:/home/travis/build/MaibornWolff/codecharta/visualization/app/codeCharta/core/scenario/scenario.data.ts
FN:5,createDefaultScenario
FNF:1
FNH:1
FNDA:9,createDefaultScenario
DA:7,9
LF:1
LH:1
BRF:0
BRH:0
end_of_record
TN:
SF:/home/travis/build/MaibornWolff/codecharta/visualization/app/codeCharta/core/scenario/scenario.module.ts
FNF:0
FNH:0
DA:10,1
DA:15,1
LF:2
LH:2
BRF:0
BRH:0
end_of_record
TN:
SF:/home/travis/build/MaibornWolff/codecharta/visualization/app/codeCharta/core/scenario/scenario.service.ts
FN:21,(anonymous_0)
FN:34,(anonymous_1)
FN:45,(anonymous_2)
FN:49,(anonymous_3)
FN:59,(anonymous_4)
FN:60,(anonymous_5)
FN:63,(anonymous_6)
FN:67,(anonymous_7)
FN:68,(anonymous_8)
FN:69,(anonymous_9)
FN:76,(anonymous_10)
FNF:11
FNH:10
FNDA:18,(anonymous_0)
FNDA:6,(anonymous_1)
FNDA:1,(anonymous_2)
FNDA:0,(anonymous_3)
FNDA:2,(anonymous_4)
FNDA:8,(anonymous_5)
FNDA:11,(anonymous_6)
FNDA:40,(anonymous_7)
FNDA:34,(anonymous_8)
FNDA:34,(anonymous_9)
FNDA:1,(anonymous_10)
DA:18,18
DA:21,18
DA:22,18
DA:23,18
DA:24,18
DA:35,6
DA:36,3
DA:37,3
DA:46,1
DA:47,1
DA:48,0
DA:49,0
DA:50,0
DA:60,8
DA:64,11
DA:65,1
DA:67,40
DA:68,34
DA:69,34
DA:77,1
LF:20
LH:17
BRDA:35,0,0,3
BRDA:35,0,1,3
BRDA:47,1,0,0
BRDA:47,1,1,1
BRDA:64,2,0,1
BRDA:64,2,1,10
BRDA:64,3,0,11
BRDA:64,3,1,10
BRDA:67,4,0,10
BRDA:67,4,1,7
BRDA:67,4,2,7
BRF:11
BRH:10
end_of_record
TN:
SF:/home/travis/build/MaibornWolff/codecharta/visualization/app/codeCharta/core/settings/settings.module.ts
FNF:0
FNH:0
DA:10,6
LF:1
LH:1
BRF:0
BRH:0
end_of_record
TN:
SF:/home/travis/build/MaibornWolff/codecharta/visualization/app/codeCharta/core/settings/settings.service.ts
FN:61,(anonymous_0)
FN:72,(anonymous_1)
FN:73,(anonymous_2)
FN:78,(anonymous_3)
FN:120,(anonymous_4)
FN:124,(anonymous_5)
FN:134,(anonymous_6)
FN:159,(anonymous_7)
FN:178,(anonymous_8)
FN:197,(anonymous_9)
FN:201,(anonymous_10)
FN:252,(anonymous_11)
FN:266,(anonymous_12)
FN:289,(anonymous_13)
FN:293,(anonymous_14)
FN:328,(anonymous_15)
FN:344,(anonymous_16)
FN:359,(anonymous_17)
FN:394,(anonymous_18)
FN:404,(anonymous_19)
FN:412,(anonymous_20)
FN:427,(anonymous_21)
FN:429,(anonymous_22)
FNF:23
FNH:18
FNDA:30,(anonymous_0)
FNDA:0,(anonymous_1)
FNDA:0,(anonymous_2)
FNDA:30,(anonymous_3)
FNDA:0,(anonymous_4)
FNDA:0,(anonymous_5)
FNDA:3,(anonymous_6)
FNDA:1,(anonymous_7)
FNDA:3,(anonymous_8)
FNDA:2,(anonymous_9)
FNDA:50,(anonymous_10)
FNDA:12,(anonymous_11)
FNDA:15,(anonymous_12)
FNDA:3,(anonymous_13)
FNDA:69,(anonymous_14)
FNDA:1,(anonymous_15)
FNDA:0,(anonymous_16)
FNDA:1,(anonymous_17)
FNDA:58,(anonymous_18)
FNDA:107,(anonymous_19)
FNDA:2,(anonymous_20)
FNDA:8,(anonymous_21)
FNDA:18,(anonymous_22)
DA:50,10
DA:51,10
DA:52,10
DA:58,30
DA:61,30
DA:62,30
DA:64,30
DA:66,30
DA:67,30
DA:68,30
DA:73,0
DA:74,0
DA:80,30
DA:86,30
DA:90,30
DA:94,30
DA:96,30
DA:116,30
DA:121,0
DA:125,0
DA:136,3
DA:137,3
DA:139,3
DA:141,2
DA:144,3
DA:146,3
DA:149,3
DA:151,3
DA:154,3
DA:160,1
DA:165,1
DA:166,1
DA:167,1
DA:180,3
DA:182,3
DA:183,0
DA:184,0
DA:185,3
DA:186,0
DA:187,0
DA:190,3
DA:199,2
DA:201,2
DA:202,50
DA:203,52
DA:205,50
DA:208,48
DA:211,50
DA:213,50
DA:215,3
DA:216,0
DA:217,3
DA:218,0
DA:219,3
DA:221,3
DA:223,3
DA:224,1
DA:227,3
DA:229,0
DA:239,2
DA:242,2
DA:260,12
DA:261,5
DA:263,5
DA:264,5
DA:265,5
DA:266,5
DA:267,15
DA:268,15
DA:269,12
DA:273,5
DA:276,5
DA:280,7
DA:283,12
DA:291,3
DA:293,3
DA:294,69
DA:295,78
DA:297,75
DA:300,66
DA:303,75
DA:306,66
DA:315,3
DA:317,3
DA:330,1
DA:331,1
DA:335,0
DA:336,0
DA:337,0
DA:338,0
DA:341,0
DA:342,0
DA:344,0
DA:345,0
DA:346,0
DA:347,0
DA:360,1
DA:361,1
DA:362,1
DA:364,1
DA:365,1
DA:366,1
DA:368,1
DA:369,1
DA:370,1
DA:372,1
DA:373,1
DA:374,1
DA:376,1
DA:377,1
DA:378,1
DA:379,1
DA:380,1
DA:381,1
DA:382,1
DA:383,1
DA:384,1
DA:387,1
DA:389,1
DA:395,58
DA:405,107
DA:413,2
DA:414,2
DA:415,2
DA:416,2
DA:417,2
DA:418,2
DA:428,8
DA:429,8
DA:430,18
DA:431,2
DA:435,8
LF:132
LH:111
BRDA:136,0,0,3
BRDA:136,0,1,0
BRDA:136,1,0,3
BRDA:136,1,1,3
BRDA:136,1,2,3
BRDA:139,2,0,2
BRDA:139,2,1,1
BRDA:144,3,0,3
BRDA:144,3,1,0
BRDA:149,4,0,3
BRDA:149,4,1,0
BRDA:160,5,0,1
BRDA:160,5,1,0
BRDA:161,6,0,1
BRDA:161,6,1,1
BRDA:161,6,2,0
BRDA:182,7,0,0
BRDA:182,7,1,3
BRDA:182,8,0,3
BRDA:182,8,1,0
BRDA:185,9,0,0
BRDA:185,9,1,3
BRDA:185,10,0,3
BRDA:185,10,1,3
BRDA:203,11,0,50
BRDA:203,11,1,2
BRDA:203,12,0,52
BRDA:203,12,1,52
BRDA:203,12,2,50
BRDA:205,13,0,2
BRDA:205,13,1,48
BRDA:205,14,0,50
BRDA:205,14,1,48
BRDA:213,15,0,3
BRDA:213,15,1,47
BRDA:215,16,0,0
BRDA:215,16,1,3
BRDA:217,17,0,0
BRDA:217,17,1,3
BRDA:219,18,0,3
BRDA:219,18,1,0
BRDA:219,19,0,3
BRDA:219,19,1,3
BRDA:223,20,0,1
BRDA:223,20,1,2
BRDA:253,21,0,4
BRDA:254,22,0,4
BRDA:255,23,0,4
BRDA:256,24,0,4
BRDA:260,25,0,5
BRDA:260,25,1,7
BRDA:260,26,0,12
BRDA:260,26,1,8
BRDA:268,27,0,12
BRDA:268,27,1,3
BRDA:268,28,0,15
BRDA:268,28,1,15
BRDA:280,29,0,7
BRDA:280,29,1,0
BRDA:295,30,0,75
BRDA:295,30,1,3
BRDA:295,31,0,78
BRDA:295,31,1,78
BRDA:295,31,2,75
BRDA:297,32,0,9
BRDA:297,32,1,66
BRDA:297,33,0,75
BRDA:297,33,1,66
BRDA:303,34,0,9
BRDA:303,34,1,66
BRDA:303,35,0,75
BRDA:303,35,1,66
BRDA:330,36,0,1
BRDA:330,36,1,0
BRDA:336,37,0,0
BRDA:336,37,1,0
BRDA:345,38,0,0
BRDA:345,38,1,0
BRDA:387,39,0,1
BRDA:387,39,1,1
BRDA:430,40,0,2
BRDA:430,40,1,16
BRF:82
BRH:65
end_of_record
TN:
SF:/home/travis/build/MaibornWolff/codecharta/visualization/app/codeCharta/core/statistic/statistic.module.ts
FNF:0
FNH:0
DA:7,7
LF:1
LH:1
BRF:0
BRH:0
end_of_record
TN:
SF:/home/travis/build/MaibornWolff/codecharta/visualization/app/codeCharta/core/statistic/statistic.service.ts
FN:8,(anonymous_0)
FN:22,(anonymous_1)
FN:34,(anonymous_2)
FN:74,(anonymous_3)
FN:124,(anonymous_4)
FN:148,(anonymous_5)
FN:168,(anonymous_6)
FN:193,(anonymous_7)
FN:215,(anonymous_8)
FN:229,(anonymous_9)
FN:244,(anonymous_10)
FN:259,(anonymous_11)
FN:285,(anonymous_12)
FN:286,(anonymous_13)
FNF:14
FNH:14
FNDA:13,(anonymous_0)
FNDA:8,(anonymous_1)
FNDA:15,(anonymous_2)
FNDA:120,(anonymous_3)
FNDA:120,(anonymous_4)
FNDA:55,(anonymous_5)
FNDA:55,(anonymous_6)
FNDA:75,(anonymous_7)
FNDA:15,(anonymous_8)
FNDA:15,(anonymous_9)
FNDA:15,(anonymous_10)
FNDA:15,(anonymous_11)
FNDA:15,(anonymous_12)
FNDA:42,(anonymous_13)
DA:8,13
DA:9,13
DA:10,13
DA:11,13
DA:12,13
DA:13,13
DA:14,13
DA:20,13
DA:22,8
DA:35,15
DA:36,15
DA:37,0
DA:39,15
DA:40,15
DA:41,5
DA:44,10
DA:45,10
DA:47,10
DA:48,10
DA:51,30
DA:53,30
DA:54,10
DA:57,30
DA:59,10
DA:61,30
DA:63,10
DA:64,10
DA:65,10
DA:66,10
DA:75,120
DA:76,120
DA:77,330
DA:78,150
DA:80,180
DA:81,10
DA:84,120
DA:85,120
DA:86,180
DA:89,120
DA:90,60
DA:91,10
DA:93,60
DA:95,90
DA:96,110
DA:98,110
DA:100,75
DA:101,75
DA:102,75
DA:106,90
DA:107,15
DA:109,15
DA:114,120
DA:125,120
DA:127,60
DA:128,180
DA:133,60
DA:134,90
DA:135,160
DA:136,90
DA:141,120
DA:149,55
DA:150,10
DA:152,45
DA:153,20
DA:154,35
DA:157,25
DA:158,25
DA:160,55
DA:170,55
DA:171,25
DA:172,75
DA:175,30
DA:177,20
DA:178,35
DA:181,10
DA:182,10
DA:184,55
DA:194,75
DA:196,15
DA:198,15
DA:200,15
DA:202,15
DA:204,15
DA:206,0
DA:208,0
DA:216,15
DA:217,15
DA:218,42
DA:219,36
DA:222,15
DA:223,15
DA:231,15
DA:232,42
DA:233,36
DA:234,18
DA:238,15
DA:246,15
DA:247,42
DA:248,36
DA:249,15
DA:253,15
DA:260,15
DA:261,15
DA:263,15
DA:264,42
DA:265,36
DA:266,18
DA:269,18
DA:273,15
DA:274,18
DA:275,15
DA:276,15
DA:279,15
DA:286,42
DA:288,15
DA:289,15
DA:290,9
DA:292,6
DA:293,0
DA:296,6
DA:298,15
LF:121
LH:117
BRDA:8,0,0,13
BRDA:8,0,1,13
BRDA:35,1,0,15
BRDA:35,1,1,0
BRDA:36,2,0,0
BRDA:36,2,1,15
BRDA:40,3,0,5
BRDA:40,3,1,10
BRDA:53,4,0,10
BRDA:53,4,1,20
BRDA:53,5,0,30
BRDA:53,5,1,20
BRDA:77,6,0,150
BRDA:77,6,1,180
BRDA:77,7,0,330
BRDA:77,7,1,270
BRDA:77,7,2,150
BRDA:77,7,3,150
BRDA:80,8,0,10
BRDA:80,8,1,170
BRDA:80,9,0,180
BRDA:80,9,1,120
BRDA:84,10,0,120
BRDA:84,10,1,0
BRDA:84,11,0,120
BRDA:84,11,1,120
BRDA:89,12,0,60
BRDA:89,12,1,60
BRDA:89,13,0,120
BRDA:89,13,1,60
BRDA:90,14,0,10
BRDA:90,14,1,50
BRDA:98,15,0,75
BRDA:98,15,1,35
BRDA:106,16,0,15
BRDA:106,16,1,75
BRDA:125,17,0,60
BRDA:125,17,1,60
BRDA:125,18,0,120
BRDA:125,18,1,60
BRDA:125,18,2,60
BRDA:125,18,3,60
BRDA:135,19,0,90
BRDA:135,19,1,70
BRDA:149,20,0,10
BRDA:149,20,1,45
BRDA:152,21,0,20
BRDA:152,21,1,25
BRDA:152,22,0,45
BRDA:152,22,1,20
BRDA:157,23,0,25
BRDA:157,23,1,0
BRDA:157,24,0,25
BRDA:157,24,1,25
BRDA:170,25,0,25
BRDA:170,25,1,30
BRDA:170,26,0,55
BRDA:170,26,1,45
BRDA:175,27,0,20
BRDA:175,27,1,10
BRDA:175,28,0,30
BRDA:175,28,1,20
BRDA:181,29,0,10
BRDA:181,29,1,0
BRDA:195,30,0,15
BRDA:195,30,1,15
BRDA:195,30,2,15
BRDA:195,30,3,15
BRDA:195,30,4,15
BRDA:195,30,5,0
BRDA:218,31,0,36
BRDA:218,31,1,6
BRDA:232,32,0,36
BRDA:232,32,1,6
BRDA:233,33,0,18
BRDA:233,33,1,18
BRDA:233,34,0,36
BRDA:233,34,1,21
BRDA:247,35,0,36
BRDA:247,35,1,6
BRDA:248,36,0,15
BRDA:248,36,1,21
BRDA:248,37,0,36
BRDA:248,37,1,21
BRDA:264,38,0,36
BRDA:264,38,1,6
BRDA:265,39,0,18
BRDA:265,39,1,18
BRDA:274,40,0,15
BRDA:274,40,1,3
BRDA:289,41,0,9
BRDA:289,41,1,6
BRDA:292,42,0,0
BRDA:292,42,1,6
BRF:94
BRH:87
end_of_record
TN:
SF:/home/travis/build/MaibornWolff/codecharta/visualization/app/codeCharta/core/tooltip/tooltip.module.ts
FNF:0
FNH:0
DA:7,1
LF:1
LH:1
BRF:0
BRH:0
end_of_record
TN:
SF:/home/travis/build/MaibornWolff/codecharta/visualization/app/codeCharta/core/tooltip/tooltip.service.ts
FN:24,(anonymous_0)
FN:28,(anonymous_1)
FN:29,(anonymous_2)
FN:34,(anonymous_3)
FN:38,(anonymous_4)
FN:48,(anonymous_5)
FN:83,(anonymous_6)
FNF:7
FNH:7
FNDA:9,(anonymous_0)
FNDA:1,(anonymous_1)
FNDA:1,(anonymous_2)
FNDA:1,(anonymous_3)
FNDA:16,(anonymous_4)
FNDA:14,(anonymous_5)
FNDA:5,(anonymous_6)
DA:3,1
DA:4,1
DA:19,1
DA:24,9
DA:25,9
DA:29,1
DA:30,1
DA:35,1
DA:39,16
DA:40,16
DA:56,14
DA:58,14
DA:60,10
DA:66,10
DA:67,5
DA:69,10
DA:72,4
DA:84,5
LF:18
LH:18
BRDA:58,0,0,10
BRDA:58,0,1,4
BRF:2
BRH:2
end_of_record
TN:
SF:/home/travis/build/MaibornWolff/codecharta/visualization/app/codeCharta/core/treemap/treemap.service.ts
FN:42,(anonymous_0)
FN:44,(anonymous_1)
FN:50,(anonymous_2)
FN:58,(anonymous_3)
FN:61,(anonymous_4)
FN:67,(anonymous_5)
FN:89,(anonymous_6)
FNF:7
FNH:7
FNDA:7,(anonymous_0)
FNDA:6,(anonymous_1)
FNDA:6,(anonymous_2)
FNDA:14,(anonymous_3)
FNDA:6,(anonymous_4)
FNDA:14,(anonymous_5)
FNDA:14,(anonymous_6)
DA:35,1
DA:36,1
DA:37,1
DA:38,1
DA:39,1
DA:42,7
DA:45,6
DA:46,6
DA:47,6
DA:51,6
DA:52,6
DA:53,6
DA:58,14
DA:62,6
DA:63,6
DA:64,6
DA:69,14
DA:70,14
DA:72,14
DA:73,5
DA:76,14
DA:78,14
DA:79,4
DA:80,4
DA:81,8
DA:83,4
DA:85,14
DA:90,14
DA:91,14
DA:92,10
DA:94,14
LF:31
LH:31
BRDA:55,0,0,6
BRDA:55,0,1,6
BRDA:56,1,0,6
BRDA:56,1,1,6
BRDA:67,2,0,6
BRDA:67,3,0,6
BRDA:69,4,0,14
BRDA:69,4,1,0
BRDA:72,5,0,5
BRDA:72,5,1,9
BRDA:72,6,0,14
BRDA:72,6,1,9
BRDA:78,7,0,4
BRDA:78,7,1,10
BRDA:78,8,0,14
BRDA:78,8,1,4
BRDA:91,9,0,10
BRDA:91,9,1,4
BRDA:91,10,0,14
BRDA:91,10,1,14
BRDA:91,10,2,4
BRDA:92,11,0,10
BRDA:92,11,1,4
BRF:23
BRH:22
end_of_record
TN:
SF:/home/travis/build/MaibornWolff/codecharta/visualization/app/codeCharta/core/treemap/treemap.util.ts
FN:6,(anonymous_0)
FN:16,(anonymous_1)
FN:20,(anonymous_2)
FNF:3
FNH:3
FNDA:9,(anonymous_0)
FNDA:43,(anonymous_1)
FNDA:18,(anonymous_2)
DA:7,9
DA:8,9
DA:9,4
DA:10,5
DA:13,9
DA:17,43
DA:31,18
DA:32,3
DA:35,18
LF:9
LH:9
BRDA:8,0,0,4
BRDA:8,0,1,5
BRDA:8,1,0,9
BRDA:8,1,1,4
BRDA:17,2,0,43
BRDA:17,2,1,12
BRDA:31,3,0,3
BRDA:31,3,1,15
BRDA:38,4,0,14
BRDA:38,4,1,4
BRDA:48,5,0,1
BRDA:48,5,1,17
BRDA:48,6,0,18
BRDA:48,6,1,1
BRF:14
BRH:14
end_of_record
TN:
SF:/home/travis/build/MaibornWolff/codecharta/visualization/app/codeCharta/core/url/url.mocks.ts
FNF:0
FNH:0
DA:3,1
LF:1
LH:1
BRF:0
BRH:0
end_of_record
TN:
SF:/home/travis/build/MaibornWolff/codecharta/visualization/app/codeCharta/core/url/url.module.ts
FNF:0
FNH:0
DA:7,7
LF:1
LH:1
BRF:0
BRH:0
end_of_record
TN:
SF:/home/travis/build/MaibornWolff/codecharta/visualization/app/codeCharta/core/url/url.service.ts
FN:20,(anonymous_0)
FN:28,(anonymous_1)
FN:38,(anonymous_2)
FN:58,(anonymous_3)
FN:66,(anonymous_4)
FN:80,(anonymous_5)
FN:81,(anonymous_6)
FN:94,(anonymous_7)
FN:96,(anonymous_8)
FN:100,(anonymous_9)
FN:107,(anonymous_10)
FNF:11
FNH:10
FNDA:35,(anonymous_0)
FNDA:50,(anonymous_1)
FNDA:60,(anonymous_2)
FNDA:56,(anonymous_3)
FNDA:3,(anonymous_4)
FNDA:4,(anonymous_5)
FNDA:4,(anonymous_6)
FNDA:4,(anonymous_7)
FNDA:4,(anonymous_8)
FNDA:4,(anonymous_9)
FNDA:0,(anonymous_10)
DA:15,8
DA:17,8
DA:20,35
DA:29,50
DA:39,60
DA:40,55
DA:42,60
DA:43,60
DA:44,60
DA:45,60
DA:46,51
DA:48,9
DA:49,0
DA:51,9
DA:59,56
DA:68,3
DA:70,3
DA:71,0
DA:74,3
DA:75,2
DA:78,3
DA:80,3
DA:81,4
DA:82,4
DA:86,3
DA:96,4
DA:98,4
DA:99,4
DA:101,4
DA:102,4
DA:103,4
DA:105,0
DA:108,0
DA:112,0
LF:34
LH:29
BRDA:39,0,0,55
BRDA:39,0,1,5
BRDA:45,1,0,51
BRDA:45,1,1,9
BRDA:48,2,0,0
BRDA:48,2,1,9
BRDA:70,3,0,0
BRDA:70,3,1,3
BRDA:74,4,0,2
BRDA:74,4,1,1
BRDA:98,5,0,4
BRDA:98,5,1,0
BRDA:98,6,0,4
BRDA:98,6,1,4
BRDA:101,7,0,4
BRDA:101,7,1,0
BRF:16
BRH:12
end_of_record
TN:
SF:/home/travis/build/MaibornWolff/codecharta/visualization/app/codeCharta/ui/codeMap/codeMap.actions.service.ts
FN:10,(anonymous_0)
FN:18,(anonymous_1)
FN:26,(anonymous_2)
FN:31,(anonymous_3)
FN:36,(anonymous_4)
FN:38,(anonymous_5)
FN:50,(anonymous_6)
FN:52,(anonymous_7)
FN:64,(anonymous_8)
FN:71,(anonymous_9)
FN:77,(anonymous_10)
FN:78,(anonymous_11)
FN:83,(anonymous_12)
FN:84,(anonymous_13)
FN:89,(anonymous_14)
FN:91,(anonymous_15)
FNF:16
FNH:14
FNDA:15,(anonymous_0)
FNDA:2,(anonymous_1)
FNDA:3,(anonymous_2)
FNDA:3,(anonymous_3)
FNDA:3,(anonymous_4)
FNDA:7,(anonymous_5)
FNDA:2,(anonymous_6)
FNDA:6,(anonymous_7)
FNDA:1,(anonymous_8)
FNDA:1,(anonymous_9)
FNDA:13,(anonymous_10)
FNDA:0,(anonymous_11)
FNDA:2,(anonymous_12)
FNDA:0,(anonymous_13)
FNDA:9,(anonymous_14)
FNDA:43,(anonymous_15)
DA:8,1
DA:11,15
DA:12,15
DA:13,15
DA:19,2
DA:20,1
DA:22,1
DA:27,3
DA:28,3
DA:32,3
DA:33,3
DA:37,3
DA:38,3
DA:39,7
DA:40,6
DA:41,6
DA:42,2
DA:46,3
DA:47,3
DA:51,2
DA:52,2
DA:53,6
DA:54,3
DA:55,3
DA:56,2
DA:60,2
DA:61,2
DA:65,1
DA:66,1
DA:67,1
DA:68,1
DA:72,1
DA:73,1
DA:74,1
DA:78,13
DA:79,0
DA:84,2
DA:85,0
DA:90,9
DA:91,9
DA:92,43
LF:41
LH:39
BRDA:19,0,0,1
BRDA:19,0,1,1
BRDA:39,1,0,6
BRDA:39,1,1,1
BRDA:39,2,0,7
BRDA:39,2,1,3
BRDA:41,3,0,2
BRDA:41,3,1,4
BRDA:53,4,0,3
BRDA:53,4,1,3
BRDA:55,5,0,2
BRDA:55,5,1,1
BRF:12
BRH:12
end_of_record
TN:
SF:/home/travis/build/MaibornWolff/codecharta/visualization/app/codeCharta/ui/codeMap/codeMap.mouseEvent.service.ts
FN:36,(anonymous_0)
FN:48,(anonymous_1)
FN:50,(anonymous_2)
FN:54,(anonymous_3)
FN:58,(anonymous_4)
FN:64,(anonymous_5)
FN:71,(anonymous_6)
FN:94,(anonymous_7)
FN:101,(anonymous_8)
FN:123,(anonymous_9)
FN:131,(anonymous_10)
FN:140,(anonymous_11)
FN:144,(anonymous_12)
FN:155,(anonymous_13)
FN:178,(anonymous_14)
FN:189,(anonymous_15)
FN:191,(anonymous_16)
FN:198,(anonymous_17)
FNF:18
FNH:6
FNDA:7,(anonymous_0)
FNDA:1,(anonymous_1)
FNDA:0,(anonymous_2)
FNDA:0,(anonymous_3)
FNDA:0,(anonymous_4)
FNDA:1,(anonymous_5)
FNDA:0,(anonymous_6)
FNDA:0,(anonymous_7)
FNDA:0,(anonymous_8)
FNDA:0,(anonymous_9)
FNDA:0,(anonymous_10)
FNDA:0,(anonymous_11)
FNDA:0,(anonymous_12)
FNDA:0,(anonymous_13)
FNDA:0,(anonymous_14)
FNDA:3,(anonymous_15)
FNDA:2,(anonymous_16)
FNDA:1,(anonymous_17)
DA:28,3
DA:30,7
DA:31,7
DA:32,7
DA:33,7
DA:36,7
DA:37,7
DA:38,7
DA:39,7
DA:40,7
DA:41,7
DA:42,7
DA:43,7
DA:44,7
DA:45,7
DA:50,1
DA:51,0
DA:54,1
DA:55,0
DA:58,1
DA:59,0
DA:65,1
DA:66,1
DA:67,1
DA:68,1
DA:72,0
DA:74,0
DA:75,0
DA:77,0
DA:78,0
DA:80,0
DA:81,0
DA:84,0
DA:87,0
DA:88,0
DA:89,0
DA:95,0
DA:96,0
DA:97,0
DA:98,0
DA:103,0
DA:105,0
DA:107,0
DA:108,0
DA:109,0
DA:112,0
DA:113,0
DA:114,0
DA:117,0
DA:124,0
DA:125,0
DA:126,0
DA:127,0
DA:132,0
DA:141,0
DA:145,0
DA:146,0
DA:148,0
DA:150,0
DA:151,0
DA:162,0
DA:163,0
DA:164,0
DA:168,0
DA:170,0
DA:171,0
DA:174,0
DA:179,0
DA:181,0
DA:182,0
DA:185,0
DA:190,3
DA:191,3
DA:192,2
DA:193,1
DA:199,1
LF:76
LH:27
BRDA:74,0,0,0
BRDA:74,0,1,0
BRDA:80,1,0,0
BRDA:80,1,1,0
BRDA:87,2,0,0
BRDA:87,2,1,0
BRDA:103,3,0,0
BRDA:103,3,1,0
BRDA:107,4,0,0
BRDA:107,4,1,0
BRDA:112,5,0,0
BRDA:112,5,1,0
BRDA:112,6,0,0
BRDA:112,6,1,0
BRDA:117,7,0,0
BRDA:117,7,1,0
BRDA:124,8,0,0
BRDA:124,8,1,0
BRDA:126,9,0,0
BRDA:126,9,1,0
BRDA:145,10,0,0
BRDA:145,10,1,0
BRDA:150,11,0,0
BRDA:150,11,1,0
BRDA:162,12,0,0
BRDA:162,12,1,0
BRDA:162,13,0,0
BRDA:162,13,1,0
BRDA:163,14,0,0
BRDA:163,14,1,0
BRDA:163,15,0,0
BRDA:163,15,1,0
BRDA:170,16,0,0
BRDA:170,16,1,0
BRDA:181,17,0,0
BRDA:181,17,1,0
BRDA:192,18,0,1
BRDA:192,18,1,1
BRF:38
BRH:2
end_of_record
TN:
SF:/home/travis/build/MaibornWolff/codecharta/visualization/app/codeCharta/ui/codeMap/codeMap.render.service.ts
FN:34,(anonymous_0)
FN:42,(anonymous_1)
FN:46,(anonymous_2)
FN:50,(anonymous_3)
FN:54,(anonymous_4)
FN:69,(anonymous_5)
FN:78,(anonymous_6)
FN:89,(anonymous_7)
FN:100,(anonymous_8)
FN:114,(anonymous_9)
FN:115,(anonymous_10)
FN:150,(anonymous_11)
FNF:12
FNH:0
FNDA:0,(anonymous_0)
FNDA:0,(anonymous_1)
FNDA:0,(anonymous_2)
FNDA:0,(anonymous_3)
FNDA:0,(anonymous_4)
FNDA:0,(anonymous_5)
FNDA:0,(anonymous_6)
FNDA:0,(anonymous_7)
FNDA:0,(anonymous_8)
FNDA:0,(anonymous_9)
FNDA:0,(anonymous_10)
FNDA:0,(anonymous_11)
DA:17,1
DA:24,1
DA:26,0
DA:27,0
DA:28,0
DA:34,0
DA:35,0
DA:36,0
DA:37,0
DA:38,0
DA:39,0
DA:51,0
DA:55,0
DA:57,0
DA:59,0
DA:60,0
DA:61,0
DA:70,0
DA:80,0
DA:81,0
DA:84,0
DA:85,0
DA:90,0
DA:91,0
DA:92,0
DA:93,0
DA:94,0
DA:97,0
DA:102,0
DA:110,0
DA:114,0
DA:115,0
DA:116,0
DA:118,0
DA:127,0
DA:128,0
DA:129,0
DA:130,0
DA:132,0
DA:133,0
DA:134,0
DA:135,0
DA:139,0
DA:141,0
DA:151,0
DA:152,0
DA:153,0
DA:155,0
DA:156,0
DA:157,0
DA:159,0
DA:160,0
DA:163,0
DA:164,0
DA:167,0
DA:168,0
LF:56
LH:2
BRDA:59,0,0,0
BRDA:59,0,1,0
BRDA:59,1,0,0
BRDA:59,1,1,0
BRDA:59,1,2,0
BRDA:59,1,3,0
BRDA:59,1,4,0
BRDA:80,2,0,0
BRDA:80,2,1,0
BRDA:80,3,0,0
BRDA:80,3,1,0
BRDA:80,3,2,0
BRDA:80,3,3,0
BRDA:80,3,4,0
BRDA:80,3,5,0
BRDA:80,3,6,0
BRDA:80,3,7,0
BRDA:84,4,0,0
BRDA:84,4,1,0
BRDA:84,5,0,0
BRDA:84,5,1,0
BRDA:84,5,2,0
BRDA:84,5,3,0
BRDA:114,6,0,0
BRDA:114,6,1,0
BRDA:114,6,2,0
BRDA:132,7,0,0
BRDA:132,7,1,0
BRDA:133,8,0,0
BRDA:133,8,1,0
BRDA:159,9,0,0
BRDA:159,9,1,0
BRDA:163,10,0,0
BRDA:163,10,1,0
BRDA:167,11,0,0
BRDA:167,11,1,0
BRF:36
BRH:0
end_of_record
TN:
SF:/home/travis/build/MaibornWolff/codecharta/visualization/app/codeCharta/ui/codeMap/rendering/arrowManager.ts
FN:11,(anonymous_0)
FN:16,(anonymous_1)
FN:41,(anonymous_2)
FN:48,(anonymous_3)
FN:59,(anonymous_4)
FN:73,(anonymous_5)
FN:83,(anonymous_6)
FN:93,(anonymous_7)
FN:129,(anonymous_8)
FNF:9
FNH:8
FNDA:9,(anonymous_0)
FNDA:4,(anonymous_1)
FNDA:1,(anonymous_2)
FNDA:1,(anonymous_3)
FNDA:5,(anonymous_4)
FNDA:5,(anonymous_5)
FNDA:12,(anonymous_6)
FNDA:5,(anonymous_7)
FNDA:0,(anonymous_8)
DA:12,9
DA:13,9
DA:22,4
DA:25,4
DA:26,4
DA:27,4
DA:28,4
DA:31,4
DA:32,4
DA:33,4
DA:34,4
DA:37,4
DA:38,4
DA:42,1
DA:43,1
DA:44,1
DA:49,1
DA:50,1
DA:51,1
DA:52,2
DA:53,1
DA:56,1
DA:61,5
DA:63,5
DA:64,4
DA:65,4
DA:66,4
DA:67,3
DA:74,5
DA:76,5
DA:77,9
DA:80,5
DA:84,12
DA:85,12
DA:86,12
DA:87,13
DA:88,13
DA:90,12
DA:95,5
DA:97,4
DA:98,4
DA:99,4
DA:101,4
DA:102,4
DA:103,4
DA:105,4
DA:106,4
DA:107,4
DA:109,4
DA:110,4
DA:111,4
DA:113,4
DA:120,4
DA:122,4
DA:123,4
DA:130,0
DA:131,0
DA:132,0
DA:133,0
LF:59
LH:55
BRDA:17,0,0,4
BRDA:18,1,0,4
BRDA:19,2,0,4
BRDA:20,3,0,4
BRDA:52,4,0,1
BRDA:52,4,1,1
BRDA:66,5,0,3
BRDA:66,5,1,1
BRDA:66,6,0,4
BRDA:66,6,1,3
BRDA:95,7,0,4
BRDA:95,7,1,1
BRDA:95,8,0,5
BRDA:95,8,1,5
BRDA:95,8,2,4
BRDA:95,8,3,4
BRF:16
BRH:16
end_of_record
TN:
SF:/home/travis/build/MaibornWolff/codecharta/visualization/app/codeCharta/ui/codeMap/rendering/boxGeometryGenerationHelper.ts
FN:5,(anonymous_0)
FN:14,(anonymous_1)
FN:34,(anonymous_2)
FN:69,(anonymous_3)
FN:111,(anonymous_4)
FN:157,(anonymous_5)
FNF:6
FNH:2
FNDA:1,(anonymous_0)
FNDA:1,(anonymous_1)
FNDA:0,(anonymous_2)
FNDA:0,(anonymous_3)
FNDA:0,(anonymous_4)
FNDA:0,(anonymous_5)
DA:5,1
DA:6,1
DA:7,1
DA:8,1
DA:9,1
DA:10,1
DA:11,1
DA:14,1
DA:15,1
DA:16,1
DA:17,1
DA:18,1
DA:21,1
DA:30,1
DA:31,1
DA:37,0
DA:38,0
DA:39,0
DA:40,0
DA:41,0
DA:42,0
DA:43,0
DA:44,0
DA:47,0
DA:48,0
DA:49,0
DA:50,0
DA:51,0
DA:52,0
DA:53,0
DA:54,0
DA:57,0
DA:58,0
DA:59,0
DA:60,0
DA:61,0
DA:62,0
DA:63,0
DA:64,0
DA:66,0
DA:71,0
DA:73,0
DA:79,0
DA:85,0
DA:91,0
DA:93,0
DA:98,0
DA:103,0
DA:122,0
DA:124,0
DA:126,0
DA:127,0
DA:128,0
DA:129,0
DA:130,0
DA:133,0
DA:136,0
DA:139,0
DA:142,0
DA:143,0
DA:144,0
DA:146,0
DA:147,0
DA:151,0
DA:152,0
DA:159,0
DA:160,0
DA:162,0
DA:163,0
DA:165,0
DA:166,0
LF:71
LH:15
BRDA:5,0,0,1
BRDA:5,0,1,1
BRDA:14,1,0,1
BRDA:14,1,1,1
BRDA:94,2,0,0
BRDA:94,2,1,0
BRDA:104,3,0,0
BRDA:104,3,1,0
BRDA:144,4,0,0
BRDA:144,4,1,0
BRF:10
BRH:4
end_of_record
TN:
SF:/home/travis/build/MaibornWolff/codecharta/visualization/app/codeCharta/ui/codeMap/rendering/codeMapBuilding.ts
FN:13,(anonymous_0)
FNF:1
FNH:1
FNDA:1,(anonymous_0)
DA:15,1
DA:16,1
DA:17,1
DA:18,1
LF:4
LH:4
BRDA:17,0,0,0
BRDA:17,0,1,1
BRF:2
BRH:1
end_of_record
TN:
SF:/home/travis/build/MaibornWolff/codecharta/visualization/app/codeCharta/ui/codeMap/rendering/codeMapFragmentShader.glsl
FNF:0
FNH:0
DA:1,1
LF:1
LH:1
BRF:0
BRH:0
end_of_record
TN:
SF:/home/travis/build/MaibornWolff/codecharta/visualization/app/codeCharta/ui/codeMap/rendering/codeMapGeometricDescription.ts
FN:14,(anonymous_0)
FN:20,(anonymous_1)
FN:24,(anonymous_2)
FN:28,(anonymous_3)
FN:32,(anonymous_4)
FN:48,(anonymous_5)
FNF:6
FNH:0
FNDA:0,(anonymous_0)
FNDA:0,(anonymous_1)
FNDA:0,(anonymous_2)
FNDA:0,(anonymous_3)
FNDA:0,(anonymous_4)
FNDA:0,(anonymous_5)
DA:15,0
DA:16,0
DA:17,0
DA:21,0
DA:25,0
DA:29,0
DA:33,0
DA:34,0
DA:36,0
DA:37,0
DA:39,0
DA:40,0
DA:42,0
DA:43,0
DA:45,0
DA:50,0
DA:51,0
DA:53,0
DA:55,0
DA:58,0
DA:60,0
DA:61,0
DA:62,0
DA:64,0
DA:65,0
DA:66,0
DA:68,0
DA:70,0
DA:72,0
DA:74,0
DA:75,0
DA:77,0
DA:78,0
DA:79,0
DA:87,0
DA:88,0
DA:94,0
LF:37
LH:0
BRDA:70,0,0,0
BRDA:70,0,1,0
BRDA:74,1,0,0
BRDA:74,1,1,0
BRDA:77,2,0,0
BRDA:77,2,1,0
BRDA:87,3,0,0
BRDA:87,3,1,0
BRF:8
BRH:0
end_of_record
TN:
SF:/home/travis/build/MaibornWolff/codecharta/visualization/app/codeCharta/ui/codeMap/rendering/codeMapMesh.ts
FN:64,(anonymous_0)
FN:79,(anonymous_1)
FN:100,(anonymous_2)
FN:106,(anonymous_3)
FN:111,(anonymous_4)
FN:115,(anonymous_5)
FN:118,(anonymous_6)
FN:129,(anonymous_7)
FN:132,(anonymous_8)
FN:143,(anonymous_9)
FN:148,(anonymous_10)
FN:153,(anonymous_11)
FN:160,(anonymous_12)
FN:167,(anonymous_13)
FN:172,(anonymous_14)
FN:182,(anonymous_15)
FN:188,(anonymous_16)
FNF:17
FNH:0
FNDA:0,(anonymous_0)
FNDA:0,(anonymous_1)
FNDA:0,(anonymous_2)
FNDA:0,(anonymous_3)
FNDA:0,(anonymous_4)
FNDA:0,(anonymous_5)
FNDA:0,(anonymous_6)
FNDA:0,(anonymous_7)
FNDA:0,(anonymous_8)
FNDA:0,(anonymous_9)
FNDA:0,(anonymous_10)
FNDA:0,(anonymous_11)
FNDA:0,(anonymous_12)
FNDA:0,(anonymous_13)
FNDA:0,(anonymous_14)
FNDA:0,(anonymous_15)
FNDA:0,(anonymous_16)
DA:49,0
DA:66,0
DA:68,0
DA:70,0
DA:71,0
DA:73,0
DA:74,0
DA:76,0
DA:82,0
DA:83,0
DA:85,0
DA:88,0
DA:90,0
DA:92,0
DA:101,0
DA:102,0
DA:107,0
DA:108,0
DA:112,0
DA:118,0
DA:120,0
DA:122,0
DA:123,0
DA:126,0
DA:132,0
DA:134,0
DA:136,0
DA:137,0
DA:140,0
DA:145,0
DA:150,0
DA:156,0
DA:157,0
DA:163,0
DA:164,0
DA:169,0
DA:175,0
DA:176,0
DA:177,0
DA:179,0
DA:184,0
DA:185,0
DA:190,0
LF:43
LH:0
BRDA:82,0,0,0
BRDA:82,0,1,0
BRDA:122,1,0,0
BRDA:122,1,1,0
BRDA:136,2,0,0
BRDA:136,2,1,0
BRF:6
BRH:0
end_of_record
TN:
SF:/home/travis/build/MaibornWolff/codecharta/visualization/app/codeCharta/ui/codeMap/rendering/codeMapShaderStrings.ts
FN:8,(anonymous_0)
FNF:1
FNH:1
FNDA:1,(anonymous_0)
DA:9,1
DA:10,1
LF:2
LH:2
BRF:0
BRH:0
end_of_record
TN:
SF:/home/travis/build/MaibornWolff/codecharta/visualization/app/codeCharta/ui/codeMap/rendering/codeMapVertexShader.glsl
FNF:0
FNH:0
DA:1,1
LF:1
LH:1
BRF:0
BRH:0
end_of_record
TN:
SF:/home/travis/build/MaibornWolff/codecharta/visualization/app/codeCharta/ui/codeMap/rendering/geometryGenerator.ts
FN:32,(anonymous_0)
FN:35,(anonymous_1)
FN:58,(anonymous_2)
FN:69,(anonymous_3)
FN:76,(anonymous_4)
FN:99,(anonymous_5)
FN:108,(anonymous_6)
FN:140,(anonymous_7)
FN:167,(anonymous_8)
FNF:9
FNH:0
FNDA:0,(anonymous_0)
FNDA:0,(anonymous_1)
FNDA:0,(anonymous_2)
FNDA:0,(anonymous_3)
FNDA:0,(anonymous_4)
FNDA:0,(anonymous_5)
FNDA:0,(anonymous_6)
FNDA:0,(anonymous_7)
FNDA:0,(anonymous_8)
DA:28,1
DA:36,0
DA:37,0
DA:39,0
DA:41,0
DA:42,0
DA:44,0
DA:45,0
DA:48,0
DA:52,0
DA:59,0
DA:70,0
DA:71,0
DA:73,0
DA:79,0
DA:82,0
DA:84,0
DA:96,0
DA:100,0
DA:101,0
DA:104,0
DA:109,0
DA:110,0
DA:112,0
DA:114,0
DA:116,0
DA:117,0
DA:119,0
DA:120,0
DA:125,0
DA:137,0
DA:141,0
DA:143,0
DA:144,0
DA:146,0
DA:147,0
DA:149,0
DA:150,0
DA:152,0
DA:153,0
DA:156,0
DA:161,0
DA:164,0
DA:168,0
DA:169,0
DA:170,0
DA:172,0
DA:173,0
DA:174,0
DA:175,0
DA:176,0
DA:177,0
DA:179,0
DA:180,0
DA:181,0
DA:182,0
DA:184,0
DA:185,0
DA:186,0
DA:188,0
DA:189,0
DA:191,0
DA:193,0
DA:194,0
DA:195,0
DA:197,0
DA:198,0
DA:201,0
DA:203,0
DA:204,0
DA:207,0
DA:209,0
DA:210,0
DA:211,0
DA:212,0
DA:213,0
DA:214,0
DA:216,0
DA:218,0
LF:79
LH:1
BRDA:44,0,0,0
BRDA:44,0,1,0
BRDA:70,1,0,0
BRDA:70,1,1,0
BRDA:79,2,0,0
BRDA:79,2,1,0
BRDA:79,3,0,0
BRDA:79,3,1,0
BRDA:100,4,0,0
BRDA:100,4,1,0
BRDA:100,5,0,0
BRDA:100,5,1,0
BRDA:116,6,0,0
BRDA:116,6,1,0
BRDA:116,7,0,0
BRDA:116,7,1,0
BRDA:116,7,2,0
BRDA:119,8,0,0
BRDA:119,8,1,0
BRDA:143,9,0,0
BRDA:143,9,1,0
BRDA:146,10,0,0
BRDA:146,10,1,0
BRDA:146,11,0,0
BRDA:146,11,1,0
BRDA:149,12,0,0
BRDA:149,12,1,0
BRDA:150,13,0,0
BRDA:150,13,1,0
BRDA:152,14,0,0
BRDA:152,14,1,0
BRDA:153,15,0,0
BRDA:153,15,1,0
BRF:33
BRH:0
end_of_record
TN:
SF:/home/travis/build/MaibornWolff/codecharta/visualization/app/codeCharta/ui/codeMap/rendering/intermediateVertexData.ts
FN:13,(anonymous_0)
FN:25,(anonymous_1)
FN:36,(anonymous_2)
FNF:3
FNH:3
FNDA:2,(anonymous_0)
FNDA:1,(anonymous_1)
FNDA:2,(anonymous_2)
DA:15,2
DA:16,2
DA:17,2
DA:18,2
DA:19,2
DA:20,2
DA:22,2
DA:26,1
DA:27,1
DA:28,1
DA:29,1
DA:30,1
DA:31,1
DA:33,1
DA:38,2
LF:15
LH:15
BRF:0
BRH:0
end_of_record
TN:
SF:/home/travis/build/MaibornWolff/codecharta/visualization/app/codeCharta/ui/codeMap/rendering/labelManager.ts
FN:15,(anonymous_0)
FN:20,(anonymous_1)
FN:53,(anonymous_2)
FN:60,(anonymous_3)
FN:84,(anonymous_4)
FNF:5
FNH:5
FNDA:6,(anonymous_0)
FNDA:5,(anonymous_1)
FNDA:1,(anonymous_2)
FNDA:1,(anonymous_3)
FNDA:4,(anonymous_4)
DA:16,6
DA:17,6
DA:21,5
DA:23,4
DA:24,4
DA:25,4
DA:27,4
DA:28,4
DA:29,4
DA:31,4
DA:32,4
DA:34,4
DA:38,4
DA:39,4
DA:44,4
DA:46,4
DA:47,4
DA:49,4
DA:54,1
DA:55,1
DA:56,0
DA:61,1
DA:62,2
DA:63,2
DA:64,2
DA:68,2
DA:69,2
DA:70,2
DA:72,2
DA:73,2
DA:74,2
DA:85,4
DA:86,4
DA:87,4
DA:89,4
DA:92,4
DA:93,4
DA:94,4
DA:95,4
DA:98,4
DA:99,4
DA:100,4
DA:101,4
DA:104,4
DA:105,4
DA:106,4
DA:107,4
DA:108,4
DA:110,4
DA:111,4
DA:112,4
DA:114,4
DA:115,4
DA:116,4
DA:118,4
LF:55
LH:54
BRDA:21,0,0,4
BRDA:21,0,1,1
BRDA:21,1,0,5
BRDA:21,1,1,5
BRF:4
BRH:4
end_of_record
TN:
SF:/home/travis/build/MaibornWolff/codecharta/visualization/app/codeCharta/ui/codeMap/rendering/renderSettings.ts
FN:10,getFloorGradient
FN:23,(anonymous_1)
FNF:2
FNH:1
FNDA:0,getFloorGradient
FNDA:5,(anonymous_1)
DA:11,0
DA:14,5
DA:23,5
DA:24,5
DA:25,5
DA:26,5
DA:27,5
DA:28,5
DA:29,5
DA:30,5
DA:31,5
LF:11
LH:10
BRDA:23,0,0,5
BRDA:23,0,1,5
BRF:2
BRH:2
end_of_record
TN:
SF:/home/travis/build/MaibornWolff/codecharta/visualization/app/codeCharta/ui/codeMap/rendering/renderingUtil.ts
FN:7,(anonymous_0)
FN:9,(anonymous_1)
FN:15,(anonymous_2)
FN:24,(anonymous_3)
FN:29,(anonymous_4)
FNF:5
FNH:1
FNDA:0,(anonymous_0)
FNDA:0,(anonymous_1)
FNDA:3,(anonymous_2)
FNDA:0,(anonymous_3)
FNDA:0,(anonymous_4)
DA:8,0
DA:9,0
DA:10,0
DA:12,0
DA:17,3
DA:25,0
DA:30,0
DA:36,0
DA:42,0
DA:43,0
DA:44,0
DA:46,0
DA:47,0
DA:48,0
DA:49,0
DA:51,0
DA:52,0
DA:53,0
DA:54,0
DA:55,0
DA:57,0
LF:21
LH:1
BRF:0
BRH:0
end_of_record
TN:
SF:/home/travis/build/MaibornWolff/codecharta/visualization/app/codeCharta/ui/codeMap/threeViewer/threeCameraService.ts
FN:21,(anonymous_0)
FN:25,(anonymous_1)
FN:37,(anonymous_2)
FN:44,(anonymous_3)
FNF:4
FNH:4
FNDA:35,(anonymous_0)
FNDA:1,(anonymous_1)
FNDA:2,(anonymous_2)
FNDA:1,(anonymous_3)
DA:13,8
DA:15,8
DA:16,8
DA:17,8
DA:26,1
DA:38,2
DA:39,2
DA:40,2
DA:41,2
DA:45,1
LF:10
LH:10
BRF:0
BRH:0
end_of_record
TN:
SF:/home/travis/build/MaibornWolff/codecharta/visualization/app/codeCharta/ui/codeMap/threeViewer/threeOrbitControlsService.ts
FN:23,(anonymous_0)
FN:29,(anonymous_1)
FN:50,(anonymous_2)
FN:51,(anonymous_3)
FN:60,(anonymous_4)
FN:64,(anonymous_5)
FN:73,(anonymous_6)
FNF:7
FNH:3
FNDA:31,(anonymous_0)
FNDA:0,(anonymous_1)
FNDA:30,(anonymous_2)
FNDA:1,(anonymous_3)
FNDA:0,(anonymous_4)
FNDA:0,(anonymous_5)
FNDA:0,(anonymous_6)
DA:17,9
DA:18,9
DA:24,31
DA:25,31
DA:26,31
DA:31,0
DA:33,0
DA:34,0
DA:35,0
DA:36,0
DA:38,0
DA:39,0
DA:41,0
DA:42,0
DA:43,0
DA:44,0
DA:46,0
DA:51,30
DA:52,1
DA:61,0
DA:62,0
DA:63,0
DA:64,0
DA:65,0
DA:74,0
LF:25
LH:7
BRDA:29,0,0,0
BRF:1
BRH:0
end_of_record
TN:
SF:/home/travis/build/MaibornWolff/codecharta/visualization/app/codeCharta/ui/codeMap/threeViewer/threeRendererService.ts
FN:29,(anonymous_0)
FN:37,(anonymous_1)
FN:46,(anonymous_2)
FN:54,(anonymous_3)
FNF:4
FNH:1
FNDA:4,(anonymous_0)
FNDA:0,(anonymous_1)
FNDA:0,(anonymous_2)
FNDA:0,(anonymous_3)
DA:10,7
DA:12,7
DA:17,7
DA:19,7
DA:21,7
DA:30,4
DA:38,0
DA:39,0
DA:40,0
DA:41,0
DA:42,0
DA:43,0
DA:47,0
DA:48,0
DA:50,0
DA:55,0
DA:56,0
LF:17
LH:6
BRDA:47,0,0,0
BRDA:47,0,1,0
BRF:2
BRH:0
end_of_record
TN:
SF:/home/travis/build/MaibornWolff/codecharta/visualization/app/codeCharta/ui/codeMap/threeViewer/threeSceneService.ts
FN:22,(anonymous_0)
FN:40,(anonymous_1)
FN:67,(anonymous_2)
FN:83,(anonymous_3)
FNF:4
FNH:2
FNDA:32,(anonymous_0)
FNDA:32,(anonymous_1)
FNDA:0,(anonymous_2)
FNDA:0,(anonymous_3)
DA:13,7
DA:24,32
DA:26,32
DA:27,32
DA:28,32
DA:29,32
DA:31,32
DA:33,32
DA:34,32
DA:35,32
DA:36,32
DA:41,32
DA:42,32
DA:43,32
DA:44,32
DA:45,32
DA:46,32
DA:47,32
DA:48,32
DA:49,32
DA:50,32
DA:52,32
DA:53,32
DA:54,32
DA:55,32
DA:56,32
DA:57,32
DA:58,32
DA:59,32
DA:60,32
DA:62,32
DA:63,32
DA:64,32
DA:68,0
DA:70,0
DA:71,0
DA:76,0
DA:78,0
DA:79,0
DA:80,0
DA:84,0
LF:41
LH:33
BRF:0
BRH:0
end_of_record
TN:
SF:/home/travis/build/MaibornWolff/codecharta/visualization/app/codeCharta/ui/codeMap/threeViewer/threeUpdateCycleService.ts
FN:10,(anonymous_0)
FN:13,(anonymous_1)
FN:20,(anonymous_2)
FN:21,(anonymous_3)
FNF:4
FNH:3
FNDA:6,(anonymous_0)
FNDA:0,(anonymous_1)
FNDA:1,(anonymous_2)
FNDA:2,(anonymous_3)
DA:6,7
DA:8,6
DA:14,0
DA:21,1
DA:22,2
LF:5
LH:4
BRF:0
BRH:0
end_of_record
TN:
SF:/home/travis/build/MaibornWolff/codecharta/visualization/app/codeCharta/ui/codeMap/threeViewer/threeViewer.ts
FNF:0
FNH:0
DA:11,6
LF:1
LH:1
BRF:0
BRH:0
end_of_record
TN:
SF:/home/travis/build/MaibornWolff/codecharta/visualization/app/codeCharta/ui/codeMap/threeViewer/threeViewerService.ts
FN:17,(anonymous_0)
FN:32,(anonymous_1)
FN:62,(anonymous_2)
FN:73,(anonymous_3)
FNF:4
FNH:4
FNDA:4,(anonymous_0)
FNDA:1,(anonymous_1)
FNDA:1,(anonymous_2)
FNDA:1,(anonymous_3)
DA:14,7
DA:18,4
DA:19,4
DA:20,4
DA:21,4
DA:22,4
DA:23,4
DA:34,1
DA:43,1
DA:44,1
DA:47,1
DA:50,1
DA:53,1
DA:56,1
DA:63,1
DA:65,1
DA:66,1
DA:67,1
DA:74,1
DA:75,1
DA:76,1
DA:77,1
LF:22
LH:22
BRF:0
BRH:0
end_of_record
TN:
SF:/home/travis/build/MaibornWolff/codecharta/visualization/app/codeCharta/ui/colorSettingsPanel/colorSettingsPanel.component.html
FNF:0
FNH:0
DA:1,1
LF:1
LH:1
BRF:0
BRH:0
end_of_record
TN:
SF:/home/travis/build/MaibornWolff/codecharta/visualization/app/codeCharta/ui/colorSettingsPanel/colorSettingsPanel.component.ts
FN:13,(anonymous_0)
FN:20,(anonymous_1)
FN:26,(anonymous_2)
FNF:3
FNH:3
FNDA:4,(anonymous_0)
FNDA:5,(anonymous_1)
FNDA:2,(anonymous_2)
DA:6,4
DA:14,4
DA:16,4
DA:17,4
DA:21,5
DA:22,5
DA:23,5
DA:27,2
DA:28,2
DA:29,2
DA:34,1
LF:11
LH:11
BRF:0
BRH:0
end_of_record
TN:
SF:/home/travis/build/MaibornWolff/codecharta/visualization/app/codeCharta/ui/dialog/dialog.service.ts
FN:9,(anonymous_0)
FN:12,(anonymous_1)
FN:16,(anonymous_2)
FN:22,(anonymous_3)
FN:36,(anonymous_4)
FNF:5
FNH:1
FNDA:8,(anonymous_0)
FNDA:0,(anonymous_1)
FNDA:0,(anonymous_2)
FNDA:0,(anonymous_3)
FNDA:0,(anonymous_4)
DA:6,10
DA:9,8
DA:13,0
DA:17,0
DA:27,0
DA:44,0
DA:51,0
LF:7
LH:2
BRDA:23,0,0,0
BRDA:24,1,0,0
BRDA:25,2,0,0
BRDA:39,3,0,0
BRDA:40,4,0,0
BRDA:41,5,0,0
BRF:6
BRH:0
end_of_record
TN:
SF:/home/travis/build/MaibornWolff/codecharta/visualization/app/codeCharta/ui/dialog/dialog.ts
FNF:0
FNH:0
DA:7,8
DA:9,8
LF:2
LH:2
BRF:0
BRH:0
end_of_record
TN:
SF:/home/travis/build/MaibornWolff/codecharta/visualization/app/codeCharta/ui/dialog/queryParam.dialog.html
FNF:0
FNH:0
DA:1,10
LF:1
LH:1
BRF:0
BRH:0
end_of_record
TN:
SF:/home/travis/build/MaibornWolff/codecharta/visualization/app/codeCharta/ui/dialog/queryParam.dialog.ts
FN:7,(anonymous_0)
FN:11,(anonymous_1)
FNF:2
FNH:0
FNDA:0,(anonymous_0)
FNDA:0,(anonymous_1)
DA:7,0
DA:8,0
DA:12,0
DA:17,10
LF:4
LH:1
BRF:0
BRH:0
end_of_record
TN:
SF:/home/travis/build/MaibornWolff/codecharta/visualization/app/codeCharta/ui/displaySettingsPanel/displaySettingsPanel.component.html
FNF:0
FNH:0
DA:1,1
LF:1
LH:1
BRF:0
BRH:0
end_of_record
TN:
SF:/home/travis/build/MaibornWolff/codecharta/visualization/app/codeCharta/ui/displaySettingsPanel/displaySettingsPanel.component.ts
FN:13,(anonymous_0)
FN:20,(anonymous_1)
FN:26,(anonymous_2)
FN:32,(anonymous_3)
FNF:4
FNH:3
FNDA:4,(anonymous_0)
FNDA:5,(anonymous_1)
FNDA:2,(anonymous_2)
FNDA:0,(anonymous_3)
DA:6,4
DA:14,4
DA:16,4
DA:17,4
DA:21,5
DA:22,5
DA:23,5
DA:27,2
DA:28,2
DA:29,2
DA:33,0
DA:34,0
DA:38,1
LF:13
LH:11
BRF:0
BRH:0
end_of_record
TN:
SF:/home/travis/build/MaibornWolff/codecharta/visualization/app/codeCharta/ui/fileChooser/fileChooserController.ts
FN:21,(anonymous_0)
FN:35,(anonymous_1)
FN:38,(anonymous_2)
FN:41,(anonymous_3)
FN:44,(anonymous_4)
FN:61,(anonymous_5)
FN:85,(anonymous_6)
FN:88,(anonymous_7)
FN:98,(anonymous_8)
FN:109,(anonymous_9)
FNF:10
FNH:8
FNDA:10,(anonymous_0)
FNDA:2,(anonymous_1)
FNDA:2,(anonymous_2)
FNDA:0,(anonymous_3)
FNDA:0,(anonymous_4)
FNDA:6,(anonymous_5)
FNDA:6,(anonymous_6)
FNDA:5,(anonymous_7)
FNDA:1,(anonymous_8)
FNDA:2,(anonymous_9)
DA:22,10
DA:23,10
DA:24,10
DA:25,10
DA:26,10
DA:27,10
DA:36,2
DA:37,2
DA:38,2
DA:39,2
DA:40,2
DA:41,0
DA:42,0
DA:43,0
DA:44,0
DA:45,0
DA:47,0
DA:62,6
DA:65,6
DA:66,6
DA:69,1
DA:70,1
DA:71,1
DA:74,5
DA:75,5
DA:86,6
DA:87,6
DA:90,5
DA:91,5
DA:92,5
DA:94,5
DA:95,5
DA:99,1
DA:110,2
LF:34
LH:28
BRDA:94,0,0,5
BRDA:94,0,1,0
BRDA:94,1,0,5
BRDA:94,1,1,0
BRF:4
BRH:2
end_of_record
TN:
SF:/home/travis/build/MaibornWolff/codecharta/visualization/app/codeCharta/ui/mapTreeView/mapTreeViewLevel.html
FNF:0
FNH:0
DA:1,2
LF:1
LH:1
BRF:0
BRH:0
end_of_record
TN:
SF:/home/travis/build/MaibornWolff/codecharta/visualization/app/codeCharta/ui/mapTreeView/mapTreeViewLevelComponent.ts
FN:22,(anonymous_0)
FN:29,(anonymous_1)
FN:30,(anonymous_2)
FN:31,(anonymous_3)
FN:34,(anonymous_4)
FN:41,(anonymous_5)
FN:45,(anonymous_6)
FN:49,(anonymous_7)
FN:54,(anonymous_8)
FN:58,(anonymous_9)
FN:62,(anonymous_10)
FN:66,(anonymous_11)
FN:70,(anonymous_12)
FNF:13
FNH:0
FNDA:0,(anonymous_0)
FNDA:0,(anonymous_1)
FNDA:0,(anonymous_2)
FNDA:0,(anonymous_3)
FNDA:0,(anonymous_4)
FNDA:0,(anonymous_5)
FNDA:0,(anonymous_6)
FNDA:0,(anonymous_7)
FNDA:0,(anonymous_8)
FNDA:0,(anonymous_9)
FNDA:0,(anonymous_10)
FNDA:0,(anonymous_11)
FNDA:0,(anonymous_12)
DA:17,0
DA:18,0
DA:19,0
DA:23,0
DA:24,0
DA:30,0
DA:31,0
DA:35,0
DA:36,0
DA:38,0
DA:42,0
DA:46,0
DA:50,0
DA:51,0
DA:55,0
DA:59,0
DA:63,0
DA:67,0
DA:71,0
DA:72,0
DA:74,0
DA:80,2
LF:22
LH:1
BRDA:35,0,0,0
BRDA:35,0,1,0
BRDA:38,1,0,0
BRDA:38,1,1,0
BRDA:66,2,0,0
BRDA:67,3,0,0
BRDA:67,3,1,0
BRDA:67,3,2,0
BRDA:71,4,0,0
BRDA:71,4,1,0
BRDA:71,5,0,0
BRDA:71,5,1,0
BRDA:71,5,2,0
BRF:13
BRH:0
end_of_record
TN:
SF:/home/travis/build/MaibornWolff/codecharta/visualization/app/codeCharta/ui/metricChooser/metricChooser.area.component.html
FNF:0
FNH:0
DA:1,1
LF:1
LH:1
BRF:0
BRH:0
end_of_record
TN:
SF:/home/travis/build/MaibornWolff/codecharta/visualization/app/codeCharta/ui/metricChooser/metricChooser.color.component.html
FNF:0
FNH:0
DA:1,1
LF:1
LH:1
BRF:0
BRH:0
end_of_record
TN:
SF:/home/travis/build/MaibornWolff/codecharta/visualization/app/codeCharta/ui/metricChooser/metricChooser.component.ts
FN:27,(anonymous_0)
FN:47,(anonymous_1)
FN:51,(anonymous_2)
FN:55,(anonymous_3)
FN:58,(anonymous_4)
FN:89,(anonymous_5)
FN:92,(anonymous_6)
FNF:7
FNH:4
FNDA:11,(anonymous_0)
FNDA:1,(anonymous_1)
FNDA:1,(anonymous_2)
FNDA:0,(anonymous_3)
FNDA:7,(anonymous_4)
FNDA:0,(anonymous_5)
FNDA:0,(anonymous_6)
DA:28,11
DA:29,11
DA:30,11
DA:33,11
DA:34,11
DA:35,11
DA:36,11
DA:44,11
DA:48,1
DA:52,1
DA:60,7
DA:61,3
DA:62,3
DA:63,3
DA:65,3
DA:67,0
DA:68,0
DA:69,0
DA:71,0
DA:74,3
DA:75,3
DA:76,3
DA:77,3
DA:80,4
DA:81,4
DA:82,4
DA:83,4
DA:84,4
DA:85,4
DA:93,0
DA:98,0
DA:99,0
DA:100,0
DA:101,0
DA:103,0
DA:109,1
DA:115,1
DA:121,1
LF:38
LH:28
BRDA:60,0,0,3
BRDA:60,0,1,4
BRDA:60,1,0,7
BRDA:60,1,1,6
BRDA:60,1,2,5
BRDA:60,1,3,4
BRDA:65,2,0,0
BRDA:65,2,1,3
BRDA:98,3,0,0
BRDA:98,3,1,0
BRDA:100,4,0,0
BRDA:100,4,1,0
BRF:12
BRH:7
end_of_record
TN:
SF:/home/travis/build/MaibornWolff/codecharta/visualization/app/codeCharta/ui/metricChooser/metricChooser.height.component.html
FNF:0
FNH:0
DA:1,1
LF:1
LH:1
BRF:0
BRH:0
end_of_record
TN:
SF:/home/travis/build/MaibornWolff/codecharta/visualization/app/codeCharta/ui/nodeContextMenu/nodeContextMenu.component.html
FNF:0
FNH:0
DA:1,3
LF:1
LH:1
BRF:0
BRH:0
end_of_record
TN:
SF:/home/travis/build/MaibornWolff/codecharta/visualization/app/codeCharta/ui/nodeContextMenu/nodeContextMenu.component.ts
FN:16,(anonymous_0)
FN:22,(anonymous_1)
FN:25,(anonymous_2)
FN:30,(anonymous_3)
FN:34,(anonymous_4)
FN:38,(anonymous_5)
FN:39,(anonymous_6)
FN:41,(anonymous_7)
FN:42,(anonymous_8)
FN:53,(anonymous_9)
FN:58,(anonymous_10)
FN:66,(anonymous_11)
FN:73,(anonymous_12)
FN:78,(anonymous_13)
FN:83,(anonymous_14)
FN:88,(anonymous_15)
FN:93,(anonymous_16)
FN:94,(anonymous_17)
FN:99,(anonymous_18)
FN:101,(anonymous_19)
FN:109,(anonymous_20)
FNF:21
FNH:0
FNDA:0,(anonymous_0)
FNDA:0,(anonymous_1)
FNDA:0,(anonymous_2)
FNDA:0,(anonymous_3)
FNDA:0,(anonymous_4)
FNDA:0,(anonymous_5)
FNDA:0,(anonymous_6)
FNDA:0,(anonymous_7)
FNDA:0,(anonymous_8)
FNDA:0,(anonymous_9)
FNDA:0,(anonymous_10)
FNDA:0,(anonymous_11)
FNDA:0,(anonymous_12)
FNDA:0,(anonymous_13)
FNDA:0,(anonymous_14)
FNDA:0,(anonymous_15)
FNDA:0,(anonymous_16)
FNDA:0,(anonymous_17)
FNDA:0,(anonymous_18)
FNDA:0,(anonymous_19)
FNDA:0,(anonymous_20)
DA:13,0
DA:16,0
DA:17,0
DA:18,0
DA:19,0
DA:20,0
DA:21,0
DA:22,0
DA:23,0
DA:25,0
DA:26,0
DA:31,0
DA:35,0
DA:39,0
DA:40,0
DA:42,0
DA:43,0
DA:44,0
DA:45,0
DA:46,0
DA:47,0
DA:48,0
DA:54,0
DA:55,0
DA:59,0
DA:60,0
DA:62,0
DA:67,0
DA:74,0
DA:75,0
DA:79,0
DA:80,0
DA:84,0
DA:85,0
DA:89,0
DA:90,0
DA:94,0
DA:95,0
DA:100,0
DA:101,0
DA:102,0
DA:103,0
DA:106,0
DA:110,0
DA:115,3
LF:45
LH:1
BRDA:59,0,0,0
BRDA:59,0,1,0
BRDA:67,1,0,0
BRDA:67,1,1,0
BRDA:67,1,2,0
BRDA:67,1,3,0
BRDA:102,2,0,0
BRDA:102,2,1,0
BRDA:110,3,0,0
BRDA:110,3,1,0
BRDA:110,3,2,0
BRF:11
BRH:0
end_of_record
TN:
SF:/home/travis/build/MaibornWolff/codecharta/visualization/app/codeCharta/ui/rangeSlider/rangeSlider.component.html
FNF:0
FNH:0
DA:1,1
LF:1
LH:1
BRF:0
BRH:0
end_of_record
TN:
SF:/home/travis/build/MaibornWolff/codecharta/visualization/app/codeCharta/ui/rangeSlider/rangeSlider.component.ts
FN:11,(anonymous_0)
FN:18,(anonymous_1)
FN:24,(anonymous_2)
FN:28,(anonymous_3)
FN:38,(anonymous_4)
FN:49,(anonymous_5)
FN:58,(anonymous_6)
FNF:7
FNH:4
FNDA:5,(anonymous_0)
FNDA:1,(anonymous_1)
FNDA:0,(anonymous_2)
FNDA:7,(anonymous_3)
FNDA:0,(anonymous_4)
FNDA:0,(anonymous_5)
FNDA:1,(anonymous_6)
DA:11,5
DA:12,5
DA:15,5
DA:16,5
DA:18,5
DA:19,1
DA:25,0
DA:29,7
DA:39,0
DA:41,0
DA:44,0
DA:46,0
DA:50,0
DA:53,0
DA:55,0
DA:59,1
DA:64,1
LF:17
LH:9
BRDA:28,0,0,7
BRF:1
BRH:1
end_of_record
TN:
SF:/home/travis/build/MaibornWolff/codecharta/visualization/app/codeCharta/ui/resetSettingsButton/resetSettingsButton.component.html
FNF:0
FNH:0
DA:1,1
LF:1
LH:1
BRF:0
BRH:0
end_of_record
TN:
SF:/home/travis/build/MaibornWolff/codecharta/visualization/app/codeCharta/ui/resetSettingsButton/resetSettingsButton.component.ts
FN:10,(anonymous_0)
FN:17,(anonymous_1)
FN:21,(anonymous_2)
FN:26,(anonymous_3)
FN:35,(anonymous_4)
FNF:5
FNH:5
FNDA:11,(anonymous_0)
FNDA:1,(anonymous_1)
FNDA:10,(anonymous_2)
FNDA:17,(anonymous_3)
FNDA:12,(anonymous_4)
DA:7,11
DA:11,11
DA:12,11
DA:18,1
DA:22,10
DA:23,10
DA:24,10
DA:26,10
DA:28,17
DA:30,17
DA:32,5
DA:33,5
DA:35,5
DA:37,12
DA:39,9
DA:40,3
DA:42,6
DA:43,6
DA:49,12
DA:55,10
DA:62,1
LF:21
LH:21
BRDA:21,0,0,10
BRDA:30,1,0,5
BRDA:30,1,1,12
BRDA:37,2,0,9
BRDA:37,2,1,3
BRDA:37,3,0,12
BRDA:37,3,1,9
BRDA:39,4,0,3
BRDA:39,4,1,6
BRF:9
BRH:9
end_of_record
TN:
SF:/home/travis/build/MaibornWolff/codecharta/visualization/app/codeCharta/ui/revisionChooser/revisionChooser.html
FNF:0
FNH:0
DA:1,1
LF:1
LH:1
BRF:0
BRH:0
end_of_record
TN:
SF:/home/travis/build/MaibornWolff/codecharta/visualization/app/codeCharta/ui/revisionChooser/revisionChooserComponent.ts
FN:26,(anonymous_0)
FN:36,(anonymous_1)
FN:42,(anonymous_2)
FN:48,(anonymous_3)
FN:52,(anonymous_4)
FN:56,(anonymous_5)
FNF:6
FNH:2
FNDA:5,(anonymous_0)
FNDA:0,(anonymous_1)
FNDA:1,(anonymous_2)
FNDA:0,(anonymous_3)
FNDA:0,(anonymous_4)
FNDA:0,(anonymous_5)
DA:13,5
DA:27,5
DA:28,5
DA:29,5
DA:31,5
DA:32,5
DA:33,5
DA:34,5
DA:35,5
DA:36,5
DA:37,0
DA:43,1
DA:44,1
DA:45,1
DA:49,0
DA:53,0
DA:57,0
DA:59,0
DA:60,0
DA:61,0
DA:62,0
DA:66,0
DA:67,0
DA:68,0
DA:69,0
DA:73,0
DA:74,0
DA:75,0
DA:76,0
DA:80,0
DA:88,1
DA:93,1
LF:32
LH:15
BRDA:58,0,0,0
BRDA:58,0,1,0
BRDA:58,0,2,0
BRDA:58,0,3,0
BRF:4
BRH:0
end_of_record
TN:
SF:/home/travis/build/MaibornWolff/codecharta/visualization/app/codeCharta/ui/revisionChooser/revisionChooserFileDropDown.html
FNF:0
FNH:0
DA:1,1
LF:1
LH:1
BRF:0
BRH:0
end_of_record
TN:
SF:/home/travis/build/MaibornWolff/codecharta/visualization/app/codeCharta/ui/scenarioButtons/scenarioButtons.html
FNF:0
FNH:0
DA:1,1
LF:1
LH:1
BRF:0
BRH:0
end_of_record
TN:
SF:/home/travis/build/MaibornWolff/codecharta/visualization/app/codeCharta/ui/scenarioButtons/scenarioButtonsComponent.ts
FN:25,(anonymous_0)
FN:36,(anonymous_1)
FN:40,(anonymous_2)
FN:44,(anonymous_3)
FN:48,(anonymous_4)
FN:57,(anonymous_5)
FN:65,(anonymous_6)
FN:70,(anonymous_7)
FNF:8
FNH:7
FNDA:7,(anonymous_0)
FNDA:7,(anonymous_1)
FNDA:1,(anonymous_2)
FNDA:1,(anonymous_3)
FNDA:1,(anonymous_4)
FNDA:2,(anonymous_5)
FNDA:1,(anonymous_6)
FNDA:0,(anonymous_7)
DA:15,7
DA:25,7
DA:26,7
DA:27,7
DA:28,7
DA:29,7
DA:30,7
DA:31,7
DA:32,7
DA:33,7
DA:37,7
DA:41,1
DA:45,1
DA:49,1
DA:58,2
DA:66,1
DA:67,1
DA:71,0
DA:72,0
DA:76,1
DA:81,1
LF:21
LH:19
BRF:0
BRH:0
end_of_record
TN:
SF:/home/travis/build/MaibornWolff/codecharta/visualization/app/codeCharta/ui/scenarioButtons/scenarioDropDown.html
FNF:0
FNH:0
DA:1,1
LF:1
LH:1
BRF:0
BRH:0
end_of_record
TN:
SF:/home/travis/build/MaibornWolff/codecharta/visualization/mocks/ng.mockhelper.ts
FNF:0
FNH:0
DA:5,14
DA:6,14
LF:2
LH:2
BRF:0
BRH:0
end_of_record
TN:
SF:/home/travis/build/MaibornWolff/codecharta/visualization/mocks/styleMock.js
FNF:0
FNH:0
DA:1,10
LF:1
LH:1
BRF:0
BRH:0
end_of_record
